TN:
SF:controllers/admin_controller.js
FN:17,(anonymous_0)
FN:24,(anonymous_1)
FN:38,(anonymous_2)
FN:55,(anonymous_3)
FN:88,(anonymous_4)
FN:103,(anonymous_5)
FN:120,(anonymous_6)
FN:147,(anonymous_7)
FN:166,(anonymous_8)
FN:183,(anonymous_9)
FN:202,(anonymous_10)
FNF:11
FNH:0
FNDA:0,(anonymous_0)
FNDA:0,(anonymous_1)
FNDA:0,(anonymous_2)
FNDA:0,(anonymous_3)
FNDA:0,(anonymous_4)
FNDA:0,(anonymous_5)
FNDA:0,(anonymous_6)
FNDA:0,(anonymous_7)
FNDA:0,(anonymous_8)
FNDA:0,(anonymous_9)
FNDA:0,(anonymous_10)
DA:1,2
DA:2,2
DA:3,2
DA:4,2
DA:5,2
DA:6,2
DA:7,2
DA:8,2
DA:9,2
DA:10,2
DA:11,2
DA:12,2
DA:17,2
DA:18,0
DA:24,2
DA:25,0
DA:29,0
DA:30,0
DA:32,0
DA:38,2
DA:39,0
DA:41,0
DA:42,0
DA:45,0
DA:47,0
DA:49,0
DA:55,2
DA:56,0
DA:58,0
DA:59,0
DA:64,0
DA:68,0
DA:69,0
DA:74,0
DA:76,0
DA:77,0
DA:80,0
DA:82,0
DA:88,2
DA:89,0
DA:94,0
DA:103,2
DA:104,0
DA:109,0
DA:110,0
DA:114,0
DA:120,2
DA:121,0
DA:125,0
DA:126,0
DA:129,0
DA:130,0
DA:134,0
DA:135,0
DA:138,0
DA:139,0
DA:141,0
DA:147,2
DA:148,0
DA:152,0
DA:153,0
DA:160,0
DA:166,2
DA:167,0
DA:171,0
DA:172,0
DA:177,0
DA:183,2
DA:184,0
DA:188,0
DA:189,0
DA:196,0
DA:202,2
DA:203,0
DA:214,0
DA:215,0
DA:220,0
LF:77
LH:23
BRDA:29,0,0,0
BRDA:29,0,1,0
BRDA:41,1,0,0
BRDA:41,1,1,0
BRDA:58,2,0,0
BRDA:58,2,1,0
BRDA:58,3,0,0
BRDA:58,3,1,0
BRDA:68,4,0,0
BRDA:68,4,1,0
BRDA:76,5,0,0
BRDA:76,5,1,0
BRDA:109,6,0,0
BRDA:109,6,1,0
BRDA:125,7,0,0
BRDA:125,7,1,0
BRDA:129,8,0,0
BRDA:129,8,1,0
BRDA:134,9,0,0
BRDA:134,9,1,0
BRDA:152,10,0,0
BRDA:152,10,1,0
BRDA:171,11,0,0
BRDA:171,11,1,0
BRDA:188,12,0,0
BRDA:188,12,1,0
BRDA:214,13,0,0
BRDA:214,13,1,0
BRF:28
BRH:0
end_of_record
TN:
SF:controllers/auth_controller.js
FN:16,(anonymous_0)
FN:53,(anonymous_1)
FN:68,(anonymous_2)
FN:115,(anonymous_3)
FN:147,(anonymous_4)
FN:200,(anonymous_5)
FNF:6
FNH:1
FNDA:1,(anonymous_0)
FNDA:0,(anonymous_1)
FNDA:0,(anonymous_2)
FNDA:0,(anonymous_3)
FNDA:0,(anonymous_4)
FNDA:0,(anonymous_5)
DA:1,2
DA:2,2
DA:3,2
DA:4,2
DA:5,2
DA:6,2
DA:7,2
DA:8,2
DA:9,2
DA:10,2
DA:11,2
DA:16,2
DA:17,1
DA:19,1
DA:20,0
DA:25,1
DA:29,1
DA:30,0
DA:35,1
DA:37,1
DA:38,0
DA:43,1
DA:44,0
DA:47,1
DA:53,2
DA:54,0
DA:59,0
DA:68,2
DA:69,0
DA:70,0
DA:72,0
DA:74,0
DA:76,0
DA:77,0
DA:81,0
DA:84,0
DA:86,0
DA:90,0
DA:92,0
DA:94,0
DA:96,0
DA:97,0
DA:99,0
DA:100,0
DA:102,0
DA:104,0
DA:115,2
DA:117,0
DA:122,0
DA:131,0
DA:132,0
DA:136,0
DA:137,0
DA:138,0
DA:139,0
DA:141,0
DA:147,2
DA:149,0
DA:154,0
DA:160,0
DA:161,0
DA:164,0
DA:168,0
DA:170,0
DA:172,0
DA:173,0
DA:175,0
DA:176,0
DA:178,0
DA:182,0
DA:184,0
DA:186,0
DA:189,0
DA:190,0
DA:191,0
DA:192,0
DA:194,0
DA:200,2
DA:201,0
DA:205,0
DA:206,0
DA:209,0
DA:210,0
DA:214,0
DA:215,0
DA:218,0
DA:219,0
DA:221,0
LF:88
LH:25
BRDA:19,0,0,0
BRDA:19,0,1,1
BRDA:19,1,0,1
BRDA:19,1,1,1
BRDA:29,2,0,0
BRDA:29,2,1,1
BRDA:37,3,0,0
BRDA:37,3,1,1
BRDA:43,4,0,0
BRDA:43,4,1,1
BRDA:72,5,0,0
BRDA:72,5,1,0
BRDA:76,6,0,0
BRDA:76,6,1,0
BRDA:131,7,0,0
BRDA:131,7,1,0
BRDA:160,8,0,0
BRDA:160,8,1,0
BRDA:164,9,0,0
BRDA:164,9,1,0
BRDA:165,10,0,0
BRDA:165,10,1,0
BRDA:205,11,0,0
BRDA:205,11,1,0
BRDA:209,12,0,0
BRDA:209,12,1,0
BRDA:214,13,0,0
BRDA:214,13,1,0
BRF:28
BRH:6
end_of_record
TN:
SF:controllers/cartItem_controller.js
FN:10,(anonymous_0)
FN:20,(anonymous_1)
FN:36,(anonymous_2)
FN:72,(anonymous_3)
FN:94,(anonymous_4)
FNF:5
FNH:0
FNDA:0,(anonymous_0)
FNDA:0,(anonymous_1)
FNDA:0,(anonymous_2)
FNDA:0,(anonymous_3)
FNDA:0,(anonymous_4)
DA:1,2
DA:2,2
DA:3,2
DA:4,2
DA:5,2
DA:10,2
DA:11,0
DA:12,0
DA:14,0
DA:20,2
DA:21,0
DA:26,0
DA:27,0
DA:30,0
DA:36,2
DA:37,0
DA:38,0
DA:39,0
DA:44,0
DA:45,0
DA:46,0
DA:47,0
DA:48,0
DA:49,0
DA:53,0
DA:54,0
DA:55,0
DA:57,0
DA:60,0
DA:62,0
DA:63,0
DA:66,0
DA:72,2
DA:73,0
DA:79,0
DA:80,0
DA:88,0
DA:94,2
DA:95,0
DA:100,0
DA:101,0
DA:109,0
LF:42
LH:10
BRDA:11,0,0,0
BRDA:11,0,1,0
BRDA:26,1,0,0
BRDA:26,1,1,0
BRDA:45,2,0,0
BRDA:45,2,1,0
BRDA:48,3,0,0
BRDA:48,3,1,0
BRDA:53,4,0,0
BRDA:53,4,1,0
BRDA:62,5,0,0
BRDA:62,5,1,0
BRDA:79,6,0,0
BRDA:79,6,1,0
BRDA:100,7,0,0
BRDA:100,7,1,0
BRF:16
BRH:0
end_of_record
TN:
SF:controllers/cartOrderAccess_controller.js
FN:10,(anonymous_0)
FN:17,(anonymous_1)
FN:26,(anonymous_2)
FN:66,(anonymous_3)
FN:81,(anonymous_4)
FNF:5
FNH:0
FNDA:0,(anonymous_0)
FNDA:0,(anonymous_1)
FNDA:0,(anonymous_2)
FNDA:0,(anonymous_3)
FNDA:0,(anonymous_4)
DA:1,2
DA:2,2
DA:3,2
DA:4,2
DA:5,2
DA:10,2
DA:11,0
DA:17,2
DA:18,0
DA:20,0
DA:26,2
DA:27,0
DA:29,0
DA:30,0
DA:32,0
DA:34,0
DA:35,0
DA:36,0
DA:38,0
DA:43,0
DA:45,0
DA:46,0
DA:47,0
DA:48,0
DA:49,0
DA:51,0
DA:53,0
DA:54,0
DA:56,0
DA:57,0
DA:60,0
DA:66,2
DA:67,0
DA:72,0
DA:73,0
DA:75,0
DA:81,2
DA:82,0
DA:86,0
DA:87,0
DA:94,0
LF:41
LH:10
BRDA:86,0,0,0
BRDA:86,0,1,0
BRF:2
BRH:0
end_of_record
TN:
SF:controllers/cart_controller.js
FN:11,(anonymous_0)
FN:21,(anonymous_1)
FN:61,(anonymous_2)
FN:80,(anonymous_3)
FN:102,(anonymous_4)
FNF:5
FNH:0
FNDA:0,(anonymous_0)
FNDA:0,(anonymous_1)
FNDA:0,(anonymous_2)
FNDA:0,(anonymous_3)
FNDA:0,(anonymous_4)
DA:1,2
DA:2,2
DA:3,2
DA:4,2
DA:5,2
DA:6,2
DA:11,2
DA:12,0
DA:13,0
DA:15,0
DA:21,2
DA:22,0
DA:50,0
DA:51,0
DA:54,0
DA:61,2
DA:62,0
DA:64,0
DA:66,0
DA:67,0
DA:74,0
DA:80,2
DA:81,0
DA:88,0
DA:89,0
DA:96,0
DA:102,2
DA:103,0
DA:107,0
DA:108,0
DA:116,0
DA:118,0
DA:120,0
LF:33
LH:11
BRDA:12,0,0,0
BRDA:12,0,1,0
BRDA:50,1,0,0
BRDA:50,1,1,0
BRDA:50,2,0,0
BRDA:50,2,1,0
BRDA:66,3,0,0
BRDA:66,3,1,0
BRDA:88,4,0,0
BRDA:88,4,1,0
BRDA:107,5,0,0
BRDA:107,5,1,0
BRF:12
BRH:0
end_of_record
TN:
SF:controllers/guest_controller.js
FN:10,(anonymous_0)
FN:17,(anonymous_1)
FN:26,(anonymous_2)
FN:64,(anonymous_3)
FN:85,(anonymous_4)
FNF:5
FNH:0
FNDA:0,(anonymous_0)
FNDA:0,(anonymous_1)
FNDA:0,(anonymous_2)
FNDA:0,(anonymous_3)
FNDA:0,(anonymous_4)
DA:1,2
DA:2,2
DA:3,2
DA:4,2
DA:5,2
DA:10,2
DA:11,0
DA:17,2
DA:18,0
DA:20,0
DA:26,2
DA:27,0
DA:28,0
DA:29,0
DA:32,0
DA:33,0
DA:34,0
DA:36,0
DA:41,0
DA:44,0
DA:45,0
DA:46,0
DA:47,0
DA:49,0
DA:51,0
DA:52,0
DA:54,0
DA:55,0
DA:58,0
DA:64,2
DA:65,0
DA:70,0
DA:71,0
DA:79,0
DA:85,2
DA:86,0
DA:92,0
DA:93,0
DA:101,0
LF:39
LH:10
BRDA:70,0,0,0
BRDA:70,0,1,0
BRDA:70,1,0,0
BRDA:70,1,1,0
BRDA:92,2,0,0
BRDA:92,2,1,0
BRF:6
BRH:0
end_of_record
TN:
SF:controllers/orderItem_controller.js
FN:10,(anonymous_0)
FN:20,(anonymous_1)
FN:40,(anonymous_2)
FN:72,(anonymous_3)
FN:100,(anonymous_4)
FNF:5
FNH:0
FNDA:0,(anonymous_0)
FNDA:0,(anonymous_1)
FNDA:0,(anonymous_2)
FNDA:0,(anonymous_3)
FNDA:0,(anonymous_4)
DA:1,2
DA:2,2
DA:3,2
DA:4,2
DA:5,2
DA:10,2
DA:11,0
DA:12,0
DA:14,0
DA:20,2
DA:21,0
DA:25,0
DA:26,0
DA:34,0
DA:40,2
DA:41,0
DA:45,0
DA:46,0
DA:48,0
DA:49,0
DA:51,0
DA:60,0
DA:62,0
DA:63,0
DA:66,0
DA:72,2
DA:73,0
DA:74,0
DA:77,0
DA:83,0
DA:84,0
DA:92,0
DA:94,0
DA:100,2
DA:101,0
DA:102,0
DA:105,0
DA:109,0
DA:110,0
DA:118,0
LF:40
LH:10
BRDA:11,0,0,0
BRDA:11,0,1,0
BRDA:25,1,0,0
BRDA:25,1,1,0
BRDA:62,2,0,0
BRDA:62,2,1,0
BRDA:73,3,0,0
BRDA:73,3,1,0
BRDA:83,4,0,0
BRDA:83,4,1,0
BRDA:101,5,0,0
BRDA:101,5,1,0
BRDA:109,6,0,0
BRDA:109,6,1,0
BRF:14
BRH:0
end_of_record
TN:
SF:controllers/order_controller.js
FN:9,(anonymous_0)
FN:19,(anonymous_1)
FN:37,(anonymous_2)
FN:59,(anonymous_3)
FN:127,(anonymous_4)
FN:165,(anonymous_5)
FNF:6
FNH:0
FNDA:0,(anonymous_0)
FNDA:0,(anonymous_1)
FNDA:0,(anonymous_2)
FNDA:0,(anonymous_3)
FNDA:0,(anonymous_4)
FNDA:0,(anonymous_5)
DA:1,2
DA:2,2
DA:3,2
DA:4,2
DA:9,2
DA:10,0
DA:11,0
DA:13,0
DA:19,2
DA:20,0
DA:21,0
DA:24,0
DA:26,0
DA:31,0
DA:37,2
DA:38,0
DA:50,0
DA:51,0
DA:53,0
DA:59,2
DA:60,0
DA:66,0
DA:67,0
DA:68,0
DA:69,0
DA:70,0
DA:71,0
DA:75,0
DA:76,0
DA:77,0
DA:78,0
DA:79,0
DA:80,0
DA:85,0
DA:88,0
DA:91,0
DA:92,0
DA:96,0
DA:97,0
DA:98,0
DA:99,0
DA:100,0
DA:101,0
DA:105,0
DA:106,0
DA:109,0
DA:112,0
DA:113,0
DA:116,0
DA:117,0
DA:119,0
DA:121,0
DA:127,2
DA:128,0
DA:129,0
DA:131,0
DA:136,0
DA:137,0
DA:138,0
DA:139,0
DA:140,0
DA:141,0
DA:142,0
DA:143,0
DA:144,0
DA:148,0
DA:152,0
DA:153,0
DA:156,0
DA:158,0
DA:159,0
DA:165,2
DA:166,0
DA:167,0
DA:170,0
DA:174,0
DA:175,0
DA:180,0
LF:78
LH:10
BRDA:10,0,0,0
BRDA:10,0,1,0
BRDA:20,1,0,0
BRDA:20,1,1,0
BRDA:50,2,0,0
BRDA:50,2,1,0
BRDA:66,3,0,0
BRDA:66,3,1,0
BRDA:69,4,0,0
BRDA:69,4,1,0
BRDA:76,5,0,0
BRDA:76,5,1,0
BRDA:79,6,0,0
BRDA:79,6,1,0
BRDA:91,7,0,0
BRDA:91,7,1,0
BRDA:91,8,0,0
BRDA:91,8,1,0
BRDA:97,9,0,0
BRDA:97,9,1,0
BRDA:100,10,0,0
BRDA:100,10,1,0
BRDA:105,11,0,0
BRDA:105,11,1,0
BRDA:105,12,0,0
BRDA:105,12,1,0
BRDA:128,13,0,0
BRDA:128,13,1,0
BRDA:137,14,0,0
BRDA:137,14,1,0
BRDA:140,15,0,0
BRDA:140,15,1,0
BRDA:152,16,0,0
BRDA:152,16,1,0
BRDA:166,17,0,0
BRDA:166,17,1,0
BRDA:174,18,0,0
BRDA:174,18,1,0
BRF:38
BRH:0
end_of_record
TN:
SF:controllers/productCare_controller.js
FN:8,(anonymous_0)
FN:15,(anonymous_1)
FN:35,(anonymous_2)
FN:48,(anonymous_3)
FN:64,(anonymous_4)
FNF:5
FNH:0
FNDA:0,(anonymous_0)
FNDA:0,(anonymous_1)
FNDA:0,(anonymous_2)
FNDA:0,(anonymous_3)
FNDA:0,(anonymous_4)
DA:1,2
DA:2,2
DA:3,2
DA:8,2
DA:9,0
DA:15,2
DA:16,0
DA:20,0
DA:21,0
DA:29,0
DA:35,2
DA:36,0
DA:38,0
DA:39,0
DA:42,0
DA:48,2
DA:49,0
DA:54,0
DA:55,0
DA:58,0
DA:64,2
DA:65,0
DA:69,0
DA:70,0
DA:78,0
LF:25
LH:8
BRDA:20,0,0,0
BRDA:20,0,1,0
BRDA:38,1,0,0
BRDA:38,1,1,0
BRDA:54,2,0,0
BRDA:54,2,1,0
BRDA:69,3,0,0
BRDA:69,3,1,0
BRF:8
BRH:0
end_of_record
TN:
SF:controllers/product_controllers.js
FN:14,(anonymous_0)
FN:21,(anonymous_1)
FN:47,(anonymous_2)
FN:106,(anonymous_3)
FN:135,(anonymous_4)
FNF:5
FNH:0
FNDA:0,(anonymous_0)
FNDA:0,(anonymous_1)
FNDA:0,(anonymous_2)
FNDA:0,(anonymous_3)
FNDA:0,(anonymous_4)
DA:1,2
DA:2,2
DA:3,2
DA:4,2
DA:5,2
DA:6,2
DA:7,2
DA:8,2
DA:9,2
DA:14,2
DA:15,0
DA:21,2
DA:22,0
DA:29,0
DA:30,0
DA:38,0
DA:47,2
DA:48,0
DA:50,0
DA:51,0
DA:54,0
DA:56,0
DA:61,0
DA:62,0
DA:70,0
DA:84,0
DA:92,0
DA:93,0
DA:95,0
DA:96,0
DA:97,0
DA:98,0
DA:100,0
DA:106,2
DA:107,0
DA:114,0
DA:115,0
DA:123,0
DA:124,0
DA:126,0
DA:135,2
DA:136,0
DA:141,0
DA:142,0
DA:150,0
LF:45
LH:14
BRDA:29,0,0,0
BRDA:29,0,1,0
BRDA:50,1,0,0
BRDA:50,1,1,0
BRDA:114,2,0,0
BRDA:114,2,1,0
BRDA:141,3,0,0
BRDA:141,3,1,0
BRF:8
BRH:0
end_of_record
TN:
SF:controllers/review_controller.js
FN:11,(anonymous_0)
FN:21,(anonymous_1)
FN:62,(anonymous_2)
FN:98,(anonymous_3)
FN:111,(anonymous_4)
FN:152,(anonymous_5)
FNF:6
FNH:0
FNDA:0,(anonymous_0)
FNDA:0,(anonymous_1)
FNDA:0,(anonymous_2)
FNDA:0,(anonymous_3)
FNDA:0,(anonymous_4)
FNDA:0,(anonymous_5)
DA:1,2
DA:2,2
DA:3,2
DA:4,2
DA:5,2
DA:6,2
DA:11,2
DA:12,0
DA:13,0
DA:15,0
DA:21,2
DA:22,0
DA:47,0
DA:48,0
DA:53,0
DA:62,2
DA:63,0
DA:64,0
DA:67,0
DA:80,0
DA:81,0
DA:86,0
DA:88,0
DA:98,2
DA:99,0
DA:101,0
DA:103,0
DA:105,0
DA:111,2
DA:112,0
DA:113,0
DA:116,0
DA:126,0
DA:127,0
DA:135,0
DA:141,0
DA:152,2
DA:153,0
DA:154,0
DA:157,0
DA:165,0
DA:166,0
DA:174,0
DA:180,0
LF:44
LH:12
BRDA:12,0,0,0
BRDA:12,0,1,0
BRDA:47,1,0,0
BRDA:47,1,1,0
BRDA:63,2,0,0
BRDA:63,2,1,0
BRDA:80,3,0,0
BRDA:80,3,1,0
BRDA:112,4,0,0
BRDA:112,4,1,0
BRDA:126,5,0,0
BRDA:126,5,1,0
BRDA:153,6,0,0
BRDA:153,6,1,0
BRDA:165,7,0,0
BRDA:165,7,1,0
BRF:16
BRH:0
end_of_record
TN:
SF:controllers/shippingAddress_controller.js
FN:8,(anonymous_0)
FN:15,(anonymous_1)
FN:29,(anonymous_2)
FN:47,(anonymous_3)
FN:61,(anonymous_4)
FN:80,(anonymous_5)
FNF:6
FNH:0
FNDA:0,(anonymous_0)
FNDA:0,(anonymous_1)
FNDA:0,(anonymous_2)
FNDA:0,(anonymous_3)
FNDA:0,(anonymous_4)
FNDA:0,(anonymous_5)
DA:1,2
DA:2,2
DA:3,2
DA:8,2
DA:9,0
DA:15,2
DA:16,0
DA:20,0
DA:21,0
DA:23,0
DA:29,2
DA:30,0
DA:34,0
DA:35,0
DA:41,0
DA:47,2
DA:48,0
DA:50,0
DA:52,0
DA:53,0
DA:55,0
DA:61,2
DA:62,0
DA:67,0
DA:68,0
DA:74,0
DA:80,2
DA:81,0
DA:85,0
DA:86,0
DA:92,0
LF:31
LH:9
BRDA:20,0,0,0
BRDA:20,0,1,0
BRDA:34,1,0,0
BRDA:34,1,1,0
BRDA:52,2,0,0
BRDA:52,2,1,0
BRDA:67,3,0,0
BRDA:67,3,1,0
BRDA:85,4,0,0
BRDA:85,4,1,0
BRF:10
BRH:0
end_of_record
TN:
SF:controllers/stripePayments_controllers.js
FN:10,(anonymous_0)
FN:16,(anonymous_1)
FN:96,(anonymous_2)
FNF:3
FNH:2
FNDA:1,(anonymous_0)
FNDA:1,(anonymous_1)
FNDA:0,(anonymous_2)
DA:1,2
DA:2,2
DA:3,2
DA:4,2
DA:5,2
DA:10,2
DA:11,1
DA:12,1
DA:13,1
DA:14,1
DA:16,1
DA:17,1
DA:23,1
DA:89,1
DA:96,2
DA:98,0
DA:100,0
DA:102,0
DA:104,0
DA:105,0
DA:107,0
DA:108,0
DA:109,0
DA:113,0
DA:114,0
DA:117,0
DA:120,0
DA:123,0
DA:126,0
LF:29
LH:15
BRDA:102,0,0,0
BRDA:102,0,1,0
BRDA:113,1,0,0
BRDA:113,1,1,0
BRF:4
BRH:0
end_of_record
TN:
SF:controllers/user_controller.js
FN:13,(anonymous_0)
FN:23,(anonymous_1)
FN:34,(anonymous_2)
FN:92,(anonymous_3)
FN:118,(anonymous_4)
FNF:5
FNH:0
FNDA:0,(anonymous_0)
FNDA:0,(anonymous_1)
FNDA:0,(anonymous_2)
FNDA:0,(anonymous_3)
FNDA:0,(anonymous_4)
DA:1,2
DA:2,2
DA:3,2
DA:4,2
DA:5,2
DA:6,2
DA:7,2
DA:8,2
DA:13,2
DA:14,0
DA:15,0
DA:17,0
DA:23,2
DA:24,0
DA:25,0
DA:28,0
DA:34,2
DA:35,0
DA:39,0
DA:40,0
DA:42,0
DA:46,0
DA:54,0
DA:56,0
DA:58,0
DA:59,0
DA:61,0
DA:62,0
DA:64,0
DA:67,0
DA:69,0
DA:70,0
DA:71,0
DA:73,0
DA:77,0
DA:80,0
DA:82,0
DA:84,0
DA:86,0
DA:92,2
DA:93,0
DA:100,0
DA:101,0
DA:106,0
DA:107,0
DA:109,0
DA:118,2
DA:119,0
DA:125,0
DA:126,0
DA:133,0
DA:135,0
DA:137,0
LF:53
LH:13
BRDA:14,0,0,0
BRDA:14,0,1,0
BRDA:24,1,0,0
BRDA:24,1,1,0
BRDA:42,2,0,0
BRDA:42,2,1,0
BRDA:43,3,0,0
BRDA:43,3,1,0
BRDA:67,4,0,0
BRDA:67,4,1,0
BRDA:67,5,0,0
BRDA:67,5,1,0
BRDA:100,6,0,0
BRDA:100,6,1,0
BRDA:125,7,0,0
BRDA:125,7,1,0
BRF:16
BRH:0
end_of_record
TN:
SF:controllers/wishlist_controller.js
FN:11,(anonymous_0)
FN:21,(anonymous_1)
FN:51,(anonymous_2)
FN:64,(anonymous_3)
FNF:4
FNH:0
FNDA:0,(anonymous_0)
FNDA:0,(anonymous_1)
FNDA:0,(anonymous_2)
FNDA:0,(anonymous_3)
DA:1,2
DA:2,2
DA:3,2
DA:4,2
DA:5,2
DA:6,2
DA:11,2
DA:12,0
DA:13,0
DA:15,0
DA:21,2
DA:22,0
DA:23,0
DA:28,0
DA:35,0
DA:36,0
DA:39,0
DA:41,0
DA:51,2
DA:52,0
DA:54,0
DA:56,0
DA:58,0
DA:64,2
DA:65,0
DA:74,0
DA:75,0
DA:83,0
DA:89,0
LF:29
LH:10
BRDA:12,0,0,0
BRDA:12,0,1,0
BRDA:22,1,0,0
BRDA:22,1,1,0
BRDA:35,2,0,0
BRDA:35,2,1,0
BRDA:74,3,0,0
BRDA:74,3,1,0
BRF:8
BRH:0
end_of_record
TN:
SF:middleware/advancedQuerySearch.js
FN:16,(anonymous_0)
FN:16,(anonymous_1)
FN:63,(anonymous_2)
FNF:3
FNH:1
FNDA:30,(anonymous_0)
FNDA:0,(anonymous_1)
FNDA:0,(anonymous_2)
DA:1,2
DA:2,2
DA:3,2
DA:4,2
DA:5,2
DA:6,2
DA:7,2
DA:8,2
DA:9,2
DA:10,2
DA:11,2
DA:12,2
DA:13,2
DA:16,30
DA:17,0
DA:18,0
DA:20,0
DA:21,0
DA:27,0
DA:28,0
DA:30,0
DA:31,0
DA:32,0
DA:34,0
DA:35,0
DA:36,0
DA:37,0
DA:38,0
DA:39,0
DA:40,0
DA:41,0
DA:46,0
DA:48,0
DA:50,0
DA:53,0
DA:63,0
DA:64,0
DA:67,0
DA:69,0
DA:70,0
DA:73,0
DA:75,0
DA:76,0
DA:80,0
DA:81,0
DA:82,0
DA:83,0
DA:84,0
DA:87,0
DA:90,0
DA:91,0
DA:92,0
DA:93,0
DA:96,0
DA:97,0
DA:98,0
DA:99,0
DA:102,0
DA:103,0
DA:104,0
DA:106,0
DA:107,0
DA:108,0
DA:109,0
DA:110,0
DA:111,0
DA:112,0
DA:113,0
DA:114,0
DA:115,0
DA:116,0
DA:117,0
DA:118,0
DA:119,0
DA:120,0
DA:121,0
DA:122,0
DA:123,0
DA:124,0
DA:125,0
DA:126,0
DA:127,0
DA:128,0
DA:129,0
DA:130,0
DA:135,0
DA:137,0
DA:139,0
DA:140,0
DA:146,0
DA:147,0
DA:153,0
DA:155,0
DA:163,0
DA:166,2
LF:95
LH:15
BRDA:20,0,0,0
BRDA:20,0,1,0
BRDA:20,1,0,0
BRDA:20,1,1,0
BRDA:30,2,0,0
BRDA:30,2,1,0
BRDA:34,3,0,0
BRDA:34,3,1,0
BRDA:36,4,0,0
BRDA:36,4,1,0
BRDA:38,5,0,0
BRDA:38,5,1,0
BRDA:40,6,0,0
BRDA:40,6,1,0
BRDA:48,7,0,0
BRDA:48,7,1,0
BRDA:48,8,0,0
BRDA:48,8,1,0
BRDA:67,9,0,0
BRDA:67,9,1,0
BRDA:73,10,0,0
BRDA:73,10,1,0
BRDA:80,11,0,0
BRDA:80,11,1,0
BRDA:81,12,0,0
BRDA:81,12,1,0
BRDA:90,13,0,0
BRDA:90,13,1,0
BRDA:90,14,0,0
BRDA:90,14,1,0
BRDA:93,15,0,0
BRDA:93,15,1,0
BRDA:96,16,0,0
BRDA:96,16,1,0
BRDA:98,17,0,0
BRDA:98,17,1,0
BRDA:102,18,0,0
BRDA:102,18,1,0
BRDA:102,19,0,0
BRDA:102,19,1,0
BRDA:107,20,0,0
BRDA:107,20,1,0
BRDA:109,21,0,0
BRDA:109,21,1,0
BRDA:111,22,0,0
BRDA:111,22,1,0
BRDA:113,23,0,0
BRDA:113,23,1,0
BRDA:115,24,0,0
BRDA:115,24,1,0
BRDA:117,25,0,0
BRDA:117,25,1,0
BRDA:119,26,0,0
BRDA:119,26,1,0
BRDA:121,27,0,0
BRDA:121,27,1,0
BRDA:123,28,0,0
BRDA:123,28,1,0
BRDA:125,29,0,0
BRDA:125,29,1,0
BRDA:127,30,0,0
BRDA:127,30,1,0
BRDA:129,31,0,0
BRDA:129,31,1,0
BRDA:139,32,0,0
BRDA:139,32,1,0
BRDA:146,33,0,0
BRDA:146,33,1,0
BRF:68
BRH:0
end_of_record
TN:
SF:middleware/auth_middleware.js
FN:13,(anonymous_0)
FN:14,(anonymous_1)
FN:77,(anonymous_2)
FN:78,(anonymous_3)
FNF:4
FNH:2
FNDA:138,(anonymous_0)
FNDA:0,(anonymous_1)
FNDA:58,(anonymous_2)
FNDA:0,(anonymous_3)
DA:1,2
DA:2,2
DA:3,2
DA:4,2
DA:5,2
DA:6,2
DA:7,2
DA:8,2
DA:9,2
DA:13,2
DA:14,138
DA:17,0
DA:21,0
DA:22,0
DA:23,0
DA:27,0
DA:28,0
DA:32,0
DA:34,0
DA:36,0
DA:39,0
DA:40,0
DA:44,0
DA:45,0
DA:46,0
DA:57,0
DA:61,0
DA:62,0
DA:67,0
DA:70,0
DA:77,2
DA:78,58
DA:79,0
DA:80,0
DA:87,0
LF:35
LH:13
BRDA:17,0,0,0
BRDA:17,0,1,0
BRDA:18,1,0,0
BRDA:18,1,1,0
BRDA:22,2,0,0
BRDA:22,2,1,0
BRDA:27,3,0,0
BRDA:27,3,1,0
BRDA:36,4,0,0
BRDA:36,4,1,0
BRDA:39,5,0,0
BRDA:39,5,1,0
BRDA:45,6,0,0
BRDA:45,6,1,0
BRDA:58,7,0,0
BRDA:58,7,1,0
BRDA:61,8,0,0
BRDA:61,8,1,0
BRDA:79,9,0,0
BRDA:79,9,1,0
BRF:20
BRH:0
end_of_record
TN:
SF:middleware/error_middleware.js
FN:3,(anonymous_0)
FN:19,(anonymous_1)
FN:25,(anonymous_2)
FNF:3
FNH:0
FNDA:0,(anonymous_0)
FNDA:0,(anonymous_1)
FNDA:0,(anonymous_2)
DA:1,2
DA:3,2
DA:5,0
DA:6,0
DA:9,0
DA:10,0
DA:11,0
DA:15,0
DA:19,0
DA:20,0
DA:24,0
DA:25,0
DA:26,0
DA:28,0
DA:33,2
LF:15
LH:3
BRDA:9,0,0,0
BRDA:9,0,1,0
BRDA:9,1,0,0
BRDA:9,1,1,0
BRDA:15,2,0,0
BRDA:15,2,1,0
BRDA:16,3,0,0
BRDA:16,3,1,0
BRDA:24,4,0,0
BRDA:24,4,1,0
BRDA:29,5,0,0
BRDA:29,5,1,0
BRDA:30,6,0,0
BRDA:30,6,1,0
BRF:14
BRH:0
end_of_record
TN:
SF:models/Admin.js
FN:129,(anonymous_0)
FN:136,(anonymous_1)
FN:140,(anonymous_2)
FN:146,(anonymous_3)
FNF:4
FNH:0
FNDA:0,(anonymous_0)
FNDA:0,(anonymous_1)
FNDA:0,(anonymous_2)
FNDA:0,(anonymous_3)
DA:1,2
DA:2,2
DA:3,2
DA:4,2
DA:6,2
DA:129,2
DA:130,0
DA:131,0
DA:132,0
DA:136,2
DA:137,0
DA:140,2
DA:141,0
DA:146,2
DA:147,0
DA:152,0
DA:154,0
DA:157,2
DA:158,2
DA:160,2
LF:20
LH:12
BRDA:130,0,0,0
BRDA:130,0,1,0
BRF:2
BRH:0
end_of_record
TN:
SF:models/Cart.js
FN:77,(anonymous_0)
FNF:1
FNH:0
FNDA:0,(anonymous_0)
DA:1,2
DA:2,2
DA:3,2
DA:4,2
DA:6,2
DA:63,2
DA:70,2
DA:77,2
DA:78,0
DA:86,2
LF:10
LH:9
BRF:0
BRH:0
end_of_record
TN:
SF:models/CartItem.js
FN:92,(anonymous_0)
FNF:1
FNH:0
FNDA:0,(anonymous_0)
DA:1,2
DA:2,2
DA:3,2
DA:4,2
DA:6,2
DA:92,2
DA:93,0
DA:100,0
DA:103,0
DA:106,0
DA:107,0
DA:110,0
DA:112,0
DA:125,0
DA:128,0
DA:131,0
DA:132,0
DA:136,0
DA:143,0
DA:147,2
DA:148,2
DA:149,2
DA:150,2
DA:151,2
DA:152,2
DA:154,2
LF:26
LH:13
BRDA:129,0,0,0
BRDA:129,0,1,0
BRDA:131,1,0,0
BRDA:131,1,1,0
BRDA:131,2,0,0
BRDA:131,2,1,0
BRF:6
BRH:0
end_of_record
TN:
SF:models/CartOrderAccess.js
FN:61,(anonymous_0)
FNF:1
FNH:0
FNDA:0,(anonymous_0)
DA:1,2
DA:2,2
DA:3,2
DA:4,2
DA:5,2
DA:6,2
DA:7,2
DA:8,2
DA:10,2
DA:49,2
DA:50,2
DA:52,2
DA:53,2
DA:55,2
DA:56,2
DA:58,2
DA:59,2
DA:61,2
DA:62,0
DA:63,0
DA:64,0
DA:65,0
DA:67,0
DA:70,2
LF:24
LH:19
BRF:0
BRH:0
end_of_record
TN:
SF:models/Guests.js
FN:82,(anonymous_0)
FN:92,(anonymous_1)
FNF:2
FNH:0
FNDA:0,(anonymous_0)
FNDA:0,(anonymous_1)
DA:1,2
DA:2,2
DA:3,2
DA:4,2
DA:5,2
DA:7,2
DA:82,2
DA:83,0
DA:85,0
DA:86,0
DA:87,0
DA:89,0
DA:92,2
DA:93,0
DA:98,2
LF:15
LH:9
BRF:0
BRH:0
end_of_record
TN:
SF:models/Order.js
FN:226,(anonymous_0)
FN:241,(anonymous_1)
FNF:2
FNH:0
FNDA:0,(anonymous_0)
FNDA:0,(anonymous_1)
DA:1,2
DA:2,2
DA:3,2
DA:4,2
DA:5,2
DA:6,2
DA:7,2
DA:9,2
DA:211,2
DA:217,2
DA:223,2
DA:224,2
DA:226,2
DA:227,0
DA:229,0
DA:232,0
DA:237,0
DA:238,0
DA:241,2
DA:242,0
DA:250,0
DA:256,0
DA:258,0
DA:267,0
DA:271,2
DA:272,2
DA:274,2
LF:27
LH:17
BRF:0
BRH:0
end_of_record
TN:
SF:models/OrderItems.js
FNF:0
FNH:0
DA:1,2
DA:2,2
DA:3,2
DA:5,2
DA:75,2
LF:5
LH:5
BRF:0
BRH:0
end_of_record
TN:
SF:models/Product.js
FNF:0
FNH:0
DA:1,2
DA:2,2
DA:3,2
DA:4,2
DA:5,2
DA:97,2
DA:102,2
DA:104,2
DA:105,2
DA:110,2
LF:10
LH:10
BRF:0
BRH:0
end_of_record
TN:
SF:models/ProductCare.js
FNF:0
FNH:0
DA:1,2
DA:2,2
DA:4,2
DA:47,2
LF:4
LH:4
BRF:0
BRH:0
end_of_record
TN:
SF:models/Reviews.js
FN:83,(anonymous_0)
FNF:1
FNH:0
FNDA:0,(anonymous_0)
DA:1,2
DA:2,2
DA:3,2
DA:7,2
DA:83,2
DA:84,0
DA:95,0
DA:99,0
DA:103,0
DA:104,0
DA:107,0
DA:110,0
DA:117,0
DA:121,2
DA:122,2
DA:123,2
DA:125,2
LF:17
LH:9
BRDA:100,0,0,0
BRDA:100,0,1,0
BRDA:103,1,0,0
BRDA:103,1,1,0
BRDA:103,2,0,0
BRDA:103,2,1,0
BRF:6
BRH:0
end_of_record
TN:
SF:models/ShippingAddress.js
FNF:0
FNH:0
DA:1,2
DA:2,2
DA:4,2
DA:57,2
LF:4
LH:4
BRF:0
BRH:0
end_of_record
TN:
SF:models/User.js
FN:215,(anonymous_0)
FN:222,(anonymous_1)
FN:231,(anonymous_2)
FN:237,(anonymous_3)
FN:242,(anonymous_4)
FN:258,(anonymous_5)
FN:277,(anonymous_6)
FN:311,(anonymous_7)
FNF:8
FNH:2
FNDA:0,(anonymous_0)
FNDA:0,(anonymous_1)
FNDA:1,(anonymous_2)
FNDA:1,(anonymous_3)
FNDA:0,(anonymous_4)
FNDA:0,(anonymous_5)
FNDA:0,(anonymous_6)
FNDA:0,(anonymous_7)
DA:1,2
DA:2,2
DA:3,2
DA:4,2
DA:5,2
DA:6,2
DA:7,2
DA:8,2
DA:9,2
DA:10,2
DA:11,2
DA:12,2
DA:14,2
DA:183,2
DA:188,2
DA:194,2
DA:195,2
DA:197,2
DA:198,2
DA:200,2
DA:201,2
DA:203,2
DA:204,2
DA:206,2
DA:207,2
DA:209,2
DA:210,2
DA:212,2
DA:213,2
DA:215,2
DA:216,0
DA:217,0
DA:218,0
DA:222,2
DA:223,0
DA:231,2
DA:232,1
DA:237,2
DA:238,1
DA:242,2
DA:244,0
DA:247,0
DA:253,0
DA:255,0
DA:258,2
DA:260,0
DA:263,0
DA:269,0
DA:270,0
DA:271,0
DA:272,0
DA:274,0
DA:277,2
DA:278,0
DA:282,0
DA:283,0
DA:285,0
DA:289,0
DA:291,0
DA:295,0
DA:297,0
DA:299,0
DA:301,0
DA:308,0
DA:311,2
DA:312,0
DA:317,0
DA:319,0
DA:322,2
DA:323,2
DA:325,2
LF:71
LH:42
BRDA:216,0,0,0
BRDA:216,0,1,0
BRDA:282,1,0,0
BRDA:282,1,1,0
BRDA:282,2,0,0
BRDA:282,2,1,0
BRF:6
BRH:0
end_of_record
TN:
SF:models/Wishlist.js
FNF:0
FNH:0
DA:1,2
DA:2,2
DA:3,2
DA:4,2
DA:6,2
DA:55,2
LF:6
LH:6
BRF:0
BRH:0
end_of_record
