TN:
SF:controllers/auth_controller.js
FN:16,(anonymous_0)
FN:53,(anonymous_1)
FN:68,(anonymous_2)
FN:115,(anonymous_3)
FN:147,(anonymous_4)
FN:200,(anonymous_5)
FNF:6
FNH:6
FNDA:17,(anonymous_0)
FNDA:1,(anonymous_1)
FNDA:1,(anonymous_2)
FNDA:2,(anonymous_3)
FNDA:2,(anonymous_4)
FNDA:3,(anonymous_5)
DA:1,1
DA:2,1
DA:3,1
DA:4,1
DA:5,1
DA:6,1
DA:7,1
DA:8,1
DA:9,1
DA:10,1
DA:11,1
DA:16,1
DA:17,17
DA:19,17
DA:20,1
DA:25,16
DA:29,16
DA:30,1
DA:35,15
DA:37,15
DA:38,1
DA:43,14
DA:44,1
DA:47,14
DA:53,1
DA:54,1
DA:59,1
DA:68,1
DA:69,1
DA:70,1
DA:72,1
DA:74,1
DA:76,1
DA:77,1
DA:81,1
DA:84,1
DA:86,1
DA:90,1
DA:92,1
DA:94,1
DA:96,1
DA:97,1
DA:99,0
DA:100,0
DA:102,0
DA:104,1
DA:115,1
DA:117,2
DA:122,2
DA:131,2
DA:132,1
DA:136,1
DA:137,1
DA:138,1
DA:139,1
DA:141,1
DA:147,1
DA:149,2
DA:154,2
DA:160,2
DA:161,1
DA:164,1
DA:168,0
DA:170,0
DA:172,0
DA:173,0
DA:175,0
DA:176,0
DA:178,0
DA:182,0
DA:184,0
DA:186,0
DA:189,1
DA:190,1
DA:191,1
DA:192,1
DA:194,1
DA:200,1
DA:201,3
DA:205,3
DA:206,1
DA:209,2
DA:210,0
DA:214,2
DA:215,1
DA:218,1
DA:219,1
DA:221,1
LF:88
LH:74
BRDA:19,0,0,1
BRDA:19,0,1,16
BRDA:19,1,0,17
BRDA:19,1,1,16
BRDA:29,2,0,1
BRDA:29,2,1,15
BRDA:37,3,0,1
BRDA:37,3,1,14
BRDA:43,4,0,1
BRDA:43,4,1,13
BRDA:72,5,0,0
BRDA:72,5,1,1
BRDA:76,6,0,1
BRDA:76,6,1,0
BRDA:131,7,0,1
BRDA:131,7,1,1
BRDA:160,8,0,1
BRDA:160,8,1,1
BRDA:164,9,0,0
BRDA:164,9,1,1
BRDA:165,10,0,1
BRDA:165,10,1,1
BRDA:205,11,0,1
BRDA:205,11,1,2
BRDA:209,12,0,0
BRDA:209,12,1,2
BRDA:214,13,0,1
BRDA:214,13,1,1
BRF:28
BRH:24
end_of_record
TN:
SF:controllers/cartItem_controller.js
FN:10,(anonymous_0)
FN:20,(anonymous_1)
FN:36,(anonymous_2)
FN:72,(anonymous_3)
FN:94,(anonymous_4)
FNF:5
FNH:5
FNDA:1,(anonymous_0)
FNDA:1,(anonymous_1)
FNDA:2,(anonymous_2)
FNDA:1,(anonymous_3)
FNDA:2,(anonymous_4)
DA:1,1
DA:2,1
DA:3,1
DA:4,1
DA:5,1
DA:10,1
DA:11,1
DA:12,0
DA:14,1
DA:20,1
DA:21,1
DA:26,1
DA:27,0
DA:30,1
DA:36,1
DA:37,2
DA:38,2
DA:43,2
DA:44,1
DA:45,1
DA:46,1
DA:47,0
DA:48,0
DA:52,2
DA:53,1
DA:55,1
DA:57,1
DA:60,2
DA:62,2
DA:63,0
DA:66,2
DA:72,1
DA:73,1
DA:79,1
DA:80,0
DA:88,1
DA:94,1
DA:95,2
DA:100,2
DA:101,0
DA:109,2
LF:41
LH:34
BRDA:11,0,0,0
BRDA:11,0,1,1
BRDA:26,1,0,0
BRDA:26,1,1,1
BRDA:44,2,0,1
BRDA:44,2,1,0
BRDA:47,3,0,0
BRDA:47,3,1,0
BRDA:52,4,0,1
BRDA:52,4,1,1
BRDA:62,5,0,0
BRDA:62,5,1,2
BRDA:79,6,0,0
BRDA:79,6,1,1
BRDA:100,7,0,0
BRDA:100,7,1,2
BRF:16
BRH:8
end_of_record
TN:
SF:controllers/cart_controller.js
FN:11,(anonymous_0)
FN:21,(anonymous_1)
FN:61,(anonymous_2)
FN:79,(anonymous_3)
FN:101,(anonymous_4)
FNF:5
FNH:5
FNDA:3,(anonymous_0)
FNDA:3,(anonymous_1)
FNDA:1,(anonymous_2)
FNDA:3,(anonymous_3)
FNDA:2,(anonymous_4)
DA:1,1
DA:2,1
DA:3,1
DA:4,1
DA:5,1
DA:6,1
DA:11,1
DA:12,3
DA:13,0
DA:15,3
DA:21,1
DA:22,3
DA:50,3
DA:51,0
DA:54,3
DA:61,1
DA:62,1
DA:63,1
DA:65,1
DA:66,0
DA:73,1
DA:79,1
DA:80,3
DA:87,3
DA:88,0
DA:95,3
DA:101,1
DA:102,2
DA:106,2
DA:107,0
DA:115,2
DA:117,2
DA:119,2
LF:33
LH:28
BRDA:12,0,0,0
BRDA:12,0,1,3
BRDA:50,1,0,0
BRDA:50,1,1,3
BRDA:50,2,0,3
BRDA:50,2,1,3
BRDA:65,3,0,0
BRDA:65,3,1,1
BRDA:87,4,0,0
BRDA:87,4,1,3
BRDA:106,5,0,0
BRDA:106,5,1,2
BRF:12
BRH:7
end_of_record
TN:
SF:controllers/orderItem_controller.js
FN:10,(anonymous_0)
FN:20,(anonymous_1)
FN:40,(anonymous_2)
FN:90,(anonymous_3)
FN:118,(anonymous_4)
FNF:5
FNH:5
FNDA:1,(anonymous_0)
FNDA:2,(anonymous_1)
FNDA:2,(anonymous_2)
FNDA:2,(anonymous_3)
FNDA:3,(anonymous_4)
DA:1,1
DA:2,1
DA:3,1
DA:4,1
DA:5,1
DA:10,1
DA:11,1
DA:12,0
DA:14,1
DA:20,1
DA:21,2
DA:25,2
DA:26,1
DA:34,1
DA:40,1
DA:41,2
DA:46,2
DA:47,2
DA:48,1
DA:49,1
DA:50,1
DA:51,1
DA:52,1
DA:53,1
DA:54,1
DA:58,2
DA:62,2
DA:63,2
DA:64,2
DA:66,2
DA:67,2
DA:69,2
DA:78,2
DA:80,2
DA:81,0
DA:84,2
DA:90,1
DA:91,2
DA:92,0
DA:95,2
DA:101,2
DA:102,1
DA:110,1
DA:112,1
DA:118,1
DA:119,3
DA:120,0
DA:123,3
DA:127,3
DA:128,1
DA:136,2
LF:51
LH:47
BRDA:11,0,0,0
BRDA:11,0,1,1
BRDA:25,1,0,1
BRDA:25,1,1,1
BRDA:47,2,0,1
BRDA:47,2,1,1
BRDA:50,3,0,1
BRDA:50,3,1,0
BRDA:80,4,0,0
BRDA:80,4,1,2
BRDA:91,5,0,0
BRDA:91,5,1,2
BRDA:101,6,0,1
BRDA:101,6,1,1
BRDA:119,7,0,0
BRDA:119,7,1,3
BRDA:127,8,0,1
BRDA:127,8,1,2
BRF:18
BRH:13
end_of_record
TN:
SF:controllers/order_controller.js
FN:10,(anonymous_0)
FN:20,(anonymous_1)
FN:31,(anonymous_2)
FN:52,(anonymous_3)
FN:111,(anonymous_4)
FN:149,(anonymous_5)
FNF:6
FNH:6
FNDA:1,(anonymous_0)
FNDA:1,(anonymous_1)
FNDA:1,(anonymous_2)
FNDA:2,(anonymous_3)
FNDA:4,(anonymous_4)
FNDA:2,(anonymous_5)
DA:1,1
DA:2,1
DA:3,1
DA:4,1
DA:5,1
DA:10,1
DA:11,1
DA:12,0
DA:14,1
DA:20,1
DA:21,1
DA:22,0
DA:25,1
DA:31,1
DA:32,1
DA:43,1
DA:44,0
DA:46,1
DA:52,1
DA:53,2
DA:59,2
DA:60,2
DA:61,2
DA:62,2
DA:63,0
DA:64,0
DA:69,2
DA:72,2
DA:75,2
DA:76,1
DA:80,1
DA:81,0
DA:82,0
DA:83,0
DA:84,0
DA:85,0
DA:89,1
DA:90,0
DA:93,1
DA:96,1
DA:97,1
DA:100,1
DA:101,1
DA:103,1
DA:105,1
DA:111,1
DA:112,4
DA:113,0
DA:115,4
DA:120,4
DA:121,4
DA:122,3
DA:123,3
DA:124,1
DA:125,1
DA:126,1
DA:127,1
DA:128,1
DA:132,4
DA:136,4
DA:137,1
DA:140,3
DA:142,3
DA:143,3
DA:149,1
DA:150,2
DA:151,0
DA:154,2
DA:158,2
DA:159,1
DA:164,1
LF:71
LH:58
BRDA:11,0,0,0
BRDA:11,0,1,1
BRDA:21,1,0,0
BRDA:21,1,1,1
BRDA:43,2,0,0
BRDA:43,2,1,1
BRDA:60,3,0,2
BRDA:60,3,1,0
BRDA:63,4,0,0
BRDA:63,4,1,0
BRDA:75,5,0,1
BRDA:75,5,1,1
BRDA:75,6,0,2
BRDA:75,6,1,1
BRDA:81,7,0,0
BRDA:81,7,1,0
BRDA:84,8,0,0
BRDA:84,8,1,0
BRDA:89,9,0,0
BRDA:89,9,1,1
BRDA:112,10,0,0
BRDA:112,10,1,4
BRDA:121,11,0,3
BRDA:121,11,1,1
BRDA:124,12,0,1
BRDA:124,12,1,0
BRDA:136,13,0,1
BRDA:136,13,1,3
BRDA:150,14,0,0
BRDA:150,14,1,2
BRDA:158,15,0,1
BRDA:158,15,1,1
BRF:32
BRH:18
end_of_record
TN:
SF:controllers/product_controllers.js
FN:9,(anonymous_0)
FN:16,(anonymous_1)
FN:42,(anonymous_2)
FN:51,(anonymous_3)
FN:80,(anonymous_4)
FNF:5
FNH:5
FNDA:7,(anonymous_0)
FNDA:2,(anonymous_1)
FNDA:5,(anonymous_2)
FNDA:2,(anonymous_3)
FNDA:1,(anonymous_4)
DA:1,1
DA:2,1
DA:3,1
DA:4,1
DA:9,1
DA:10,7
DA:16,1
DA:17,2
DA:24,2
DA:25,1
DA:33,1
DA:42,1
DA:43,5
DA:45,2
DA:51,1
DA:52,2
DA:59,2
DA:60,0
DA:68,2
DA:69,2
DA:71,1
DA:80,1
DA:81,1
DA:86,1
DA:87,0
DA:95,1
LF:26
LH:24
BRDA:24,0,0,1
BRDA:24,0,1,1
BRDA:59,1,0,0
BRDA:59,1,1,2
BRDA:86,2,0,0
BRDA:86,2,1,1
BRF:6
BRH:4
end_of_record
TN:
SF:controllers/review_controller.js
FN:11,(anonymous_0)
FN:21,(anonymous_1)
FN:62,(anonymous_2)
FN:98,(anonymous_3)
FN:111,(anonymous_4)
FN:152,(anonymous_5)
FNF:6
FNH:6
FNDA:3,(anonymous_0)
FNDA:2,(anonymous_1)
FNDA:1,(anonymous_2)
FNDA:1,(anonymous_3)
FNDA:1,(anonymous_4)
FNDA:1,(anonymous_5)
DA:1,1
DA:2,1
DA:3,1
DA:4,1
DA:5,1
DA:6,1
DA:11,1
DA:12,3
DA:13,0
DA:15,3
DA:21,1
DA:22,2
DA:47,2
DA:48,1
DA:53,1
DA:62,1
DA:63,1
DA:64,0
DA:67,1
DA:80,1
DA:81,0
DA:86,1
DA:88,1
DA:98,1
DA:99,1
DA:101,1
DA:103,1
DA:105,1
DA:111,1
DA:112,1
DA:113,0
DA:116,1
DA:126,1
DA:127,0
DA:135,1
DA:141,1
DA:152,1
DA:153,1
DA:154,0
DA:157,1
DA:165,1
DA:166,0
DA:174,1
DA:180,1
LF:44
LH:37
BRDA:12,0,0,0
BRDA:12,0,1,3
BRDA:47,1,0,1
BRDA:47,1,1,1
BRDA:63,2,0,0
BRDA:63,2,1,1
BRDA:80,3,0,0
BRDA:80,3,1,1
BRDA:112,4,0,0
BRDA:112,4,1,1
BRDA:126,5,0,0
BRDA:126,5,1,1
BRDA:153,6,0,0
BRDA:153,6,1,1
BRDA:165,7,0,0
BRDA:165,7,1,1
BRF:16
BRH:9
end_of_record
TN:
SF:controllers/user_controller.js
FN:13,(anonymous_0)
FN:23,(anonymous_1)
FN:34,(anonymous_2)
FN:90,(anonymous_3)
FN:122,(anonymous_4)
FNF:5
FNH:5
FNDA:7,(anonymous_0)
FNDA:1,(anonymous_1)
FNDA:3,(anonymous_2)
FNDA:3,(anonymous_3)
FNDA:3,(anonymous_4)
DA:1,1
DA:2,1
DA:3,1
DA:4,1
DA:5,1
DA:6,1
DA:7,1
DA:8,1
DA:13,1
DA:14,7
DA:15,0
DA:17,7
DA:23,1
DA:24,1
DA:25,0
DA:28,1
DA:34,1
DA:35,3
DA:39,3
DA:40,3
DA:42,3
DA:46,0
DA:54,3
DA:56,3
DA:58,3
DA:59,3
DA:61,0
DA:62,0
DA:64,0
DA:68,3
DA:70,0
DA:71,0
DA:72,0
DA:74,0
DA:78,0
DA:81,3
DA:83,3
DA:84,3
DA:90,1
DA:91,3
DA:98,3
DA:99,0
DA:104,3
DA:105,3
DA:113,3
DA:122,1
DA:123,3
DA:129,3
DA:130,0
DA:137,3
DA:139,3
DA:141,3
LF:52
LH:39
BRDA:14,0,0,0
BRDA:14,0,1,7
BRDA:24,1,0,0
BRDA:24,1,1,1
BRDA:42,2,0,0
BRDA:42,2,1,3
BRDA:43,3,0,3
BRDA:43,3,1,3
BRDA:68,4,0,0
BRDA:68,4,1,3
BRDA:68,5,0,3
BRDA:68,5,1,0
BRDA:98,6,0,0
BRDA:98,6,1,3
BRDA:129,7,0,0
BRDA:129,7,1,3
BRF:16
BRH:9
end_of_record
TN:
SF:controllers/wishlist_controller.js
FN:11,(anonymous_0)
FN:21,(anonymous_1)
FN:51,(anonymous_2)
FN:64,(anonymous_3)
FNF:4
FNH:4
FNDA:1,(anonymous_0)
FNDA:1,(anonymous_1)
FNDA:1,(anonymous_2)
FNDA:1,(anonymous_3)
DA:1,1
DA:2,1
DA:3,1
DA:4,1
DA:5,1
DA:6,1
DA:11,1
DA:12,1
DA:13,0
DA:15,1
DA:21,1
DA:22,1
DA:23,0
DA:28,1
DA:35,1
DA:36,0
DA:39,1
DA:41,1
DA:51,1
DA:52,1
DA:54,1
DA:56,1
DA:58,1
DA:64,1
DA:65,1
DA:74,1
DA:75,0
DA:78,1
DA:84,1
LF:29
LH:25
BRDA:12,0,0,0
BRDA:12,0,1,1
BRDA:22,1,0,0
BRDA:22,1,1,1
BRDA:35,2,0,0
BRDA:35,2,1,1
BRDA:74,3,0,0
BRDA:74,3,1,1
BRF:8
BRH:4
end_of_record
TN:
SF:middleware/advancedQuerySearch.js
FN:12,(anonymous_0)
FN:12,(anonymous_1)
FN:59,(anonymous_2)
FNF:3
FNH:3
FNDA:10,(anonymous_0)
FNDA:26,(anonymous_1)
FNDA:84,(anonymous_2)
DA:1,1
DA:2,1
DA:3,1
DA:4,1
DA:5,1
DA:6,1
DA:7,1
DA:8,1
DA:9,1
DA:12,10
DA:13,26
DA:14,26
DA:16,26
DA:17,2
DA:23,26
DA:24,26
DA:26,26
DA:27,10
DA:28,10
DA:30,10
DA:31,5
DA:32,5
DA:33,0
DA:34,5
DA:35,5
DA:36,0
DA:37,0
DA:42,26
DA:44,26
DA:46,14
DA:49,14
DA:59,84
DA:60,14
DA:63,26
DA:65,1
DA:66,1
DA:69,26
DA:71,1
DA:72,1
DA:76,26
DA:77,26
DA:78,26
DA:79,26
DA:80,26
DA:83,26
DA:86,26
DA:87,1
DA:88,1
DA:89,1
DA:92,26
DA:93,1
DA:94,25
DA:95,0
DA:98,26
DA:99,1
DA:100,1
DA:102,1
DA:103,4
DA:104,0
DA:105,4
DA:106,1
DA:107,3
DA:108,0
DA:109,3
DA:110,1
DA:111,2
DA:112,1
DA:113,1
DA:114,0
DA:115,1
DA:116,0
DA:117,1
DA:118,0
DA:123,26
DA:125,26
DA:127,26
DA:128,1
DA:134,26
DA:135,1
DA:141,26
DA:143,26
DA:151,26
DA:154,1
LF:83
LH:74
BRDA:16,0,0,2
BRDA:16,0,1,24
BRDA:26,1,0,10
BRDA:26,1,1,16
BRDA:30,2,0,5
BRDA:30,2,1,5
BRDA:32,3,0,0
BRDA:32,3,1,5
BRDA:34,4,0,5
BRDA:34,4,1,0
BRDA:36,5,0,0
BRDA:36,5,1,0
BRDA:44,6,0,14
BRDA:44,6,1,12
BRDA:44,7,0,26
BRDA:44,7,1,12
BRDA:63,8,0,1
BRDA:63,8,1,25
BRDA:69,9,0,1
BRDA:69,9,1,25
BRDA:76,10,0,26
BRDA:76,10,1,25
BRDA:77,11,0,26
BRDA:77,11,1,25
BRDA:86,12,0,1
BRDA:86,12,1,25
BRDA:86,13,0,26
BRDA:86,13,1,26
BRDA:89,14,0,1
BRDA:89,14,1,0
BRDA:92,15,0,1
BRDA:92,15,1,25
BRDA:94,16,0,0
BRDA:94,16,1,25
BRDA:98,17,0,1
BRDA:98,17,1,25
BRDA:98,18,0,26
BRDA:98,18,1,2
BRDA:103,19,0,0
BRDA:103,19,1,4
BRDA:105,20,0,1
BRDA:105,20,1,3
BRDA:107,21,0,0
BRDA:107,21,1,3
BRDA:109,22,0,1
BRDA:109,22,1,2
BRDA:111,23,0,1
BRDA:111,23,1,1
BRDA:113,24,0,0
BRDA:113,24,1,1
BRDA:115,25,0,0
BRDA:115,25,1,1
BRDA:117,26,0,0
BRDA:117,26,1,1
BRDA:127,27,0,1
BRDA:127,27,1,25
BRDA:134,28,0,1
BRDA:134,28,1,25
BRF:58
BRH:47
end_of_record
TN:
SF:middleware/auth_middleware.js
FN:10,(anonymous_0)
FN:43,(anonymous_1)
FN:44,(anonymous_2)
FNF:3
FNH:3
FNDA:83,(anonymous_0)
FNDA:11,(anonymous_1)
FNDA:28,(anonymous_2)
DA:1,1
DA:2,1
DA:3,1
DA:4,1
DA:5,1
DA:6,1
DA:10,1
DA:13,83
DA:17,81
DA:18,2
DA:19,1
DA:23,83
DA:24,1
DA:26,82
DA:28,82
DA:31,80
DA:36,80
DA:38,2
DA:43,1
DA:44,11
DA:45,28
DA:46,1
DA:53,27
LF:23
LH:23
BRDA:13,0,0,81
BRDA:13,0,1,2
BRDA:14,1,0,83
BRDA:14,1,1,81
BRDA:18,2,0,1
BRDA:18,2,1,1
BRDA:23,3,0,1
BRDA:23,3,1,82
BRDA:45,4,0,1
BRDA:45,4,1,27
BRF:10
BRH:10
end_of_record
TN:
SF:middleware/error_middleware.js
FN:3,(anonymous_0)
FN:19,(anonymous_1)
FN:27,(anonymous_2)
FNF:3
FNH:3
FNDA:23,(anonymous_0)
FNDA:1,(anonymous_1)
FNDA:1,(anonymous_2)
DA:1,1
DA:3,1
DA:5,23
DA:6,23
DA:9,23
DA:10,1
DA:11,1
DA:15,23
DA:19,1
DA:20,1
DA:26,23
DA:27,1
DA:28,1
DA:31,23
DA:36,1
LF:15
LH:15
BRDA:9,0,0,1
BRDA:9,0,1,22
BRDA:9,1,0,23
BRDA:9,1,1,1
BRDA:15,2,0,1
BRDA:15,2,1,22
BRDA:16,3,0,23
BRDA:16,3,1,1
BRDA:26,4,0,1
BRDA:26,4,1,22
BRDA:32,5,0,23
BRDA:32,5,1,1
BRDA:33,6,0,23
BRDA:33,6,1,0
BRF:14
BRH:13
end_of_record
TN:
SF:models/Cart.js
FN:77,(anonymous_0)
FNF:1
FNH:1
FNDA:2,(anonymous_0)
DA:1,1
DA:2,1
DA:3,1
DA:4,1
DA:6,1
DA:63,1
DA:70,1
DA:77,1
DA:78,2
DA:86,1
LF:10
LH:10
BRF:0
BRH:0
end_of_record
TN:
SF:models/CartItem.js
FN:92,(anonymous_0)
FNF:1
FNH:1
FNDA:10,(anonymous_0)
DA:1,1
DA:2,1
DA:3,1
DA:4,1
DA:6,1
DA:92,1
DA:93,10
DA:100,10
DA:103,10
DA:106,10
DA:107,10
DA:110,10
DA:112,10
DA:125,10
DA:128,10
DA:131,10
DA:132,1
DA:136,10
DA:143,0
DA:147,1
DA:148,1
DA:149,1
DA:150,1
DA:151,1
DA:152,1
DA:154,1
LF:26
LH:25
BRDA:129,0,0,2
BRDA:129,0,1,8
BRDA:131,1,0,1
BRDA:131,1,1,9
BRDA:131,2,0,10
BRDA:131,2,1,2
BRF:6
BRH:6
end_of_record
TN:
SF:models/Order.js
FN:217,(anonymous_0)
FN:232,(anonymous_1)
FNF:2
FNH:2
FNDA:5,(anonymous_0)
FNDA:1,(anonymous_1)
DA:1,1
DA:2,1
DA:3,1
DA:4,1
DA:5,1
DA:6,1
DA:7,1
DA:9,1
DA:202,1
DA:208,1
DA:214,1
DA:215,1
DA:217,1
DA:218,5
DA:220,5
DA:223,5
DA:228,5
DA:229,5
DA:232,1
DA:233,1
DA:241,1
DA:247,1
DA:249,1
DA:258,1
DA:262,1
DA:263,1
DA:265,1
LF:27
LH:27
BRF:0
BRH:0
end_of_record
TN:
SF:models/OrderItems.js
FNF:0
FNH:0
DA:1,1
DA:2,1
DA:3,1
DA:5,1
DA:75,1
LF:5
LH:5
BRF:0
BRH:0
end_of_record
TN:
SF:models/Product.js
FNF:0
FNH:0
DA:1,1
DA:2,1
DA:3,1
DA:5,1
DA:86,1
DA:92,1
DA:94,1
LF:7
LH:7
BRF:0
BRH:0
end_of_record
TN:
SF:models/Reviews.js
FN:82,(anonymous_0)
FNF:1
FNH:1
FNDA:3,(anonymous_0)
DA:1,1
DA:2,1
DA:3,1
DA:5,1
DA:82,1
DA:83,3
DA:94,3
DA:98,3
DA:102,3
DA:103,0
DA:106,3
DA:109,3
DA:116,0
DA:120,1
DA:121,1
DA:122,1
DA:124,1
LF:17
LH:15
BRDA:99,0,0,0
BRDA:99,0,1,3
BRDA:102,1,0,0
BRDA:102,1,1,3
BRDA:102,2,0,3
BRDA:102,2,1,0
BRF:6
BRH:3
end_of_record
TN:
SF:models/User.js
FN:206,(anonymous_0)
FN:213,(anonymous_1)
FN:222,(anonymous_2)
FN:228,(anonymous_3)
FN:233,(anonymous_4)
FN:249,(anonymous_5)
FN:268,(anonymous_6)
FNF:7
FNH:7
FNDA:7,(anonymous_0)
FNDA:3,(anonymous_1)
FNDA:20,(anonymous_2)
FNDA:17,(anonymous_3)
FNDA:1,(anonymous_4)
FNDA:3,(anonymous_5)
FNDA:3,(anonymous_6)
DA:1,1
DA:2,1
DA:3,1
DA:4,1
DA:5,1
DA:6,1
DA:7,1
DA:8,1
DA:9,1
DA:10,1
DA:11,1
DA:14,1
DA:174,1
DA:179,1
DA:185,1
DA:186,1
DA:188,1
DA:189,1
DA:191,1
DA:192,1
DA:194,1
DA:195,1
DA:197,1
DA:198,1
DA:200,1
DA:201,1
DA:203,1
DA:204,1
DA:206,1
DA:207,7
DA:208,5
DA:209,5
DA:213,1
DA:214,3
DA:222,1
DA:223,20
DA:228,1
DA:229,17
DA:233,1
DA:235,1
DA:238,1
DA:244,1
DA:246,1
DA:249,1
DA:251,3
DA:254,3
DA:260,3
DA:261,3
DA:262,3
DA:263,3
DA:265,3
DA:268,1
DA:269,3
DA:273,3
DA:274,3
DA:276,0
DA:280,3
DA:282,3
DA:286,3
DA:288,3
DA:290,3
DA:292,3
DA:299,3
DA:302,1
DA:303,1
DA:305,1
LF:66
LH:65
BRDA:207,0,0,5
BRDA:207,0,1,2
BRDA:273,1,0,3
BRDA:273,1,1,0
BRDA:273,2,0,3
BRDA:273,2,1,0
BRF:6
BRH:4
end_of_record
TN:
SF:models/Wishlist.js
FNF:0
FNH:0
DA:1,1
DA:2,1
DA:3,1
DA:4,1
DA:6,1
DA:55,1
LF:6
LH:6
BRF:0
BRH:0
end_of_record
