{"/Users/jones/Desktop/Notto_Tech/Bridgecreek_CW/middleware/error_middleware.js":{"path":"/Users/jones/Desktop/Notto_Tech/Bridgecreek_CW/middleware/error_middleware.js","statementMap":{"0":{"start":{"line":1,"column":22},"end":{"line":1,"column":55}},"1":{"start":{"line":3,"column":21},"end":{"line":34,"column":1}},"2":{"start":{"line":5,"column":14},"end":{"line":5,"column":24}},"3":{"start":{"line":6,"column":2},"end":{"line":6,"column":30}},"4":{"start":{"line":9,"column":2},"end":{"line":12,"column":3}},"5":{"start":{"line":10,"column":20},"end":{"line":10,"column":40}},"6":{"start":{"line":11,"column":4},"end":{"line":11,"column":44}},"7":{"start":{"line":15,"column":2},"end":{"line":21,"column":3}},"8":{"start":{"line":19,"column":18},"end":{"line":19,"column":69}},"9":{"start":{"line":19,"column":57},"end":{"line":19,"column":68}},"10":{"start":{"line":20,"column":4},"end":{"line":20,"column":44}},"11":{"start":{"line":26,"column":2},"end":{"line":29,"column":3}},"12":{"start":{"line":27,"column":20},"end":{"line":27,"column":71}},"13":{"start":{"line":27,"column":59},"end":{"line":27,"column":70}},"14":{"start":{"line":28,"column":4},"end":{"line":28,"column":44}},"15":{"start":{"line":31,"column":2},"end":{"line":33,"column":70}},"16":{"start":{"line":36,"column":0},"end":{"line":36,"column":30}}},"fnMap":{"0":{"name":"(anonymous_0)","decl":{"start":{"line":3,"column":21},"end":{"line":3,"column":22}},"loc":{"start":{"line":3,"column":46},"end":{"line":34,"column":1}},"line":3},"1":{"name":"(anonymous_1)","decl":{"start":{"line":19,"column":48},"end":{"line":19,"column":49}},"loc":{"start":{"line":19,"column":57},"end":{"line":19,"column":68}},"line":19},"2":{"name":"(anonymous_2)","decl":{"start":{"line":27,"column":50},"end":{"line":27,"column":51}},"loc":{"start":{"line":27,"column":59},"end":{"line":27,"column":70}},"line":27}},"branchMap":{"0":{"loc":{"start":{"line":9,"column":2},"end":{"line":12,"column":3}},"type":"if","locations":[{"start":{"line":9,"column":2},"end":{"line":12,"column":3}},{"start":{"line":9,"column":2},"end":{"line":12,"column":3}}],"line":9},"1":{"loc":{"start":{"line":9,"column":6},"end":{"line":9,"column":74}},"type":"binary-expr","locations":[{"start":{"line":9,"column":6},"end":{"line":9,"column":43}},{"start":{"line":9,"column":47},"end":{"line":9,"column":74}}],"line":9},"2":{"loc":{"start":{"line":15,"column":2},"end":{"line":21,"column":3}},"type":"if","locations":[{"start":{"line":15,"column":2},"end":{"line":21,"column":3}},{"start":{"line":15,"column":2},"end":{"line":21,"column":3}}],"line":15},"3":{"loc":{"start":{"line":16,"column":4},"end":{"line":17,"column":31}},"type":"binary-expr","locations":[{"start":{"line":16,"column":4},"end":{"line":16,"column":49}},{"start":{"line":17,"column":4},"end":{"line":17,"column":31}}],"line":16},"4":{"loc":{"start":{"line":26,"column":2},"end":{"line":29,"column":3}},"type":"if","locations":[{"start":{"line":26,"column":2},"end":{"line":29,"column":3}},{"start":{"line":26,"column":2},"end":{"line":29,"column":3}}],"line":26},"5":{"loc":{"start":{"line":32,"column":12},"end":{"line":32,"column":35}},"type":"binary-expr","locations":[{"start":{"line":32,"column":12},"end":{"line":32,"column":28}},{"start":{"line":32,"column":32},"end":{"line":32,"column":35}}],"line":32},"6":{"loc":{"start":{"line":33,"column":35},"end":{"line":33,"column":66}},"type":"binary-expr","locations":[{"start":{"line":33,"column":35},"end":{"line":33,"column":48}},{"start":{"line":33,"column":52},"end":{"line":33,"column":66}}],"line":33}},"s":{"0":1,"1":1,"2":2,"3":2,"4":2,"5":0,"6":0,"7":2,"8":0,"9":0,"10":0,"11":2,"12":0,"13":0,"14":0,"15":2,"16":1},"f":{"0":2,"1":0,"2":0},"b":{"0":[0,2],"1":[2,0],"2":[0,2],"3":[2,0],"4":[0,2],"5":[2,0],"6":[2,0]},"_coverageSchema":"1a1c01bbd47fc00a2c39e90264f33305004495a9","hash":"6da54baaf42e30492495e3af75cdf5c88a0f9141","contentHash":"d09683670e095e70dfd75e78defefc6bc66364bfdd43be1845d70698b1553d0e"},"/Users/jones/Desktop/Notto_Tech/Bridgecreek_CW/controllers/user_controller.js":{"path":"/Users/jones/Desktop/Notto_Tech/Bridgecreek_CW/controllers/user_controller.js","statementMap":{"0":{"start":{"line":1,"column":14},"end":{"line":1,"column":39}},"1":{"start":{"line":2,"column":22},"end":{"line":2,"column":55}},"2":{"start":{"line":3,"column":21},"end":{"line":3,"column":62}},"3":{"start":{"line":4,"column":30},"end":{"line":4,"column":63}},"4":{"start":{"line":5,"column":27},"end":{"line":5,"column":56}},"5":{"start":{"line":6,"column":18},"end":{"line":6,"column":47}},"6":{"start":{"line":7,"column":15},"end":{"line":7,"column":40}},"7":{"start":{"line":8,"column":0},"end":{"line":8,"column":47}},"8":{"start":{"line":13,"column":0},"end":{"line":18,"column":3}},"9":{"start":{"line":14,"column":2},"end":{"line":16,"column":3}},"10":{"start":{"line":15,"column":4},"end":{"line":15,"column":57}},"11":{"start":{"line":17,"column":2},"end":{"line":17,"column":48}},"12":{"start":{"line":23,"column":0},"end":{"line":29,"column":3}},"13":{"start":{"line":24,"column":2},"end":{"line":26,"column":3}},"14":{"start":{"line":25,"column":4},"end":{"line":25,"column":57}},"15":{"start":{"line":28,"column":2},"end":{"line":28,"column":48}},"16":{"start":{"line":34,"column":0},"end":{"line":85,"column":3}},"17":{"start":{"line":35,"column":23},"end":{"line":37,"column":4}},"18":{"start":{"line":39,"column":15},"end":{"line":39,"column":42}},"19":{"start":{"line":40,"column":17},"end":{"line":40,"column":30}},"20":{"start":{"line":42,"column":2},"end":{"line":52,"column":3}},"21":{"start":{"line":46,"column":4},"end":{"line":51,"column":6}},"22":{"start":{"line":54,"column":23},"end":{"line":54,"column":56}},"23":{"start":{"line":56,"column":40},"end":{"line":56,"column":52}},"24":{"start":{"line":58,"column":2},"end":{"line":65,"column":3}},"25":{"start":{"line":59,"column":4},"end":{"line":59,"column":47}},"26":{"start":{"line":61,"column":4},"end":{"line":61,"column":72}},"27":{"start":{"line":62,"column":4},"end":{"line":62,"column":41}},"28":{"start":{"line":64,"column":4},"end":{"line":64,"column":67}},"29":{"start":{"line":68,"column":2},"end":{"line":79,"column":3}},"30":{"start":{"line":70,"column":17},"end":{"line":70,"column":27}},"31":{"start":{"line":71,"column":22},"end":{"line":71,"column":54}},"32":{"start":{"line":72,"column":20},"end":{"line":72,"column":39}},"33":{"start":{"line":74,"column":4},"end":{"line":77,"column":6}},"34":{"start":{"line":78,"column":4},"end":{"line":78,"column":53}},"35":{"start":{"line":81,"column":2},"end":{"line":81,"column":32}},"36":{"start":{"line":83,"column":2},"end":{"line":83,"column":20}},"37":{"start":{"line":84,"column":2},"end":{"line":84,"column":36}},"38":{"start":{"line":90,"column":0},"end":{"line":117,"column":3}},"39":{"start":{"line":91,"column":13},"end":{"line":96,"column":4}},"40":{"start":{"line":98,"column":2},"end":{"line":102,"column":3}},"41":{"start":{"line":99,"column":4},"end":{"line":101,"column":6}},"42":{"start":{"line":104,"column":20},"end":{"line":104,"column":39}},"43":{"start":{"line":105,"column":2},"end":{"line":105,"column":35}},"44":{"start":{"line":113,"column":2},"end":{"line":116,"column":5}},"45":{"start":{"line":122,"column":0},"end":{"line":145,"column":3}},"46":{"start":{"line":123,"column":15},"end":{"line":127,"column":4}},"47":{"start":{"line":129,"column":2},"end":{"line":136,"column":3}},"48":{"start":{"line":130,"column":4},"end":{"line":135,"column":6}},"49":{"start":{"line":137,"column":2},"end":{"line":137,"column":49}},"50":{"start":{"line":139,"column":2},"end":{"line":139,"column":17}},"51":{"start":{"line":141,"column":2},"end":{"line":144,"column":5}}},"fnMap":{"0":{"name":"(anonymous_0)","decl":{"start":{"line":13,"column":35},"end":{"line":13,"column":36}},"loc":{"start":{"line":13,"column":61},"end":{"line":18,"column":1}},"line":13},"1":{"name":"(anonymous_1)","decl":{"start":{"line":23,"column":31},"end":{"line":23,"column":32}},"loc":{"start":{"line":23,"column":57},"end":{"line":29,"column":1}},"line":23},"2":{"name":"(anonymous_2)","decl":{"start":{"line":34,"column":36},"end":{"line":34,"column":37}},"loc":{"start":{"line":34,"column":62},"end":{"line":85,"column":1}},"line":34},"3":{"name":"(anonymous_3)","decl":{"start":{"line":90,"column":34},"end":{"line":90,"column":35}},"loc":{"start":{"line":90,"column":60},"end":{"line":117,"column":1}},"line":90},"4":{"name":"(anonymous_4)","decl":{"start":{"line":122,"column":34},"end":{"line":122,"column":35}},"loc":{"start":{"line":122,"column":60},"end":{"line":145,"column":1}},"line":122}},"branchMap":{"0":{"loc":{"start":{"line":14,"column":2},"end":{"line":16,"column":3}},"type":"if","locations":[{"start":{"line":14,"column":2},"end":{"line":16,"column":3}},{"start":{"line":14,"column":2},"end":{"line":16,"column":3}}],"line":14},"1":{"loc":{"start":{"line":24,"column":2},"end":{"line":26,"column":3}},"type":"if","locations":[{"start":{"line":24,"column":2},"end":{"line":26,"column":3}},{"start":{"line":24,"column":2},"end":{"line":26,"column":3}}],"line":24},"2":{"loc":{"start":{"line":42,"column":2},"end":{"line":52,"column":3}},"type":"if","locations":[{"start":{"line":42,"column":2},"end":{"line":52,"column":3}},{"start":{"line":42,"column":2},"end":{"line":52,"column":3}}],"line":42},"3":{"loc":{"start":{"line":43,"column":4},"end":{"line":44,"column":41}},"type":"binary-expr","locations":[{"start":{"line":43,"column":4},"end":{"line":43,"column":37}},{"start":{"line":44,"column":4},"end":{"line":44,"column":41}}],"line":43},"4":{"loc":{"start":{"line":68,"column":2},"end":{"line":79,"column":3}},"type":"if","locations":[{"start":{"line":68,"column":2},"end":{"line":79,"column":3}},{"start":{"line":68,"column":2},"end":{"line":79,"column":3}}],"line":68},"5":{"loc":{"start":{"line":68,"column":6},"end":{"line":68,"column":61}},"type":"binary-expr","locations":[{"start":{"line":68,"column":6},"end":{"line":68,"column":18}},{"start":{"line":68,"column":22},"end":{"line":68,"column":61}}],"line":68},"6":{"loc":{"start":{"line":98,"column":2},"end":{"line":102,"column":3}},"type":"if","locations":[{"start":{"line":98,"column":2},"end":{"line":102,"column":3}},{"start":{"line":98,"column":2},"end":{"line":102,"column":3}}],"line":98},"7":{"loc":{"start":{"line":129,"column":2},"end":{"line":136,"column":3}},"type":"if","locations":[{"start":{"line":129,"column":2},"end":{"line":136,"column":3}},{"start":{"line":129,"column":2},"end":{"line":136,"column":3}}],"line":129}},"s":{"0":1,"1":1,"2":1,"3":1,"4":1,"5":1,"6":1,"7":1,"8":1,"9":0,"10":0,"11":0,"12":1,"13":0,"14":0,"15":0,"16":1,"17":0,"18":0,"19":0,"20":0,"21":0,"22":0,"23":0,"24":0,"25":0,"26":0,"27":0,"28":0,"29":0,"30":0,"31":0,"32":0,"33":0,"34":0,"35":0,"36":0,"37":0,"38":1,"39":0,"40":0,"41":0,"42":0,"43":0,"44":0,"45":1,"46":0,"47":0,"48":0,"49":0,"50":0,"51":0},"f":{"0":0,"1":0,"2":0,"3":0,"4":0},"b":{"0":[0,0],"1":[0,0],"2":[0,0],"3":[0,0],"4":[0,0],"5":[0,0],"6":[0,0],"7":[0,0]},"_coverageSchema":"1a1c01bbd47fc00a2c39e90264f33305004495a9","hash":"6ccb0ab80ccedf8f744c5806db8acbe182b37201","contentHash":"16844059c0b7059621070b5acd165b84844a0f427c83ec2cd3c85b83314b1adb"},"/Users/jones/Desktop/Notto_Tech/Bridgecreek_CW/models/User.js":{"path":"/Users/jones/Desktop/Notto_Tech/Bridgecreek_CW/models/User.js","statementMap":{"0":{"start":{"line":1,"column":18},"end":{"line":1,"column":38}},"1":{"start":{"line":2,"column":18},"end":{"line":2,"column":41}},"2":{"start":{"line":3,"column":15},"end":{"line":3,"column":34}},"3":{"start":{"line":4,"column":12},"end":{"line":4,"column":35}},"4":{"start":{"line":5,"column":17},"end":{"line":5,"column":46}},"5":{"start":{"line":6,"column":17},"end":{"line":6,"column":45}},"6":{"start":{"line":7,"column":16},"end":{"line":7,"column":44}},"7":{"start":{"line":8,"column":14},"end":{"line":8,"column":39}},"8":{"start":{"line":9,"column":18},"end":{"line":9,"column":47}},"9":{"start":{"line":10,"column":15},"end":{"line":10,"column":41}},"10":{"start":{"line":11,"column":15},"end":{"line":11,"column":32}},"11":{"start":{"line":14,"column":13},"end":{"line":170,"column":1}},"12":{"start":{"line":174,"column":0},"end":{"line":178,"column":3}},"13":{"start":{"line":179,"column":0},"end":{"line":183,"column":3}},"14":{"start":{"line":185,"column":0},"end":{"line":185,"column":48}},"15":{"start":{"line":186,"column":0},"end":{"line":186,"column":50}},"16":{"start":{"line":188,"column":0},"end":{"line":188,"column":46}},"17":{"start":{"line":189,"column":0},"end":{"line":189,"column":48}},"18":{"start":{"line":191,"column":0},"end":{"line":191,"column":48}},"19":{"start":{"line":192,"column":0},"end":{"line":192,"column":51}},"20":{"start":{"line":194,"column":0},"end":{"line":194,"column":47}},"21":{"start":{"line":195,"column":0},"end":{"line":195,"column":49}},"22":{"start":{"line":197,"column":0},"end":{"line":197,"column":56}},"23":{"start":{"line":198,"column":0},"end":{"line":198,"column":58}},"24":{"start":{"line":200,"column":0},"end":{"line":200,"column":57}},"25":{"start":{"line":201,"column":0},"end":{"line":201,"column":59}},"26":{"start":{"line":203,"column":0},"end":{"line":203,"column":51}},"27":{"start":{"line":204,"column":0},"end":{"line":204,"column":53}},"28":{"start":{"line":206,"column":28},"end":{"line":211,"column":1}},"29":{"start":{"line":207,"column":2},"end":{"line":210,"column":3}},"30":{"start":{"line":208,"column":17},"end":{"line":208,"column":41}},"31":{"start":{"line":209,"column":4},"end":{"line":209,"column":70}},"32":{"start":{"line":213,"column":0},"end":{"line":220,"column":2}},"33":{"start":{"line":214,"column":2},"end":{"line":219,"column":5}},"34":{"start":{"line":222,"column":0},"end":{"line":226,"column":2}},"35":{"start":{"line":223,"column":2},"end":{"line":225,"column":5}},"36":{"start":{"line":228,"column":0},"end":{"line":230,"column":2}},"37":{"start":{"line":229,"column":2},"end":{"line":229,"column":55}},"38":{"start":{"line":233,"column":0},"end":{"line":247,"column":2}},"39":{"start":{"line":235,"column":21},"end":{"line":235,"column":59}},"40":{"start":{"line":238,"column":2},"end":{"line":241,"column":19}},"41":{"start":{"line":244,"column":2},"end":{"line":244,"column":57}},"42":{"start":{"line":246,"column":2},"end":{"line":246,"column":20}},"43":{"start":{"line":249,"column":0},"end":{"line":266,"column":2}},"44":{"start":{"line":251,"column":21},"end":{"line":251,"column":59}},"45":{"start":{"line":254,"column":2},"end":{"line":257,"column":19}},"46":{"start":{"line":260,"column":15},"end":{"line":260,"column":25}},"47":{"start":{"line":261,"column":20},"end":{"line":261,"column":52}},"48":{"start":{"line":262,"column":18},"end":{"line":262,"column":37}},"49":{"start":{"line":263,"column":2},"end":{"line":263,"column":37}},"50":{"start":{"line":265,"column":2},"end":{"line":265,"column":20}},"51":{"start":{"line":268,"column":0},"end":{"line":300,"column":2}},"52":{"start":{"line":269,"column":19},"end":{"line":269,"column":53}},"53":{"start":{"line":273,"column":2},"end":{"line":277,"column":3}},"54":{"start":{"line":274,"column":4},"end":{"line":274,"column":38}},"55":{"start":{"line":276,"column":4},"end":{"line":276,"column":23}},"56":{"start":{"line":280,"column":2},"end":{"line":280,"column":44}},"57":{"start":{"line":282,"column":19},"end":{"line":284,"column":49}},"58":{"start":{"line":286,"column":14},"end":{"line":286,"column":241}},"59":{"start":{"line":288,"column":15},"end":{"line":288,"column":44}},"60":{"start":{"line":290,"column":18},"end":{"line":290,"column":32}},"61":{"start":{"line":292,"column":16},"end":{"line":297,"column":3}},"62":{"start":{"line":299,"column":2},"end":{"line":299,"column":17}},"63":{"start":{"line":302,"column":0},"end":{"line":302,"column":39}},"64":{"start":{"line":303,"column":0},"end":{"line":303,"column":39}},"65":{"start":{"line":305,"column":0},"end":{"line":305,"column":22}}},"fnMap":{"0":{"name":"(anonymous_0)","decl":{"start":{"line":206,"column":28},"end":{"line":206,"column":29}},"loc":{"start":{"line":206,"column":44},"end":{"line":211,"column":1}},"line":206},"1":{"name":"(anonymous_1)","decl":{"start":{"line":213,"column":36},"end":{"line":213,"column":37}},"loc":{"start":{"line":213,"column":60},"end":{"line":220,"column":1}},"line":213},"2":{"name":"(anonymous_2)","decl":{"start":{"line":222,"column":32},"end":{"line":222,"column":33}},"loc":{"start":{"line":222,"column":50},"end":{"line":226,"column":1}},"line":222},"3":{"name":"(anonymous_3)","decl":{"start":{"line":228,"column":31},"end":{"line":228,"column":32}},"loc":{"start":{"line":228,"column":57},"end":{"line":230,"column":1}},"line":228},"4":{"name":"(anonymous_4)","decl":{"start":{"line":233,"column":39},"end":{"line":233,"column":40}},"loc":{"start":{"line":233,"column":51},"end":{"line":247,"column":1}},"line":233},"5":{"name":"(anonymous_5)","decl":{"start":{"line":249,"column":39},"end":{"line":249,"column":40}},"loc":{"start":{"line":249,"column":51},"end":{"line":266,"column":1}},"line":249},"6":{"name":"(anonymous_6)","decl":{"start":{"line":268,"column":35},"end":{"line":268,"column":36}},"loc":{"start":{"line":268,"column":56},"end":{"line":300,"column":1}},"line":268}},"branchMap":{"0":{"loc":{"start":{"line":207,"column":2},"end":{"line":210,"column":3}},"type":"if","locations":[{"start":{"line":207,"column":2},"end":{"line":210,"column":3}},{"start":{"line":207,"column":2},"end":{"line":210,"column":3}}],"line":207},"1":{"loc":{"start":{"line":273,"column":2},"end":{"line":277,"column":3}},"type":"if","locations":[{"start":{"line":273,"column":2},"end":{"line":277,"column":3}},{"start":{"line":273,"column":2},"end":{"line":277,"column":3}}],"line":273},"2":{"loc":{"start":{"line":273,"column":6},"end":{"line":273,"column":54}},"type":"binary-expr","locations":[{"start":{"line":273,"column":6},"end":{"line":273,"column":37}},{"start":{"line":273,"column":41},"end":{"line":273,"column":54}}],"line":273}},"s":{"0":1,"1":1,"2":1,"3":1,"4":1,"5":1,"6":1,"7":1,"8":1,"9":1,"10":1,"11":1,"12":1,"13":1,"14":1,"15":1,"16":1,"17":1,"18":1,"19":1,"20":1,"21":1,"22":1,"23":1,"24":1,"25":1,"26":1,"27":1,"28":1,"29":0,"30":0,"31":0,"32":1,"33":0,"34":1,"35":1,"36":1,"37":1,"38":1,"39":0,"40":0,"41":0,"42":0,"43":1,"44":0,"45":0,"46":0,"47":0,"48":0,"49":0,"50":0,"51":1,"52":0,"53":0,"54":0,"55":0,"56":0,"57":0,"58":0,"59":0,"60":0,"61":0,"62":0,"63":1,"64":1,"65":1},"f":{"0":0,"1":0,"2":1,"3":1,"4":0,"5":0,"6":0},"b":{"0":[0,0],"1":[0,0],"2":[0,0]},"_coverageSchema":"1a1c01bbd47fc00a2c39e90264f33305004495a9","hash":"273f239a49db0acff2eeb61650aa16cf193c5756","contentHash":"e5941fd114f49f3b84d6af351a837d61a2994d0534857a8a6b2c62db4ab06d0d"},"/Users/jones/Desktop/Notto_Tech/Bridgecreek_CW/models/Wishlist.js":{"path":"/Users/jones/Desktop/Notto_Tech/Bridgecreek_CW/models/Wishlist.js","statementMap":{"0":{"start":{"line":1,"column":18},"end":{"line":1,"column":38}},"1":{"start":{"line":2,"column":18},"end":{"line":2,"column":41}},"2":{"start":{"line":3,"column":14},"end":{"line":3,"column":39}},"3":{"start":{"line":4,"column":17},"end":{"line":4,"column":45}},"4":{"start":{"line":6,"column":17},"end":{"line":51,"column":1}},"5":{"start":{"line":55,"column":0},"end":{"line":55,"column":26}}},"fnMap":{},"branchMap":{},"s":{"0":1,"1":1,"2":1,"3":1,"4":1,"5":1},"f":{},"b":{},"_coverageSchema":"1a1c01bbd47fc00a2c39e90264f33305004495a9","hash":"3af05253fa329db85822d05211aaea0ffe82c70b","contentHash":"8446628d6e06da72d39377a382ce7fc35974b0ae6096287804c86e180cb1a7de"},"/Users/jones/Desktop/Notto_Tech/Bridgecreek_CW/models/Product.js":{"path":"/Users/jones/Desktop/Notto_Tech/Bridgecreek_CW/models/Product.js","statementMap":{"0":{"start":{"line":1,"column":18},"end":{"line":1,"column":38}},"1":{"start":{"line":2,"column":18},"end":{"line":2,"column":41}},"2":{"start":{"line":3,"column":16},"end":{"line":3,"column":36}},"3":{"start":{"line":5,"column":16},"end":{"line":84,"column":1}},"4":{"start":{"line":86,"column":0},"end":{"line":90,"column":3}},"5":{"start":{"line":92,"column":0},"end":{"line":92,"column":56}},"6":{"start":{"line":94,"column":0},"end":{"line":94,"column":25}}},"fnMap":{},"branchMap":{},"s":{"0":1,"1":1,"2":1,"3":1,"4":1,"5":1,"6":1},"f":{},"b":{},"_coverageSchema":"1a1c01bbd47fc00a2c39e90264f33305004495a9","hash":"3c5af96467380a3eba4b7b9fdf9780ece4fa4378","contentHash":"353f2b4f9fd5df5d46e7317a3ba9335d8739d432a3917247ed1085fc34244728"},"/Users/jones/Desktop/Notto_Tech/Bridgecreek_CW/models/Reviews.js":{"path":"/Users/jones/Desktop/Notto_Tech/Bridgecreek_CW/models/Reviews.js","statementMap":{"0":{"start":{"line":1,"column":18},"end":{"line":1,"column":38}},"1":{"start":{"line":2,"column":18},"end":{"line":2,"column":41}},"2":{"start":{"line":3,"column":17},"end":{"line":3,"column":45}},"3":{"start":{"line":5,"column":16},"end":{"line":78,"column":1}},"4":{"start":{"line":82,"column":25},"end":{"line":118,"column":1}},"5":{"start":{"line":83,"column":14},"end":{"line":92,"column":4}},"6":{"start":{"line":94,"column":2},"end":{"line":117,"column":3}},"7":{"start":{"line":98,"column":4},"end":{"line":99,"column":77}},"8":{"start":{"line":102,"column":4},"end":{"line":104,"column":5}},"9":{"start":{"line":103,"column":6},"end":{"line":103,"column":20}},"10":{"start":{"line":106,"column":19},"end":{"line":106,"column":47}},"11":{"start":{"line":109,"column":4},"end":{"line":114,"column":6}},"12":{"start":{"line":116,"column":4},"end":{"line":116,"column":23}},"13":{"start":{"line":120,"column":0},"end":{"line":120,"column":39}},"14":{"start":{"line":121,"column":0},"end":{"line":121,"column":38}},"15":{"start":{"line":122,"column":0},"end":{"line":122,"column":38}},"16":{"start":{"line":124,"column":0},"end":{"line":124,"column":25}}},"fnMap":{"0":{"name":"(anonymous_0)","decl":{"start":{"line":82,"column":25},"end":{"line":82,"column":26}},"loc":{"start":{"line":82,"column":53},"end":{"line":118,"column":1}},"line":82}},"branchMap":{"0":{"loc":{"start":{"line":99,"column":6},"end":{"line":99,"column":76}},"type":"cond-expr","locations":[{"start":{"line":99,"column":33},"end":{"line":99,"column":57}},{"start":{"line":99,"column":60},"end":{"line":99,"column":76}}],"line":99},"1":{"loc":{"start":{"line":102,"column":4},"end":{"line":104,"column":5}},"type":"if","locations":[{"start":{"line":102,"column":4},"end":{"line":104,"column":5}},{"start":{"line":102,"column":4},"end":{"line":104,"column":5}}],"line":102},"2":{"loc":{"start":{"line":102,"column":8},"end":{"line":102,"column":27}},"type":"binary-expr","locations":[{"start":{"line":102,"column":8},"end":{"line":102,"column":15}},{"start":{"line":102,"column":19},"end":{"line":102,"column":27}}],"line":102}},"s":{"0":1,"1":1,"2":1,"3":1,"4":1,"5":0,"6":0,"7":0,"8":0,"9":0,"10":0,"11":0,"12":0,"13":1,"14":1,"15":1,"16":1},"f":{"0":0},"b":{"0":[0,0],"1":[0,0],"2":[0,0]},"_coverageSchema":"1a1c01bbd47fc00a2c39e90264f33305004495a9","hash":"945760209263e3c03313d3d8d387b94a4301f768","contentHash":"390de591e7dc6aa6cb841bf35c4657b7ecdd4d62913ce2391c6f8308e9d86697"},"/Users/jones/Desktop/Notto_Tech/Bridgecreek_CW/models/Cart.js":{"path":"/Users/jones/Desktop/Notto_Tech/Bridgecreek_CW/models/Cart.js","statementMap":{"0":{"start":{"line":1,"column":18},"end":{"line":1,"column":38}},"1":{"start":{"line":2,"column":18},"end":{"line":2,"column":41}},"2":{"start":{"line":3,"column":17},"end":{"line":3,"column":45}},"3":{"start":{"line":4,"column":18},"end":{"line":4,"column":47}},"4":{"start":{"line":6,"column":14},"end":{"line":59,"column":1}},"5":{"start":{"line":63,"column":0},"end":{"line":68,"column":3}},"6":{"start":{"line":70,"column":0},"end":{"line":75,"column":3}},"7":{"start":{"line":77,"column":0},"end":{"line":84,"column":2}},"8":{"start":{"line":78,"column":2},"end":{"line":83,"column":5}},"9":{"start":{"line":86,"column":0},"end":{"line":86,"column":23}}},"fnMap":{"0":{"name":"(anonymous_0)","decl":{"start":{"line":77,"column":34},"end":{"line":77,"column":35}},"loc":{"start":{"line":77,"column":58},"end":{"line":84,"column":1}},"line":77}},"branchMap":{},"s":{"0":1,"1":1,"2":1,"3":1,"4":1,"5":1,"6":1,"7":1,"8":0,"9":1},"f":{"0":0},"b":{},"_coverageSchema":"1a1c01bbd47fc00a2c39e90264f33305004495a9","hash":"58df20b274c996c97ab88ee21784b042a1c5d69c","contentHash":"ffb44a934255c21ad2dd7b79ea6510f35673587d06917bb28ce62f7cb1a9edef"},"/Users/jones/Desktop/Notto_Tech/Bridgecreek_CW/models/CartItem.js":{"path":"/Users/jones/Desktop/Notto_Tech/Bridgecreek_CW/models/CartItem.js","statementMap":{"0":{"start":{"line":1,"column":18},"end":{"line":1,"column":38}},"1":{"start":{"line":2,"column":18},"end":{"line":2,"column":41}},"2":{"start":{"line":3,"column":17},"end":{"line":3,"column":45}},"3":{"start":{"line":4,"column":14},"end":{"line":4,"column":31}},"4":{"start":{"line":6,"column":18},"end":{"line":90,"column":1}},"5":{"start":{"line":92,"column":33},"end":{"line":145,"column":1}},"6":{"start":{"line":93,"column":18},"end":{"line":96,"column":4}},"7":{"start":{"line":100,"column":4},"end":{"line":100,"column":68}},"8":{"start":{"line":103,"column":25},"end":{"line":103,"column":65}},"9":{"start":{"line":106,"column":14},"end":{"line":106,"column":41}},"10":{"start":{"line":107,"column":2},"end":{"line":107,"column":56}},"11":{"start":{"line":110,"column":2},"end":{"line":110,"column":73}},"12":{"start":{"line":112,"column":23},"end":{"line":122,"column":4}},"13":{"start":{"line":125,"column":2},"end":{"line":144,"column":3}},"14":{"start":{"line":128,"column":4},"end":{"line":129,"column":71}},"15":{"start":{"line":131,"column":4},"end":{"line":133,"column":5}},"16":{"start":{"line":132,"column":6},"end":{"line":132,"column":20}},"17":{"start":{"line":136,"column":4},"end":{"line":141,"column":8}},"18":{"start":{"line":143,"column":4},"end":{"line":143,"column":23}},"19":{"start":{"line":147,"column":0},"end":{"line":147,"column":49}},"20":{"start":{"line":148,"column":0},"end":{"line":148,"column":48}},"21":{"start":{"line":149,"column":0},"end":{"line":149,"column":49}},"22":{"start":{"line":150,"column":0},"end":{"line":150,"column":48}},"23":{"start":{"line":151,"column":0},"end":{"line":151,"column":50}},"24":{"start":{"line":152,"column":0},"end":{"line":152,"column":49}},"25":{"start":{"line":154,"column":0},"end":{"line":154,"column":27}}},"fnMap":{"0":{"name":"(anonymous_0)","decl":{"start":{"line":92,"column":33},"end":{"line":92,"column":34}},"loc":{"start":{"line":92,"column":64},"end":{"line":145,"column":1}},"line":92}},"branchMap":{"0":{"loc":{"start":{"line":129,"column":6},"end":{"line":129,"column":70}},"type":"cond-expr","locations":[{"start":{"line":129,"column":42},"end":{"line":129,"column":43}},{"start":{"line":129,"column":46},"end":{"line":129,"column":70}}],"line":129},"1":{"loc":{"start":{"line":131,"column":4},"end":{"line":133,"column":5}},"type":"if","locations":[{"start":{"line":131,"column":4},"end":{"line":133,"column":5}},{"start":{"line":131,"column":4},"end":{"line":133,"column":5}}],"line":131},"2":{"loc":{"start":{"line":131,"column":8},"end":{"line":131,"column":36}},"type":"binary-expr","locations":[{"start":{"line":131,"column":8},"end":{"line":131,"column":24}},{"start":{"line":131,"column":28},"end":{"line":131,"column":36}}],"line":131}},"s":{"0":1,"1":1,"2":1,"3":1,"4":1,"5":1,"6":0,"7":0,"8":0,"9":0,"10":0,"11":0,"12":0,"13":0,"14":0,"15":0,"16":0,"17":0,"18":0,"19":1,"20":1,"21":1,"22":1,"23":1,"24":1,"25":1},"f":{"0":0},"b":{"0":[0,0],"1":[0,0],"2":[0,0]},"_coverageSchema":"1a1c01bbd47fc00a2c39e90264f33305004495a9","hash":"02d58be2363fd494695b54d07e6290a13f8230d1","contentHash":"95b62e7c75833df8d32f4f53c9130867046bdc8fac153620e2535b1ff72eade3"},"/Users/jones/Desktop/Notto_Tech/Bridgecreek_CW/models/Order.js":{"path":"/Users/jones/Desktop/Notto_Tech/Bridgecreek_CW/models/Order.js","statementMap":{"0":{"start":{"line":1,"column":18},"end":{"line":1,"column":38}},"1":{"start":{"line":2,"column":18},"end":{"line":2,"column":41}},"2":{"start":{"line":3,"column":14},"end":{"line":3,"column":39}},"3":{"start":{"line":4,"column":18},"end":{"line":4,"column":47}},"4":{"start":{"line":5,"column":17},"end":{"line":5,"column":45}},"5":{"start":{"line":6,"column":19},"end":{"line":6,"column":50}},"6":{"start":{"line":7,"column":15},"end":{"line":7,"column":35}},"7":{"start":{"line":9,"column":14},"end":{"line":198,"column":1}},"8":{"start":{"line":202,"column":0},"end":{"line":206,"column":3}},"9":{"start":{"line":208,"column":0},"end":{"line":212,"column":3}},"10":{"start":{"line":214,"column":0},"end":{"line":214,"column":53}},"11":{"start":{"line":215,"column":0},"end":{"line":215,"column":55}},"12":{"start":{"line":217,"column":22},"end":{"line":230,"column":1}},"13":{"start":{"line":218,"column":53},"end":{"line":218,"column":69}},"14":{"start":{"line":220,"column":20},"end":{"line":220,"column":50}},"15":{"start":{"line":223,"column":4},"end":{"line":226,"column":25}},"16":{"start":{"line":228,"column":2},"end":{"line":228,"column":59}},"17":{"start":{"line":229,"column":2},"end":{"line":229,"column":52}},"18":{"start":{"line":232,"column":0},"end":{"line":260,"column":2}},"19":{"start":{"line":233,"column":15},"end":{"line":239,"column":4}},"20":{"start":{"line":241,"column":2},"end":{"line":259,"column":3}},"21":{"start":{"line":241,"column":15},"end":{"line":241,"column":16}},"22":{"start":{"line":247,"column":8},"end":{"line":247,"column":46}},"23":{"start":{"line":249,"column":28},"end":{"line":256,"column":5}},"24":{"start":{"line":258,"column":4},"end":{"line":258,"column":45}},"25":{"start":{"line":262,"column":0},"end":{"line":262,"column":34}},"26":{"start":{"line":263,"column":0},"end":{"line":263,"column":34}},"27":{"start":{"line":265,"column":0},"end":{"line":265,"column":23}}},"fnMap":{"0":{"name":"(anonymous_0)","decl":{"start":{"line":217,"column":22},"end":{"line":217,"column":23}},"loc":{"start":{"line":217,"column":49},"end":{"line":230,"column":1}},"line":217},"1":{"name":"(anonymous_1)","decl":{"start":{"line":232,"column":35},"end":{"line":232,"column":36}},"loc":{"start":{"line":232,"column":56},"end":{"line":260,"column":1}},"line":232}},"branchMap":{},"s":{"0":1,"1":1,"2":1,"3":1,"4":1,"5":1,"6":1,"7":1,"8":1,"9":1,"10":1,"11":1,"12":1,"13":0,"14":0,"15":0,"16":0,"17":0,"18":1,"19":0,"20":0,"21":0,"22":0,"23":0,"24":0,"25":1,"26":1,"27":1},"f":{"0":0,"1":0},"b":{},"_coverageSchema":"1a1c01bbd47fc00a2c39e90264f33305004495a9","hash":"182735739aa93944d06fb2e29f8445b8b50f70a3","contentHash":"963ee9eaa77653a792fb46be38330bba5b459b162a45b6bce469781f099a6499"},"/Users/jones/Desktop/Notto_Tech/Bridgecreek_CW/models/OrderItems.js":{"path":"/Users/jones/Desktop/Notto_Tech/Bridgecreek_CW/models/OrderItems.js","statementMap":{"0":{"start":{"line":1,"column":18},"end":{"line":1,"column":38}},"1":{"start":{"line":2,"column":18},"end":{"line":2,"column":41}},"2":{"start":{"line":3,"column":14},"end":{"line":3,"column":32}},"3":{"start":{"line":5,"column":19},"end":{"line":73,"column":1}},"4":{"start":{"line":75,"column":0},"end":{"line":75,"column":28}}},"fnMap":{},"branchMap":{},"s":{"0":1,"1":1,"2":1,"3":1,"4":1},"f":{},"b":{},"_coverageSchema":"1a1c01bbd47fc00a2c39e90264f33305004495a9","hash":"8984c82927c82433a8557dee751bbc0bf0b4bb71","contentHash":"7806d05fd6dbd25b5204de878577feaf0d9afb3c52a0665dc222071bf83cd27d"},"/Users/jones/Desktop/Notto_Tech/Bridgecreek_CW/middleware/auth_middleware.js":{"path":"/Users/jones/Desktop/Notto_Tech/Bridgecreek_CW/middleware/auth_middleware.js","statementMap":{"0":{"start":{"line":1,"column":14},"end":{"line":1,"column":39}},"1":{"start":{"line":2,"column":13},"end":{"line":2,"column":38}},"2":{"start":{"line":3,"column":15},"end":{"line":3,"column":41}},"3":{"start":{"line":4,"column":12},"end":{"line":4,"column":35}},"4":{"start":{"line":5,"column":21},"end":{"line":5,"column":50}},"5":{"start":{"line":6,"column":22},"end":{"line":6,"column":55}},"6":{"start":{"line":10,"column":0},"end":{"line":40,"column":3}},"7":{"start":{"line":13,"column":2},"end":{"line":20,"column":3}},"8":{"start":{"line":17,"column":4},"end":{"line":17,"column":52}},"9":{"start":{"line":18,"column":9},"end":{"line":20,"column":3}},"10":{"start":{"line":19,"column":4},"end":{"line":19,"column":30}},"11":{"start":{"line":23,"column":2},"end":{"line":25,"column":3}},"12":{"start":{"line":24,"column":4},"end":{"line":24,"column":79}},"13":{"start":{"line":26,"column":2},"end":{"line":39,"column":3}},"14":{"start":{"line":28,"column":20},"end":{"line":28,"column":61}},"15":{"start":{"line":31,"column":4},"end":{"line":34,"column":7}},"16":{"start":{"line":36,"column":4},"end":{"line":36,"column":11}},"17":{"start":{"line":38,"column":4},"end":{"line":38,"column":79}},"18":{"start":{"line":43,"column":0},"end":{"line":55,"column":2}},"19":{"start":{"line":44,"column":2},"end":{"line":54,"column":4}},"20":{"start":{"line":45,"column":4},"end":{"line":52,"column":5}},"21":{"start":{"line":46,"column":6},"end":{"line":51,"column":8}},"22":{"start":{"line":53,"column":4},"end":{"line":53,"column":11}}},"fnMap":{"0":{"name":"(anonymous_0)","decl":{"start":{"line":10,"column":31},"end":{"line":10,"column":32}},"loc":{"start":{"line":10,"column":57},"end":{"line":40,"column":1}},"line":10},"1":{"name":"(anonymous_1)","decl":{"start":{"line":43,"column":20},"end":{"line":43,"column":21}},"loc":{"start":{"line":43,"column":34},"end":{"line":55,"column":1}},"line":43},"2":{"name":"(anonymous_2)","decl":{"start":{"line":44,"column":9},"end":{"line":44,"column":10}},"loc":{"start":{"line":44,"column":29},"end":{"line":54,"column":3}},"line":44}},"branchMap":{"0":{"loc":{"start":{"line":13,"column":2},"end":{"line":20,"column":3}},"type":"if","locations":[{"start":{"line":13,"column":2},"end":{"line":20,"column":3}},{"start":{"line":13,"column":2},"end":{"line":20,"column":3}}],"line":13},"1":{"loc":{"start":{"line":14,"column":4},"end":{"line":15,"column":50}},"type":"binary-expr","locations":[{"start":{"line":14,"column":4},"end":{"line":14,"column":29}},{"start":{"line":15,"column":4},"end":{"line":15,"column":50}}],"line":14},"2":{"loc":{"start":{"line":18,"column":9},"end":{"line":20,"column":3}},"type":"if","locations":[{"start":{"line":18,"column":9},"end":{"line":20,"column":3}},{"start":{"line":18,"column":9},"end":{"line":20,"column":3}}],"line":18},"3":{"loc":{"start":{"line":23,"column":2},"end":{"line":25,"column":3}},"type":"if","locations":[{"start":{"line":23,"column":2},"end":{"line":25,"column":3}},{"start":{"line":23,"column":2},"end":{"line":25,"column":3}}],"line":23},"4":{"loc":{"start":{"line":45,"column":4},"end":{"line":52,"column":5}},"type":"if","locations":[{"start":{"line":45,"column":4},"end":{"line":52,"column":5}},{"start":{"line":45,"column":4},"end":{"line":52,"column":5}}],"line":45}},"s":{"0":1,"1":1,"2":1,"3":1,"4":1,"5":1,"6":1,"7":7,"8":7,"9":0,"10":0,"11":7,"12":0,"13":7,"14":7,"15":7,"16":7,"17":0,"18":1,"19":11,"20":1,"21":0,"22":1},"f":{"0":7,"1":11,"2":1},"b":{"0":[7,0],"1":[7,7],"2":[0,0],"3":[0,7],"4":[0,1]},"_coverageSchema":"1a1c01bbd47fc00a2c39e90264f33305004495a9","hash":"e87a620730905b727d9ffaab50ba9b68ad8ae972","contentHash":"accaa41ef605986414b8e938e1856fc634f02f668490f397b85b040fdbbc1227"},"/Users/jones/Desktop/Notto_Tech/Bridgecreek_CW/middleware/advancedQuerySearch.js":{"path":"/Users/jones/Desktop/Notto_Tech/Bridgecreek_CW/middleware/advancedQuerySearch.js","statementMap":{"0":{"start":{"line":1,"column":15},"end":{"line":1,"column":35}},"1":{"start":{"line":2,"column":13},"end":{"line":2,"column":38}},"2":{"start":{"line":3,"column":14},"end":{"line":3,"column":39}},"3":{"start":{"line":4,"column":17},"end":{"line":4,"column":46}},"4":{"start":{"line":5,"column":17},"end":{"line":5,"column":45}},"5":{"start":{"line":6,"column":16},"end":{"line":6,"column":44}},"6":{"start":{"line":7,"column":17},"end":{"line":7,"column":46}},"7":{"start":{"line":8,"column":15},"end":{"line":8,"column":41}},"8":{"start":{"line":9,"column":19},"end":{"line":9,"column":50}},"9":{"start":{"line":12,"column":2},"end":{"line":152,"column":3}},"10":{"start":{"line":12,"column":29},"end":{"line":152,"column":3}},"11":{"start":{"line":13,"column":16},"end":{"line":13,"column":18}},"12":{"start":{"line":14,"column":4},"end":{"line":14,"column":29}},"13":{"start":{"line":16,"column":4},"end":{"line":18,"column":5}},"14":{"start":{"line":17,"column":6},"end":{"line":17,"column":51}},"15":{"start":{"line":23,"column":19},"end":{"line":23,"column":44}},"16":{"start":{"line":24,"column":16},"end":{"line":24,"column":56}},"17":{"start":{"line":26,"column":4},"end":{"line":39,"column":5}},"18":{"start":{"line":27,"column":6},"end":{"line":27,"column":50}},"19":{"start":{"line":28,"column":6},"end":{"line":28,"column":39}},"20":{"start":{"line":30,"column":6},"end":{"line":38,"column":7}},"21":{"start":{"line":31,"column":8},"end":{"line":31,"column":68}},"22":{"start":{"line":32,"column":13},"end":{"line":38,"column":7}},"23":{"start":{"line":33,"column":8},"end":{"line":33,"column":67}},"24":{"start":{"line":34,"column":13},"end":{"line":38,"column":7}},"25":{"start":{"line":35,"column":8},"end":{"line":35,"column":68}},"26":{"start":{"line":36,"column":13},"end":{"line":38,"column":7}},"27":{"start":{"line":37,"column":8},"end":{"line":37,"column":67}},"28":{"start":{"line":42,"column":19},"end":{"line":42,"column":35}},"29":{"start":{"line":44,"column":4},"end":{"line":61,"column":5}},"30":{"start":{"line":46,"column":6},"end":{"line":46,"column":34}},"31":{"start":{"line":49,"column":27},"end":{"line":56,"column":7}},"32":{"start":{"line":59,"column":6},"end":{"line":59,"column":63}},"33":{"start":{"line":59,"column":38},"end":{"line":59,"column":61}},"34":{"start":{"line":60,"column":6},"end":{"line":60,"column":33}},"35":{"start":{"line":63,"column":4},"end":{"line":67,"column":5}},"36":{"start":{"line":65,"column":28},"end":{"line":65,"column":61}},"37":{"start":{"line":66,"column":6},"end":{"line":66,"column":42}},"38":{"start":{"line":69,"column":4},"end":{"line":73,"column":5}},"39":{"start":{"line":71,"column":23},"end":{"line":71,"column":51}},"40":{"start":{"line":72,"column":6},"end":{"line":72,"column":36}},"41":{"start":{"line":76,"column":17},"end":{"line":76,"column":49}},"42":{"start":{"line":77,"column":18},"end":{"line":77,"column":52}},"43":{"start":{"line":78,"column":23},"end":{"line":78,"column":41}},"44":{"start":{"line":79,"column":21},"end":{"line":79,"column":33}},"45":{"start":{"line":80,"column":18},"end":{"line":80,"column":37}},"46":{"start":{"line":83,"column":23},"end":{"line":83,"column":25}},"47":{"start":{"line":86,"column":4},"end":{"line":90,"column":5}},"48":{"start":{"line":87,"column":6},"end":{"line":87,"column":29}},"49":{"start":{"line":88,"column":6},"end":{"line":88,"column":35}},"50":{"start":{"line":89,"column":6},"end":{"line":89,"column":60}},"51":{"start":{"line":92,"column":4},"end":{"line":96,"column":5}},"52":{"start":{"line":93,"column":6},"end":{"line":93,"column":39}},"53":{"start":{"line":94,"column":11},"end":{"line":96,"column":5}},"54":{"start":{"line":95,"column":6},"end":{"line":95,"column":53}},"55":{"start":{"line":98,"column":4},"end":{"line":121,"column":5}},"56":{"start":{"line":99,"column":6},"end":{"line":99,"column":28}},"57":{"start":{"line":100,"column":26},"end":{"line":100,"column":53}},"58":{"start":{"line":102,"column":6},"end":{"line":120,"column":7}},"59":{"start":{"line":102,"column":19},"end":{"line":102,"column":20}},"60":{"start":{"line":103,"column":8},"end":{"line":119,"column":9}},"61":{"start":{"line":104,"column":10},"end":{"line":104,"column":49}},"62":{"start":{"line":105,"column":15},"end":{"line":119,"column":9}},"63":{"start":{"line":106,"column":10},"end":{"line":106,"column":50}},"64":{"start":{"line":107,"column":15},"end":{"line":119,"column":9}},"65":{"start":{"line":108,"column":10},"end":{"line":108,"column":53}},"66":{"start":{"line":109,"column":15},"end":{"line":119,"column":9}},"67":{"start":{"line":110,"column":10},"end":{"line":110,"column":53}},"68":{"start":{"line":111,"column":15},"end":{"line":119,"column":9}},"69":{"start":{"line":112,"column":10},"end":{"line":112,"column":52}},"70":{"start":{"line":113,"column":15},"end":{"line":119,"column":9}},"71":{"start":{"line":114,"column":10},"end":{"line":114,"column":53}},"72":{"start":{"line":115,"column":15},"end":{"line":119,"column":9}},"73":{"start":{"line":116,"column":10},"end":{"line":116,"column":51}},"74":{"start":{"line":117,"column":15},"end":{"line":119,"column":9}},"75":{"start":{"line":118,"column":10},"end":{"line":118,"column":55}},"76":{"start":{"line":123,"column":4},"end":{"line":123,"column":33}},"77":{"start":{"line":125,"column":20},"end":{"line":125,"column":31}},"78":{"start":{"line":127,"column":4},"end":{"line":132,"column":5}},"79":{"start":{"line":128,"column":6},"end":{"line":131,"column":8}},"80":{"start":{"line":134,"column":4},"end":{"line":139,"column":5}},"81":{"start":{"line":135,"column":6},"end":{"line":138,"column":8}},"82":{"start":{"line":141,"column":28},"end":{"line":141,"column":59}},"83":{"start":{"line":143,"column":4},"end":{"line":149,"column":6}},"84":{"start":{"line":151,"column":4},"end":{"line":151,"column":11}},"85":{"start":{"line":154,"column":0},"end":{"line":154,"column":37}}},"fnMap":{"0":{"name":"(anonymous_0)","decl":{"start":{"line":12,"column":2},"end":{"line":12,"column":3}},"loc":{"start":{"line":12,"column":29},"end":{"line":152,"column":3}},"line":12},"1":{"name":"(anonymous_1)","decl":{"start":{"line":12,"column":29},"end":{"line":12,"column":30}},"loc":{"start":{"line":12,"column":55},"end":{"line":152,"column":3}},"line":12},"2":{"name":"(anonymous_2)","decl":{"start":{"line":59,"column":27},"end":{"line":59,"column":28}},"loc":{"start":{"line":59,"column":38},"end":{"line":59,"column":61}},"line":59}},"branchMap":{"0":{"loc":{"start":{"line":16,"column":4},"end":{"line":18,"column":5}},"type":"if","locations":[{"start":{"line":16,"column":4},"end":{"line":18,"column":5}},{"start":{"line":16,"column":4},"end":{"line":18,"column":5}}],"line":16},"1":{"loc":{"start":{"line":26,"column":4},"end":{"line":39,"column":5}},"type":"if","locations":[{"start":{"line":26,"column":4},"end":{"line":39,"column":5}},{"start":{"line":26,"column":4},"end":{"line":39,"column":5}}],"line":26},"2":{"loc":{"start":{"line":30,"column":6},"end":{"line":38,"column":7}},"type":"if","locations":[{"start":{"line":30,"column":6},"end":{"line":38,"column":7}},{"start":{"line":30,"column":6},"end":{"line":38,"column":7}}],"line":30},"3":{"loc":{"start":{"line":32,"column":13},"end":{"line":38,"column":7}},"type":"if","locations":[{"start":{"line":32,"column":13},"end":{"line":38,"column":7}},{"start":{"line":32,"column":13},"end":{"line":38,"column":7}}],"line":32},"4":{"loc":{"start":{"line":34,"column":13},"end":{"line":38,"column":7}},"type":"if","locations":[{"start":{"line":34,"column":13},"end":{"line":38,"column":7}},{"start":{"line":34,"column":13},"end":{"line":38,"column":7}}],"line":34},"5":{"loc":{"start":{"line":36,"column":13},"end":{"line":38,"column":7}},"type":"if","locations":[{"start":{"line":36,"column":13},"end":{"line":38,"column":7}},{"start":{"line":36,"column":13},"end":{"line":38,"column":7}}],"line":36},"6":{"loc":{"start":{"line":44,"column":4},"end":{"line":61,"column":5}},"type":"if","locations":[{"start":{"line":44,"column":4},"end":{"line":61,"column":5}},{"start":{"line":44,"column":4},"end":{"line":61,"column":5}}],"line":44},"7":{"loc":{"start":{"line":44,"column":8},"end":{"line":44,"column":36}},"type":"binary-expr","locations":[{"start":{"line":44,"column":8},"end":{"line":44,"column":20}},{"start":{"line":44,"column":24},"end":{"line":44,"column":36}}],"line":44},"8":{"loc":{"start":{"line":63,"column":4},"end":{"line":67,"column":5}},"type":"if","locations":[{"start":{"line":63,"column":4},"end":{"line":67,"column":5}},{"start":{"line":63,"column":4},"end":{"line":67,"column":5}}],"line":63},"9":{"loc":{"start":{"line":69,"column":4},"end":{"line":73,"column":5}},"type":"if","locations":[{"start":{"line":69,"column":4},"end":{"line":73,"column":5}},{"start":{"line":69,"column":4},"end":{"line":73,"column":5}}],"line":69},"10":{"loc":{"start":{"line":76,"column":17},"end":{"line":76,"column":49}},"type":"binary-expr","locations":[{"start":{"line":76,"column":17},"end":{"line":76,"column":44}},{"start":{"line":76,"column":48},"end":{"line":76,"column":49}}],"line":76},"11":{"loc":{"start":{"line":77,"column":18},"end":{"line":77,"column":52}},"type":"binary-expr","locations":[{"start":{"line":77,"column":18},"end":{"line":77,"column":46}},{"start":{"line":77,"column":50},"end":{"line":77,"column":52}}],"line":77},"12":{"loc":{"start":{"line":86,"column":4},"end":{"line":90,"column":5}},"type":"if","locations":[{"start":{"line":86,"column":4},"end":{"line":90,"column":5}},{"start":{"line":86,"column":4},"end":{"line":90,"column":5}}],"line":86},"13":{"loc":{"start":{"line":86,"column":8},"end":{"line":86,"column":41}},"type":"binary-expr","locations":[{"start":{"line":86,"column":8},"end":{"line":86,"column":23}},{"start":{"line":86,"column":27},"end":{"line":86,"column":41}}],"line":86},"14":{"loc":{"start":{"line":89,"column":23},"end":{"line":89,"column":59}},"type":"cond-expr","locations":[{"start":{"line":89,"column":40},"end":{"line":89,"column":54}},{"start":{"line":89,"column":57},"end":{"line":89,"column":59}}],"line":89},"15":{"loc":{"start":{"line":92,"column":4},"end":{"line":96,"column":5}},"type":"if","locations":[{"start":{"line":92,"column":4},"end":{"line":96,"column":5}},{"start":{"line":92,"column":4},"end":{"line":96,"column":5}}],"line":92},"16":{"loc":{"start":{"line":94,"column":11},"end":{"line":96,"column":5}},"type":"if","locations":[{"start":{"line":94,"column":11},"end":{"line":96,"column":5}},{"start":{"line":94,"column":11},"end":{"line":96,"column":5}}],"line":94},"17":{"loc":{"start":{"line":98,"column":4},"end":{"line":121,"column":5}},"type":"if","locations":[{"start":{"line":98,"column":4},"end":{"line":121,"column":5}},{"start":{"line":98,"column":4},"end":{"line":121,"column":5}}],"line":98},"18":{"loc":{"start":{"line":98,"column":8},"end":{"line":98,"column":64}},"type":"binary-expr","locations":[{"start":{"line":98,"column":8},"end":{"line":98,"column":24}},{"start":{"line":98,"column":28},"end":{"line":98,"column":64}}],"line":98},"19":{"loc":{"start":{"line":103,"column":8},"end":{"line":119,"column":9}},"type":"if","locations":[{"start":{"line":103,"column":8},"end":{"line":119,"column":9}},{"start":{"line":103,"column":8},"end":{"line":119,"column":9}}],"line":103},"20":{"loc":{"start":{"line":105,"column":15},"end":{"line":119,"column":9}},"type":"if","locations":[{"start":{"line":105,"column":15},"end":{"line":119,"column":9}},{"start":{"line":105,"column":15},"end":{"line":119,"column":9}}],"line":105},"21":{"loc":{"start":{"line":107,"column":15},"end":{"line":119,"column":9}},"type":"if","locations":[{"start":{"line":107,"column":15},"end":{"line":119,"column":9}},{"start":{"line":107,"column":15},"end":{"line":119,"column":9}}],"line":107},"22":{"loc":{"start":{"line":109,"column":15},"end":{"line":119,"column":9}},"type":"if","locations":[{"start":{"line":109,"column":15},"end":{"line":119,"column":9}},{"start":{"line":109,"column":15},"end":{"line":119,"column":9}}],"line":109},"23":{"loc":{"start":{"line":111,"column":15},"end":{"line":119,"column":9}},"type":"if","locations":[{"start":{"line":111,"column":15},"end":{"line":119,"column":9}},{"start":{"line":111,"column":15},"end":{"line":119,"column":9}}],"line":111},"24":{"loc":{"start":{"line":113,"column":15},"end":{"line":119,"column":9}},"type":"if","locations":[{"start":{"line":113,"column":15},"end":{"line":119,"column":9}},{"start":{"line":113,"column":15},"end":{"line":119,"column":9}}],"line":113},"25":{"loc":{"start":{"line":115,"column":15},"end":{"line":119,"column":9}},"type":"if","locations":[{"start":{"line":115,"column":15},"end":{"line":119,"column":9}},{"start":{"line":115,"column":15},"end":{"line":119,"column":9}}],"line":115},"26":{"loc":{"start":{"line":117,"column":15},"end":{"line":119,"column":9}},"type":"if","locations":[{"start":{"line":117,"column":15},"end":{"line":119,"column":9}},{"start":{"line":117,"column":15},"end":{"line":119,"column":9}}],"line":117},"27":{"loc":{"start":{"line":127,"column":4},"end":{"line":132,"column":5}},"type":"if","locations":[{"start":{"line":127,"column":4},"end":{"line":132,"column":5}},{"start":{"line":127,"column":4},"end":{"line":132,"column":5}}],"line":127},"28":{"loc":{"start":{"line":134,"column":4},"end":{"line":139,"column":5}},"type":"if","locations":[{"start":{"line":134,"column":4},"end":{"line":139,"column":5}},{"start":{"line":134,"column":4},"end":{"line":139,"column":5}}],"line":134}},"s":{"0":1,"1":1,"2":1,"3":1,"4":1,"5":1,"6":1,"7":1,"8":1,"9":1,"10":10,"11":1,"12":1,"13":1,"14":0,"15":1,"16":1,"17":1,"18":0,"19":0,"20":0,"21":0,"22":0,"23":0,"24":0,"25":0,"26":0,"27":0,"28":1,"29":1,"30":1,"31":1,"32":1,"33":6,"34":1,"35":1,"36":0,"37":0,"38":1,"39":0,"40":0,"41":1,"42":1,"43":1,"44":1,"45":1,"46":1,"47":1,"48":0,"49":0,"50":0,"51":1,"52":0,"53":1,"54":0,"55":1,"56":0,"57":0,"58":0,"59":0,"60":0,"61":0,"62":0,"63":0,"64":0,"65":0,"66":0,"67":0,"68":0,"69":0,"70":0,"71":0,"72":0,"73":0,"74":0,"75":0,"76":1,"77":1,"78":1,"79":0,"80":1,"81":0,"82":1,"83":1,"84":1,"85":1},"f":{"0":10,"1":1,"2":6},"b":{"0":[0,1],"1":[0,1],"2":[0,0],"3":[0,0],"4":[0,0],"5":[0,0],"6":[1,0],"7":[1,0],"8":[0,1],"9":[0,1],"10":[1,1],"11":[1,1],"12":[0,1],"13":[1,1],"14":[0,0],"15":[0,1],"16":[0,1],"17":[0,1],"18":[1,0],"19":[0,0],"20":[0,0],"21":[0,0],"22":[0,0],"23":[0,0],"24":[0,0],"25":[0,0],"26":[0,0],"27":[0,1],"28":[0,1]},"_coverageSchema":"1a1c01bbd47fc00a2c39e90264f33305004495a9","hash":"2c058f7d5bb4a61e0d6cf2113b74294a70170f94","contentHash":"b302a1934a25176d9a9907b2d3da9f130ef0d7919ce3653b8a0102e7a5fe17bb"},"/Users/jones/Desktop/Notto_Tech/Bridgecreek_CW/controllers/wishlist_controller.js":{"path":"/Users/jones/Desktop/Notto_Tech/Bridgecreek_CW/controllers/wishlist_controller.js","statementMap":{"0":{"start":{"line":1,"column":17},"end":{"line":1,"column":46}},"1":{"start":{"line":2,"column":22},"end":{"line":2,"column":55}},"2":{"start":{"line":3,"column":13},"end":{"line":3,"column":38}},"3":{"start":{"line":4,"column":16},"end":{"line":4,"column":44}},"4":{"start":{"line":5,"column":15},"end":{"line":5,"column":35}},"5":{"start":{"line":6,"column":21},"end":{"line":6,"column":62}},"6":{"start":{"line":11,"column":0},"end":{"line":16,"column":3}},"7":{"start":{"line":12,"column":2},"end":{"line":14,"column":3}},"8":{"start":{"line":13,"column":4},"end":{"line":13,"column":57}},"9":{"start":{"line":15,"column":2},"end":{"line":15,"column":48}},"10":{"start":{"line":21,"column":0},"end":{"line":46,"column":3}},"11":{"start":{"line":22,"column":2},"end":{"line":26,"column":3}},"12":{"start":{"line":23,"column":4},"end":{"line":25,"column":6}},"13":{"start":{"line":28,"column":15},"end":{"line":33,"column":4}},"14":{"start":{"line":35,"column":2},"end":{"line":37,"column":3}},"15":{"start":{"line":36,"column":4},"end":{"line":36,"column":71}},"16":{"start":{"line":39,"column":16},"end":{"line":39,"column":39}},"17":{"start":{"line":41,"column":2},"end":{"line":45,"column":5}},"18":{"start":{"line":51,"column":0},"end":{"line":59,"column":3}},"19":{"start":{"line":52,"column":2},"end":{"line":52,"column":36}},"20":{"start":{"line":54,"column":19},"end":{"line":54,"column":50}},"21":{"start":{"line":56,"column":16},"end":{"line":56,"column":31}},"22":{"start":{"line":58,"column":2},"end":{"line":58,"column":65}},"23":{"start":{"line":64,"column":0},"end":{"line":90,"column":3}},"24":{"start":{"line":65,"column":23},"end":{"line":72,"column":4}},"25":{"start":{"line":74,"column":2},"end":{"line":76,"column":3}},"26":{"start":{"line":75,"column":4},"end":{"line":75,"column":58}},"27":{"start":{"line":78,"column":16},"end":{"line":82,"column":4}},"28":{"start":{"line":84,"column":2},"end":{"line":89,"column":5}}},"fnMap":{"0":{"name":"(anonymous_0)","decl":{"start":{"line":11,"column":38},"end":{"line":11,"column":39}},"loc":{"start":{"line":11,"column":64},"end":{"line":16,"column":1}},"line":11},"1":{"name":"(anonymous_1)","decl":{"start":{"line":21,"column":40},"end":{"line":21,"column":41}},"loc":{"start":{"line":21,"column":66},"end":{"line":46,"column":1}},"line":21},"2":{"name":"(anonymous_2)","decl":{"start":{"line":51,"column":41},"end":{"line":51,"column":42}},"loc":{"start":{"line":51,"column":67},"end":{"line":59,"column":1}},"line":51},"3":{"name":"(anonymous_3)","decl":{"start":{"line":64,"column":46},"end":{"line":64,"column":47}},"loc":{"start":{"line":64,"column":72},"end":{"line":90,"column":1}},"line":64}},"branchMap":{"0":{"loc":{"start":{"line":12,"column":2},"end":{"line":14,"column":3}},"type":"if","locations":[{"start":{"line":12,"column":2},"end":{"line":14,"column":3}},{"start":{"line":12,"column":2},"end":{"line":14,"column":3}}],"line":12},"1":{"loc":{"start":{"line":22,"column":2},"end":{"line":26,"column":3}},"type":"if","locations":[{"start":{"line":22,"column":2},"end":{"line":26,"column":3}},{"start":{"line":22,"column":2},"end":{"line":26,"column":3}}],"line":22},"2":{"loc":{"start":{"line":35,"column":2},"end":{"line":37,"column":3}},"type":"if","locations":[{"start":{"line":35,"column":2},"end":{"line":37,"column":3}},{"start":{"line":35,"column":2},"end":{"line":37,"column":3}}],"line":35},"3":{"loc":{"start":{"line":74,"column":2},"end":{"line":76,"column":3}},"type":"if","locations":[{"start":{"line":74,"column":2},"end":{"line":76,"column":3}},{"start":{"line":74,"column":2},"end":{"line":76,"column":3}}],"line":74}},"s":{"0":1,"1":1,"2":1,"3":1,"4":1,"5":1,"6":1,"7":0,"8":0,"9":0,"10":1,"11":0,"12":0,"13":0,"14":0,"15":0,"16":0,"17":0,"18":1,"19":0,"20":0,"21":0,"22":0,"23":1,"24":0,"25":0,"26":0,"27":0,"28":0},"f":{"0":0,"1":0,"2":0,"3":0},"b":{"0":[0,0],"1":[0,0],"2":[0,0],"3":[0,0]},"_coverageSchema":"1a1c01bbd47fc00a2c39e90264f33305004495a9","hash":"16fc13b4045f64e1626f4f1420f74f9440d3db19","contentHash":"e7649cb71b90b1beea0b2e0a9d059099a11ef059295578768ac3aed30a495924"},"/Users/jones/Desktop/Notto_Tech/Bridgecreek_CW/controllers/product_controllers.js":{"path":"/Users/jones/Desktop/Notto_Tech/Bridgecreek_CW/controllers/product_controllers.js","statementMap":{"0":{"start":{"line":1,"column":17},"end":{"line":1,"column":45}},"1":{"start":{"line":2,"column":22},"end":{"line":2,"column":55}},"2":{"start":{"line":3,"column":21},"end":{"line":3,"column":62}},"3":{"start":{"line":4,"column":16},"end":{"line":4,"column":44}},"4":{"start":{"line":9,"column":0},"end":{"line":11,"column":3}},"5":{"start":{"line":10,"column":2},"end":{"line":10,"column":48}},"6":{"start":{"line":16,"column":0},"end":{"line":37,"column":3}},"7":{"start":{"line":17,"column":18},"end":{"line":22,"column":4}},"8":{"start":{"line":24,"column":2},"end":{"line":31,"column":3}},"9":{"start":{"line":25,"column":4},"end":{"line":30,"column":6}},"10":{"start":{"line":33,"column":2},"end":{"line":36,"column":5}},"11":{"start":{"line":42,"column":0},"end":{"line":46,"column":3}},"12":{"start":{"line":43,"column":18},"end":{"line":43,"column":49}},"13":{"start":{"line":45,"column":2},"end":{"line":45,"column":57}},"14":{"start":{"line":51,"column":0},"end":{"line":75,"column":3}},"15":{"start":{"line":52,"column":16},"end":{"line":57,"column":4}},"16":{"start":{"line":59,"column":2},"end":{"line":66,"column":3}},"17":{"start":{"line":60,"column":4},"end":{"line":65,"column":6}},"18":{"start":{"line":68,"column":23},"end":{"line":68,"column":45}},"19":{"start":{"line":69,"column":2},"end":{"line":69,"column":41}},"20":{"start":{"line":71,"column":2},"end":{"line":74,"column":5}},"21":{"start":{"line":80,"column":0},"end":{"line":100,"column":3}},"22":{"start":{"line":81,"column":18},"end":{"line":85,"column":4}},"23":{"start":{"line":86,"column":2},"end":{"line":93,"column":3}},"24":{"start":{"line":87,"column":4},"end":{"line":92,"column":6}},"25":{"start":{"line":95,"column":2},"end":{"line":99,"column":5}}},"fnMap":{"0":{"name":"(anonymous_0)","decl":{"start":{"line":9,"column":38},"end":{"line":9,"column":39}},"loc":{"start":{"line":9,"column":64},"end":{"line":11,"column":1}},"line":9},"1":{"name":"(anonymous_1)","decl":{"start":{"line":16,"column":34},"end":{"line":16,"column":35}},"loc":{"start":{"line":16,"column":60},"end":{"line":37,"column":1}},"line":16},"2":{"name":"(anonymous_2)","decl":{"start":{"line":42,"column":38},"end":{"line":42,"column":39}},"loc":{"start":{"line":42,"column":64},"end":{"line":46,"column":1}},"line":42},"3":{"name":"(anonymous_3)","decl":{"start":{"line":51,"column":37},"end":{"line":51,"column":38}},"loc":{"start":{"line":51,"column":63},"end":{"line":75,"column":1}},"line":51},"4":{"name":"(anonymous_4)","decl":{"start":{"line":80,"column":37},"end":{"line":80,"column":38}},"loc":{"start":{"line":80,"column":63},"end":{"line":100,"column":1}},"line":80}},"branchMap":{"0":{"loc":{"start":{"line":24,"column":2},"end":{"line":31,"column":3}},"type":"if","locations":[{"start":{"line":24,"column":2},"end":{"line":31,"column":3}},{"start":{"line":24,"column":2},"end":{"line":31,"column":3}}],"line":24},"1":{"loc":{"start":{"line":59,"column":2},"end":{"line":66,"column":3}},"type":"if","locations":[{"start":{"line":59,"column":2},"end":{"line":66,"column":3}},{"start":{"line":59,"column":2},"end":{"line":66,"column":3}}],"line":59},"2":{"loc":{"start":{"line":86,"column":2},"end":{"line":93,"column":3}},"type":"if","locations":[{"start":{"line":86,"column":2},"end":{"line":93,"column":3}},{"start":{"line":86,"column":2},"end":{"line":93,"column":3}}],"line":86}},"s":{"0":1,"1":1,"2":1,"3":1,"4":1,"5":0,"6":1,"7":0,"8":0,"9":0,"10":0,"11":1,"12":0,"13":0,"14":1,"15":0,"16":0,"17":0,"18":0,"19":0,"20":0,"21":1,"22":0,"23":0,"24":0,"25":0},"f":{"0":0,"1":0,"2":0,"3":0,"4":0},"b":{"0":[0,0],"1":[0,0],"2":[0,0]},"_coverageSchema":"1a1c01bbd47fc00a2c39e90264f33305004495a9","hash":"3a5bf2ccbaaf001b42296165cdd2e75d88a43c55","contentHash":"fa5543421e382240379b0f8e7b1b4a899734da9dcbc2eb137931d239df742ce3"},"/Users/jones/Desktop/Notto_Tech/Bridgecreek_CW/controllers/review_controller.js":{"path":"/Users/jones/Desktop/Notto_Tech/Bridgecreek_CW/controllers/review_controller.js","statementMap":{"0":{"start":{"line":1,"column":22},"end":{"line":1,"column":55}},"1":{"start":{"line":2,"column":16},"end":{"line":2,"column":44}},"2":{"start":{"line":3,"column":13},"end":{"line":3,"column":38}},"3":{"start":{"line":4,"column":16},"end":{"line":4,"column":44}},"4":{"start":{"line":5,"column":15},"end":{"line":5,"column":35}},"5":{"start":{"line":6,"column":21},"end":{"line":6,"column":62}},"6":{"start":{"line":11,"column":0},"end":{"line":16,"column":3}},"7":{"start":{"line":12,"column":2},"end":{"line":14,"column":3}},"8":{"start":{"line":13,"column":4},"end":{"line":13,"column":57}},"9":{"start":{"line":15,"column":2},"end":{"line":15,"column":48}},"10":{"start":{"line":21,"column":0},"end":{"line":57,"column":3}},"11":{"start":{"line":22,"column":17},"end":{"line":45,"column":4}},"12":{"start":{"line":47,"column":2},"end":{"line":51,"column":3}},"13":{"start":{"line":48,"column":4},"end":{"line":50,"column":6}},"14":{"start":{"line":53,"column":2},"end":{"line":56,"column":5}},"15":{"start":{"line":62,"column":0},"end":{"line":93,"column":3}},"16":{"start":{"line":63,"column":2},"end":{"line":65,"column":3}},"17":{"start":{"line":64,"column":4},"end":{"line":64,"column":76}},"18":{"start":{"line":67,"column":17},"end":{"line":78,"column":4}},"19":{"start":{"line":80,"column":2},"end":{"line":84,"column":3}},"20":{"start":{"line":81,"column":4},"end":{"line":83,"column":6}},"21":{"start":{"line":86,"column":16},"end":{"line":86,"column":29}},"22":{"start":{"line":88,"column":2},"end":{"line":92,"column":5}},"23":{"start":{"line":98,"column":0},"end":{"line":106,"column":3}},"24":{"start":{"line":99,"column":2},"end":{"line":99,"column":36}},"25":{"start":{"line":101,"column":17},"end":{"line":101,"column":47}},"26":{"start":{"line":103,"column":16},"end":{"line":103,"column":37}},"27":{"start":{"line":105,"column":2},"end":{"line":105,"column":63}},"28":{"start":{"line":111,"column":0},"end":{"line":147,"column":3}},"29":{"start":{"line":112,"column":2},"end":{"line":114,"column":3}},"30":{"start":{"line":113,"column":4},"end":{"line":113,"column":78}},"31":{"start":{"line":116,"column":17},"end":{"line":124,"column":4}},"32":{"start":{"line":126,"column":2},"end":{"line":133,"column":3}},"33":{"start":{"line":127,"column":4},"end":{"line":132,"column":6}},"34":{"start":{"line":135,"column":16},"end":{"line":139,"column":4}},"35":{"start":{"line":141,"column":2},"end":{"line":146,"column":5}},"36":{"start":{"line":152,"column":0},"end":{"line":186,"column":3}},"37":{"start":{"line":153,"column":2},"end":{"line":155,"column":3}},"38":{"start":{"line":154,"column":4},"end":{"line":154,"column":78}},"39":{"start":{"line":157,"column":17},"end":{"line":163,"column":4}},"40":{"start":{"line":165,"column":2},"end":{"line":172,"column":3}},"41":{"start":{"line":166,"column":4},"end":{"line":171,"column":6}},"42":{"start":{"line":174,"column":16},"end":{"line":178,"column":4}},"43":{"start":{"line":180,"column":2},"end":{"line":185,"column":5}}},"fnMap":{"0":{"name":"(anonymous_0)","decl":{"start":{"line":11,"column":37},"end":{"line":11,"column":38}},"loc":{"start":{"line":11,"column":63},"end":{"line":16,"column":1}},"line":11},"1":{"name":"(anonymous_1)","decl":{"start":{"line":21,"column":33},"end":{"line":21,"column":34}},"loc":{"start":{"line":21,"column":59},"end":{"line":57,"column":1}},"line":21},"2":{"name":"(anonymous_2)","decl":{"start":{"line":62,"column":36},"end":{"line":62,"column":37}},"loc":{"start":{"line":62,"column":62},"end":{"line":93,"column":1}},"line":62},"3":{"name":"(anonymous_3)","decl":{"start":{"line":98,"column":33},"end":{"line":98,"column":34}},"loc":{"start":{"line":98,"column":59},"end":{"line":106,"column":1}},"line":98},"4":{"name":"(anonymous_4)","decl":{"start":{"line":111,"column":36},"end":{"line":111,"column":37}},"loc":{"start":{"line":111,"column":62},"end":{"line":147,"column":1}},"line":111},"5":{"name":"(anonymous_5)","decl":{"start":{"line":152,"column":36},"end":{"line":152,"column":37}},"loc":{"start":{"line":152,"column":62},"end":{"line":186,"column":1}},"line":152}},"branchMap":{"0":{"loc":{"start":{"line":12,"column":2},"end":{"line":14,"column":3}},"type":"if","locations":[{"start":{"line":12,"column":2},"end":{"line":14,"column":3}},{"start":{"line":12,"column":2},"end":{"line":14,"column":3}}],"line":12},"1":{"loc":{"start":{"line":47,"column":2},"end":{"line":51,"column":3}},"type":"if","locations":[{"start":{"line":47,"column":2},"end":{"line":51,"column":3}},{"start":{"line":47,"column":2},"end":{"line":51,"column":3}}],"line":47},"2":{"loc":{"start":{"line":63,"column":2},"end":{"line":65,"column":3}},"type":"if","locations":[{"start":{"line":63,"column":2},"end":{"line":65,"column":3}},{"start":{"line":63,"column":2},"end":{"line":65,"column":3}}],"line":63},"3":{"loc":{"start":{"line":80,"column":2},"end":{"line":84,"column":3}},"type":"if","locations":[{"start":{"line":80,"column":2},"end":{"line":84,"column":3}},{"start":{"line":80,"column":2},"end":{"line":84,"column":3}}],"line":80},"4":{"loc":{"start":{"line":112,"column":2},"end":{"line":114,"column":3}},"type":"if","locations":[{"start":{"line":112,"column":2},"end":{"line":114,"column":3}},{"start":{"line":112,"column":2},"end":{"line":114,"column":3}}],"line":112},"5":{"loc":{"start":{"line":126,"column":2},"end":{"line":133,"column":3}},"type":"if","locations":[{"start":{"line":126,"column":2},"end":{"line":133,"column":3}},{"start":{"line":126,"column":2},"end":{"line":133,"column":3}}],"line":126},"6":{"loc":{"start":{"line":153,"column":2},"end":{"line":155,"column":3}},"type":"if","locations":[{"start":{"line":153,"column":2},"end":{"line":155,"column":3}},{"start":{"line":153,"column":2},"end":{"line":155,"column":3}}],"line":153},"7":{"loc":{"start":{"line":165,"column":2},"end":{"line":172,"column":3}},"type":"if","locations":[{"start":{"line":165,"column":2},"end":{"line":172,"column":3}},{"start":{"line":165,"column":2},"end":{"line":172,"column":3}}],"line":165}},"s":{"0":1,"1":1,"2":1,"3":1,"4":1,"5":1,"6":1,"7":0,"8":0,"9":0,"10":1,"11":0,"12":0,"13":0,"14":0,"15":1,"16":0,"17":0,"18":0,"19":0,"20":0,"21":0,"22":0,"23":1,"24":0,"25":0,"26":0,"27":0,"28":1,"29":0,"30":0,"31":0,"32":0,"33":0,"34":0,"35":0,"36":1,"37":0,"38":0,"39":0,"40":0,"41":0,"42":0,"43":0},"f":{"0":0,"1":0,"2":0,"3":0,"4":0,"5":0},"b":{"0":[0,0],"1":[0,0],"2":[0,0],"3":[0,0],"4":[0,0],"5":[0,0],"6":[0,0],"7":[0,0]},"_coverageSchema":"1a1c01bbd47fc00a2c39e90264f33305004495a9","hash":"9220e711dfbd03861d98df2faf3dd556274f9c10","contentHash":"5233949ce88c117f3575915db5d2c7d52ee103d401ef73ac8246478251833d61"},"/Users/jones/Desktop/Notto_Tech/Bridgecreek_CW/controllers/cart_controller.js":{"path":"/Users/jones/Desktop/Notto_Tech/Bridgecreek_CW/controllers/cart_controller.js","statementMap":{"0":{"start":{"line":1,"column":14},"end":{"line":1,"column":39}},"1":{"start":{"line":2,"column":13},"end":{"line":2,"column":38}},"2":{"start":{"line":3,"column":17},"end":{"line":3,"column":45}},"3":{"start":{"line":4,"column":22},"end":{"line":4,"column":55}},"4":{"start":{"line":5,"column":21},"end":{"line":5,"column":62}},"5":{"start":{"line":6,"column":15},"end":{"line":6,"column":35}},"6":{"start":{"line":11,"column":0},"end":{"line":16,"column":3}},"7":{"start":{"line":12,"column":2},"end":{"line":14,"column":3}},"8":{"start":{"line":13,"column":4},"end":{"line":13,"column":57}},"9":{"start":{"line":15,"column":2},"end":{"line":15,"column":48}},"10":{"start":{"line":21,"column":0},"end":{"line":55,"column":3}},"11":{"start":{"line":22,"column":15},"end":{"line":48,"column":4}},"12":{"start":{"line":50,"column":2},"end":{"line":52,"column":3}},"13":{"start":{"line":51,"column":4},"end":{"line":51,"column":72}},"14":{"start":{"line":54,"column":2},"end":{"line":54,"column":54}},"15":{"start":{"line":61,"column":0},"end":{"line":74,"column":3}},"16":{"start":{"line":62,"column":2},"end":{"line":62,"column":36}},"17":{"start":{"line":63,"column":15},"end":{"line":63,"column":43}},"18":{"start":{"line":65,"column":2},"end":{"line":71,"column":3}},"19":{"start":{"line":66,"column":4},"end":{"line":70,"column":6}},"20":{"start":{"line":73,"column":2},"end":{"line":73,"column":54}},"21":{"start":{"line":79,"column":0},"end":{"line":96,"column":3}},"22":{"start":{"line":80,"column":15},"end":{"line":85,"column":4}},"23":{"start":{"line":87,"column":2},"end":{"line":93,"column":3}},"24":{"start":{"line":88,"column":4},"end":{"line":92,"column":6}},"25":{"start":{"line":95,"column":2},"end":{"line":95,"column":54}},"26":{"start":{"line":101,"column":0},"end":{"line":124,"column":3}},"27":{"start":{"line":102,"column":15},"end":{"line":104,"column":4}},"28":{"start":{"line":106,"column":2},"end":{"line":113,"column":3}},"29":{"start":{"line":107,"column":4},"end":{"line":112,"column":6}},"30":{"start":{"line":115,"column":2},"end":{"line":115,"column":48}},"31":{"start":{"line":117,"column":2},"end":{"line":117,"column":17}},"32":{"start":{"line":119,"column":2},"end":{"line":123,"column":5}}},"fnMap":{"0":{"name":"(anonymous_0)","decl":{"start":{"line":11,"column":35},"end":{"line":11,"column":36}},"loc":{"start":{"line":11,"column":61},"end":{"line":16,"column":1}},"line":11},"1":{"name":"(anonymous_1)","decl":{"start":{"line":21,"column":33},"end":{"line":21,"column":34}},"loc":{"start":{"line":21,"column":59},"end":{"line":55,"column":1}},"line":21},"2":{"name":"(anonymous_2)","decl":{"start":{"line":61,"column":34},"end":{"line":61,"column":35}},"loc":{"start":{"line":61,"column":60},"end":{"line":74,"column":1}},"line":61},"3":{"name":"(anonymous_3)","decl":{"start":{"line":79,"column":36},"end":{"line":79,"column":37}},"loc":{"start":{"line":79,"column":62},"end":{"line":96,"column":1}},"line":79},"4":{"name":"(anonymous_4)","decl":{"start":{"line":101,"column":34},"end":{"line":101,"column":35}},"loc":{"start":{"line":101,"column":60},"end":{"line":124,"column":1}},"line":101}},"branchMap":{"0":{"loc":{"start":{"line":12,"column":2},"end":{"line":14,"column":3}},"type":"if","locations":[{"start":{"line":12,"column":2},"end":{"line":14,"column":3}},{"start":{"line":12,"column":2},"end":{"line":14,"column":3}}],"line":12},"1":{"loc":{"start":{"line":50,"column":2},"end":{"line":52,"column":3}},"type":"if","locations":[{"start":{"line":50,"column":2},"end":{"line":52,"column":3}},{"start":{"line":50,"column":2},"end":{"line":52,"column":3}}],"line":50},"2":{"loc":{"start":{"line":50,"column":6},"end":{"line":50,"column":32}},"type":"binary-expr","locations":[{"start":{"line":50,"column":6},"end":{"line":50,"column":11}},{"start":{"line":50,"column":15},"end":{"line":50,"column":32}}],"line":50},"3":{"loc":{"start":{"line":65,"column":2},"end":{"line":71,"column":3}},"type":"if","locations":[{"start":{"line":65,"column":2},"end":{"line":71,"column":3}},{"start":{"line":65,"column":2},"end":{"line":71,"column":3}}],"line":65},"4":{"loc":{"start":{"line":87,"column":2},"end":{"line":93,"column":3}},"type":"if","locations":[{"start":{"line":87,"column":2},"end":{"line":93,"column":3}},{"start":{"line":87,"column":2},"end":{"line":93,"column":3}}],"line":87},"5":{"loc":{"start":{"line":106,"column":2},"end":{"line":113,"column":3}},"type":"if","locations":[{"start":{"line":106,"column":2},"end":{"line":113,"column":3}},{"start":{"line":106,"column":2},"end":{"line":113,"column":3}}],"line":106}},"s":{"0":1,"1":1,"2":1,"3":1,"4":1,"5":1,"6":1,"7":0,"8":0,"9":0,"10":1,"11":0,"12":0,"13":0,"14":0,"15":1,"16":0,"17":0,"18":0,"19":0,"20":0,"21":1,"22":0,"23":0,"24":0,"25":0,"26":1,"27":0,"28":0,"29":0,"30":0,"31":0,"32":0},"f":{"0":0,"1":0,"2":0,"3":0,"4":0},"b":{"0":[0,0],"1":[0,0],"2":[0,0],"3":[0,0],"4":[0,0],"5":[0,0]},"_coverageSchema":"1a1c01bbd47fc00a2c39e90264f33305004495a9","hash":"48fd15939c8be71f32b21b7cce1d55398cae13d9","contentHash":"06ae397fd6f0b992f1dea07d74439525b70a84982f45bf9de52534237c516137"},"/Users/jones/Desktop/Notto_Tech/Bridgecreek_CW/controllers/cartItem_controller.js":{"path":"/Users/jones/Desktop/Notto_Tech/Bridgecreek_CW/controllers/cartItem_controller.js","statementMap":{"0":{"start":{"line":1,"column":17},"end":{"line":1,"column":46}},"1":{"start":{"line":2,"column":14},"end":{"line":2,"column":39}},"2":{"start":{"line":3,"column":17},"end":{"line":3,"column":45}},"3":{"start":{"line":4,"column":22},"end":{"line":4,"column":55}},"4":{"start":{"line":5,"column":21},"end":{"line":5,"column":62}},"5":{"start":{"line":10,"column":0},"end":{"line":15,"column":3}},"6":{"start":{"line":11,"column":2},"end":{"line":13,"column":3}},"7":{"start":{"line":12,"column":4},"end":{"line":12,"column":57}},"8":{"start":{"line":14,"column":2},"end":{"line":14,"column":48}},"9":{"start":{"line":20,"column":0},"end":{"line":31,"column":3}},"10":{"start":{"line":21,"column":19},"end":{"line":24,"column":4}},"11":{"start":{"line":26,"column":2},"end":{"line":28,"column":3}},"12":{"start":{"line":27,"column":4},"end":{"line":27,"column":79}},"13":{"start":{"line":30,"column":2},"end":{"line":30,"column":58}},"14":{"start":{"line":36,"column":0},"end":{"line":67,"column":3}},"15":{"start":{"line":37,"column":2},"end":{"line":37,"column":44}},"16":{"start":{"line":38,"column":2},"end":{"line":38,"column":36}},"17":{"start":{"line":43,"column":2},"end":{"line":50,"column":3}},"18":{"start":{"line":43,"column":15},"end":{"line":43,"column":16}},"19":{"start":{"line":44,"column":4},"end":{"line":49,"column":5}},"20":{"start":{"line":45,"column":6},"end":{"line":45,"column":36}},"21":{"start":{"line":46,"column":6},"end":{"line":46,"column":12}},"22":{"start":{"line":47,"column":11},"end":{"line":49,"column":5}},"23":{"start":{"line":48,"column":6},"end":{"line":48,"column":36}},"24":{"start":{"line":52,"column":2},"end":{"line":58,"column":3}},"25":{"start":{"line":53,"column":15},"end":{"line":53,"column":43}},"26":{"start":{"line":55,"column":4},"end":{"line":55,"column":45}},"27":{"start":{"line":57,"column":4},"end":{"line":57,"column":39}},"28":{"start":{"line":60,"column":19},"end":{"line":60,"column":50}},"29":{"start":{"line":62,"column":2},"end":{"line":64,"column":3}},"30":{"start":{"line":63,"column":4},"end":{"line":63,"column":80}},"31":{"start":{"line":66,"column":2},"end":{"line":66,"column":58}},"32":{"start":{"line":72,"column":0},"end":{"line":89,"column":3}},"33":{"start":{"line":73,"column":19},"end":{"line":77,"column":4}},"34":{"start":{"line":79,"column":2},"end":{"line":86,"column":3}},"35":{"start":{"line":80,"column":4},"end":{"line":85,"column":6}},"36":{"start":{"line":88,"column":2},"end":{"line":88,"column":58}},"37":{"start":{"line":94,"column":0},"end":{"line":110,"column":3}},"38":{"start":{"line":95,"column":19},"end":{"line":98,"column":4}},"39":{"start":{"line":100,"column":2},"end":{"line":107,"column":3}},"40":{"start":{"line":101,"column":4},"end":{"line":106,"column":6}},"41":{"start":{"line":109,"column":2},"end":{"line":109,"column":58}}},"fnMap":{"0":{"name":"(anonymous_0)","decl":{"start":{"line":10,"column":39},"end":{"line":10,"column":40}},"loc":{"start":{"line":10,"column":65},"end":{"line":15,"column":1}},"line":10},"1":{"name":"(anonymous_1)","decl":{"start":{"line":20,"column":41},"end":{"line":20,"column":42}},"loc":{"start":{"line":20,"column":67},"end":{"line":31,"column":1}},"line":20},"2":{"name":"(anonymous_2)","decl":{"start":{"line":36,"column":38},"end":{"line":36,"column":39}},"loc":{"start":{"line":36,"column":64},"end":{"line":67,"column":1}},"line":36},"3":{"name":"(anonymous_3)","decl":{"start":{"line":72,"column":38},"end":{"line":72,"column":39}},"loc":{"start":{"line":72,"column":64},"end":{"line":89,"column":1}},"line":72},"4":{"name":"(anonymous_4)","decl":{"start":{"line":94,"column":38},"end":{"line":94,"column":39}},"loc":{"start":{"line":94,"column":64},"end":{"line":110,"column":1}},"line":94}},"branchMap":{"0":{"loc":{"start":{"line":11,"column":2},"end":{"line":13,"column":3}},"type":"if","locations":[{"start":{"line":11,"column":2},"end":{"line":13,"column":3}},{"start":{"line":11,"column":2},"end":{"line":13,"column":3}}],"line":11},"1":{"loc":{"start":{"line":26,"column":2},"end":{"line":28,"column":3}},"type":"if","locations":[{"start":{"line":26,"column":2},"end":{"line":28,"column":3}},{"start":{"line":26,"column":2},"end":{"line":28,"column":3}}],"line":26},"2":{"loc":{"start":{"line":44,"column":4},"end":{"line":49,"column":5}},"type":"if","locations":[{"start":{"line":44,"column":4},"end":{"line":49,"column":5}},{"start":{"line":44,"column":4},"end":{"line":49,"column":5}}],"line":44},"3":{"loc":{"start":{"line":47,"column":11},"end":{"line":49,"column":5}},"type":"if","locations":[{"start":{"line":47,"column":11},"end":{"line":49,"column":5}},{"start":{"line":47,"column":11},"end":{"line":49,"column":5}}],"line":47},"4":{"loc":{"start":{"line":52,"column":2},"end":{"line":58,"column":3}},"type":"if","locations":[{"start":{"line":52,"column":2},"end":{"line":58,"column":3}},{"start":{"line":52,"column":2},"end":{"line":58,"column":3}}],"line":52},"5":{"loc":{"start":{"line":62,"column":2},"end":{"line":64,"column":3}},"type":"if","locations":[{"start":{"line":62,"column":2},"end":{"line":64,"column":3}},{"start":{"line":62,"column":2},"end":{"line":64,"column":3}}],"line":62},"6":{"loc":{"start":{"line":79,"column":2},"end":{"line":86,"column":3}},"type":"if","locations":[{"start":{"line":79,"column":2},"end":{"line":86,"column":3}},{"start":{"line":79,"column":2},"end":{"line":86,"column":3}}],"line":79},"7":{"loc":{"start":{"line":100,"column":2},"end":{"line":107,"column":3}},"type":"if","locations":[{"start":{"line":100,"column":2},"end":{"line":107,"column":3}},{"start":{"line":100,"column":2},"end":{"line":107,"column":3}}],"line":100}},"s":{"0":1,"1":1,"2":1,"3":1,"4":1,"5":1,"6":0,"7":0,"8":0,"9":1,"10":0,"11":0,"12":0,"13":0,"14":1,"15":0,"16":0,"17":0,"18":0,"19":0,"20":0,"21":0,"22":0,"23":0,"24":0,"25":0,"26":0,"27":0,"28":0,"29":0,"30":0,"31":0,"32":1,"33":0,"34":0,"35":0,"36":0,"37":1,"38":0,"39":0,"40":0,"41":0},"f":{"0":0,"1":0,"2":0,"3":0,"4":0},"b":{"0":[0,0],"1":[0,0],"2":[0,0],"3":[0,0],"4":[0,0],"5":[0,0],"6":[0,0],"7":[0,0]},"_coverageSchema":"1a1c01bbd47fc00a2c39e90264f33305004495a9","hash":"b3157fd83931f885c2a1c6f12fd8e973412ffa81","contentHash":"a92e08a9a85a5f3e138f3f81494760de71be3d5b2d4c1917766a13a5b6d49999"},"/Users/jones/Desktop/Notto_Tech/Bridgecreek_CW/controllers/order_controller.js":{"path":"/Users/jones/Desktop/Notto_Tech/Bridgecreek_CW/controllers/order_controller.js","statementMap":{"0":{"start":{"line":1,"column":15},"end":{"line":1,"column":41}},"1":{"start":{"line":2,"column":22},"end":{"line":2,"column":55}},"2":{"start":{"line":3,"column":21},"end":{"line":3,"column":62}},"3":{"start":{"line":4,"column":19},"end":{"line":4,"column":50}},"4":{"start":{"line":5,"column":16},"end":{"line":5,"column":44}},"5":{"start":{"line":10,"column":0},"end":{"line":15,"column":3}},"6":{"start":{"line":11,"column":2},"end":{"line":13,"column":3}},"7":{"start":{"line":12,"column":4},"end":{"line":12,"column":57}},"8":{"start":{"line":14,"column":2},"end":{"line":14,"column":48}},"9":{"start":{"line":20,"column":0},"end":{"line":26,"column":3}},"10":{"start":{"line":21,"column":2},"end":{"line":23,"column":3}},"11":{"start":{"line":22,"column":4},"end":{"line":22,"column":57}},"12":{"start":{"line":25,"column":2},"end":{"line":25,"column":48}},"13":{"start":{"line":31,"column":0},"end":{"line":47,"column":3}},"14":{"start":{"line":32,"column":16},"end":{"line":41,"column":4}},"15":{"start":{"line":43,"column":2},"end":{"line":45,"column":3}},"16":{"start":{"line":44,"column":4},"end":{"line":44,"column":80}},"17":{"start":{"line":46,"column":2},"end":{"line":46,"column":55}},"18":{"start":{"line":52,"column":0},"end":{"line":106,"column":3}},"19":{"start":{"line":53,"column":58},"end":{"line":53,"column":77}},"20":{"start":{"line":59,"column":2},"end":{"line":66,"column":3}},"21":{"start":{"line":59,"column":15},"end":{"line":59,"column":16}},"22":{"start":{"line":60,"column":4},"end":{"line":65,"column":5}},"23":{"start":{"line":61,"column":6},"end":{"line":61,"column":27}},"24":{"start":{"line":62,"column":6},"end":{"line":62,"column":12}},"25":{"start":{"line":63,"column":11},"end":{"line":65,"column":5}},"26":{"start":{"line":64,"column":6},"end":{"line":64,"column":27}},"27":{"start":{"line":69,"column":2},"end":{"line":69,"column":33}},"28":{"start":{"line":72,"column":2},"end":{"line":72,"column":49}},"29":{"start":{"line":75,"column":2},"end":{"line":77,"column":3}},"30":{"start":{"line":76,"column":4},"end":{"line":76,"column":76}},"31":{"start":{"line":80,"column":2},"end":{"line":87,"column":3}},"32":{"start":{"line":80,"column":15},"end":{"line":80,"column":16}},"33":{"start":{"line":81,"column":4},"end":{"line":86,"column":5}},"34":{"start":{"line":82,"column":6},"end":{"line":82,"column":45}},"35":{"start":{"line":83,"column":6},"end":{"line":83,"column":12}},"36":{"start":{"line":84,"column":11},"end":{"line":86,"column":5}},"37":{"start":{"line":85,"column":6},"end":{"line":85,"column":45}},"38":{"start":{"line":89,"column":2},"end":{"line":91,"column":3}},"39":{"start":{"line":90,"column":4},"end":{"line":90,"column":39}},"40":{"start":{"line":93,"column":16},"end":{"line":93,"column":44}},"41":{"start":{"line":96,"column":2},"end":{"line":96,"column":36}},"42":{"start":{"line":97,"column":2},"end":{"line":97,"column":25}},"43":{"start":{"line":100,"column":2},"end":{"line":100,"column":32}},"44":{"star
[...]
":158,"column":2},"end":{"line":162,"column":3}}],"line":158}},"s":{"0":1,"1":1,"2":1,"3":1,"4":1,"5":1,"6":0,"7":0,"8":0,"9":1,"10":0,"11":0,"12":0,"13":1,"14":0,"15":0,"16":0,"17":0,"18":1,"19":0,"20":0,"21":0,"22":0,"23":0,"24":0,"25":0,"26":0,"27":0,"28":0,"29":0,"30":0,"31":0,"32":0,"33":0,"34":0,"35":0,"36":0,"37":0,"38":0,"39":0,"40":0,"41":0,"42":0,"43":0,"44":0,"45":0,"46":0,"47":1,"48":0,"49":0,"50":0,"51":0,"52":0,"53":0,"54":0,"55":0,"56":0,"57":0,"58":0,"59":0,"60":0,"61":0,"62":0,"63":0,"64":0,"65":0,"66":0,"67":1,"68":0,"69":0,"70":0,"71":0,"72":0,"73":0},"f":{"0":0,"1":0,"2":0,"3":0,"4":0,"5":0},"b":{"0":[0,0],"1":[0,0],"2":[0,0],"3":[0,0],"4":[0,0],"5":[0,0],"6":[0,0],"7":[0,0],"8":[0,0],"9":[0,0],"10":[0,0],"11":[0,0],"12":[0,0],"13":[0,0],"14":[0,0],"15":[0,0]},"_coverageSchema":"1a1c01bbd47fc00a2c39e90264f33305004495a9","hash":"7ce2e92dee6e3b46e577cee62c33ca0b5dc9f232","contentHash":"75e41b0d5dd6b3c2ba576927101442a86dcd19ee73c64f6b3656c42c4e4945a3"},"/Users/jones/Desktop/Notto_Tech/Bridgecreek_CW/controllers/orderItem_controller.js":{"path":"/Users/jones/Desktop/Notto_Tech/Bridgecreek_CW/controllers/orderItem_controller.js","statementMap":{"0":{"start":{"line":1,"column":19},"end":{"line":1,"column":50}},"1":{"start":{"line":2,"column":15},"end":{"line":2,"column":41}},"2":{"start":{"line":3,"column":17},"end":{"line":3,"column":45}},"3":{"start":{"line":4,"column":22},"end":{"line":4,"column":55}},"4":{"start":{"line":5,"column":21},"end":{"line":5,"column":62}},"5":{"start":{"line":10,"column":0},"end":{"line":15,"column":3}},"6":{"start":{"line":11,"column":2},"end":{"line":13,"column":3}},"7":{"start":{"line":12,"column":4},"end":{"line":12,"column":57}},"8":{"start":{"line":14,"column":2},"end":{"line":14,"column":48}},"9":{"start":{"line":20,"column":0},"end":{"line":35,"column":3}},"10":{"start":{"line":21,"column":20},"end":{"line":23,"column":4}},"11":{"start":{"line":25,"column":2},"end":{"line":32,"column":3}},"12":{"start":{"line":26,"column":4},"end":{"line":31,"column":6}},"13":{"start":{"line":34,"column":2},"end":{"line":34,"column":59}},"14":{"start":{"line":40,"column":0},"end":{"line":82,"column":3}},"15":{"start":{"line":41,"column":21},"end":{"line":41,"column":40}},"16":{"start":{"line":46,"column":2},"end":{"line":53,"column":3}},"17":{"start":{"line":46,"column":15},"end":{"line":46,"column":16}},"18":{"start":{"line":47,"column":4},"end":{"line":52,"column":5}},"19":{"start":{"line":48,"column":6},"end":{"line":48,"column":29}},"20":{"start":{"line":49,"column":6},"end":{"line":49,"column":12}},"21":{"start":{"line":50,"column":11},"end":{"line":52,"column":5}},"22":{"start":{"line":51,"column":6},"end":{"line":51,"column":29}},"23":{"start":{"line":55,"column":18},"end":{"line":57,"column":4}},"24":{"start":{"line":59,"column":30},"end":{"line":59,"column":48}},"25":{"start":{"line":60,"column":34},"end":{"line":60,"column":42}},"26":{"start":{"line":61,"column":22},"end":{"line":61,"column":43}},"27":{"start":{"line":63,"column":22},"end":{"line":63,"column":54}},"28":{"start":{"line":64,"column":14},"end":{"line":64,"column":62}},"29":{"start":{"line":66,"column":2},"end":{"line":73,"column":4}},"30":{"start":{"line":75,"column":20},"end":{"line":75,"column":53}},"31":{"start":{"line":77,"column":2},"end":{"line":79,"column":3}},"32":{"start":{"line":78,"column":4},"end":{"line":78,"column":65}},"33":{"start":{"line":81,"column":2},"end":{"line":81,"column":59}},"34":{"start":{"line":87,"column":0},"end":{"line":107,"column":3}},"35":{"start":{"line":88,"column":2},"end":{"line":90,"column":3}},"36":{"start":{"line":89,"column":4},"end":{"line":89,"column":57}},"37":{"start":{"line":92,"column":20},"end":{"line":96,"column":4}},"38":{"start":{"line":98,"column":2},"end":{"line":102,"column":3}},"39":{"start":{"line":99,"column":4},"end":{"line":101,"column":6}},"40":{"start":{"line":104,"column":2},"end":{"line":104,"column":29}},"41":{"start":{"line":106,"column":2},"end":{"line":106,"column":59}},"42":{"start":{"line":112,"column":0},"end":{"line":128,"column":3}},"43":{"start":{"line":113,"column":2},"end":{"line":115,"column":3}},"44":{"start":{"line":114,"column":4},"end":{"line":114,"column":57}},"45":{"start":{"line":117,"column":20},"end":{"line":119,"column":4}},"46":{"start":{"line":121,"column":2},"end":{"line":125,"column":3}},"47":{"start":{"line":122,"column":4},"end":{"line":124,"column":6}},"48":{"start":{"line":127,"column":2},"end":{"line":127,"column":59}}},"fnMap":{"0":{"name":"(anonymous_0)","decl":{"start":{"line":10,"column":40},"end":{"line":10,"column":41}},"loc":{"start":{"line":10,"column":66},"end":{"line":15,"column":1}},"line":10},"1":{"name":"(anonymous_1)","decl":{"start":{"line":20,"column":36},"end":{"line":20,"column":37}},"loc":{"start":{"line":20,"column":62},"end":{"line":35,"column":1}},"line":20},"2":{"name":"(anonymous_2)","decl":{"start":{"line":40,"column":39},"end":{"line":40,"column":40}},"loc":{"start":{"line":40,"column":65},"end":{"line":82,"column":1}},"line":40},"3":{"name":"(anonymous_3)","decl":{"start":{"line":87,"column":39},"end":{"line":87,"column":40}},"loc":{"start":{"line":87,"column":65},"end":{"line":107,"column":1}},"line":87},"4":{"name":"(anonymous_4)","decl":{"start":{"line":112,"column":39},"end":{"line":112,"column":40}},"loc":{"start":{"line":112,"column":65},"end":{"line":128,"column":1}},"line":112}},"branchMap":{"0":{"loc":{"start":{"line":11,"column":2},"end":{"line":13,"column":3}},"type":"if","locations":[{"start":{"line":11,"column":2},"end":{"line":13,"column":3}},{"start":{"line":11,"column":2},"end":{"line":13,"column":3}}],"line":11},"1":{"loc":{"start":{"line":25,"column":2},"end":{"line":32,"column":3}},"type":"if","locations":[{"start":{"line":25,"column":2},"end":{"line":32,"column":3}},{"start":{"line":25,"column":2},"end":{"line":32,"column":3}}],"line":25},"2":{"loc":{"start":{"line":47,"column":4},"end":{"line":52,"column":5}},"type":"if","locations":[{"start":{"line":47,"column":4},"end":{"line":52,"column":5}},{"start":{"line":47,"column":4},"end":{"line":52,"column":5}}],"line":47},"3":{"loc":{"start":{"line":50,"column":11},"end":{"line":52,"column":5}},"type":"if","locations":[{"start":{"line":50,"column":11},"end":{"line":52,"column":5}},{"start":{"line":50,"column":11},"end":{"line":52,"column":5}}],"line":50},"4":{"loc":{"start":{"line":77,"column":2},"end":{"line":79,"column":3}},"type":"if","locations":[{"start":{"line":77,"column":2},"end":{"line":79,"column":3}},{"start":{"line":77,"column":2},"end":{"line":79,"column":3}}],"line":77},"5":{"loc":{"start":{"line":88,"column":2},"end":{"line":90,"column":3}},"type":"if","locations":[{"start":{"line":88,"column":2},"end":{"line":90,"column":3}},{"start":{"line":88,"column":2},"end":{"line":90,"column":3}}],"line":88},"6":{"loc":{"start":{"line":98,"column":2},"end":{"line":102,"column":3}},"type":"if","locations":[{"start":{"line":98,"column":2},"end":{"line":102,"column":3}},{"start":{"line":98,"column":2},"end":{"line":102,"column":3}}],"line":98},"7":{"loc":{"start":{"line":113,"column":2},"end":{"line":115,"column":3}},"type":"if","locations":[{"start":{"line":113,"column":2},"end":{"line":115,"column":3}},{"start":{"line":113,"column":2},"end":{"line":115,"column":3}}],"line":113},"8":{"loc":{"start":{"line":121,"column":2},"end":{"line":125,"column":3}},"type":"if","locations":[{"start":{"line":121,"column":2},"end":{"line":125,"column":3}},{"start":{"line":121,"column":2},"end":{"line":125,"column":3}}],"line":121}},"s":{"0":1,"1":1,"2":1,"3":1,"4":1,"5":1,"6":1,"7":0,"8":1,"9":1,"10":2,"11":2,"12":1,"13":1,"14":1,"15":1,"16":1,"17":1,"18":1,"19":1,"20":1,"21":0,"22":0,"23":1,"24":1,"25":1,"26":1,"27":1,"28":1,"29":1,"30":1,"31":1,"32":0,"33":1,"34":1,"35":1,"36":0,"37":1,"38":1,"39":0,"40":1,"41":1,"42":1,"43":2,"44":0,"45":2,"46":2,"47":1,"48":1},"f":{"0":1,"1":2,"2":1,"3":1,"4":2},"b":{"0":[0,1],"1":[1,1],"2":[1,0],"3":[0,0],"4":[0,1],"5":[0,1],"6":[0,1],"7":[0,2],"8":[1,1]},"_coverageSchema":"1a1c01bbd47fc00a2c39e90264f33305004495a9","hash":"99cdcb8b2fdd850c0b1cba17dcdf3dd12e066bea","contentHash":"a3f0d802c6ef3c18a095de9304084c769d0c5e4d56674e7ce6b63e8372aeeb97"},"/Users/jones/Desktop/Notto_Tech/Bridgecreek_CW/controllers/auth_controller.js":{"path":"/Users/jones/Desktop/Notto_Tech/Bridgecreek_CW/controllers/auth_controller.js","statementMap":{"0":{"start":{"line":1,"column":14},"end":{"line":1,"column":39}},"1":{"start":{"line":2,"column":22},"end":{"line":2,"column":55}},"2":{"start":{"line":3,"column":15},"end":{"line":3,"column":32}},"3":{"start":{"line":4,"column":21},"end":{"line":4,"column":62}},"4":{"start":{"line":5,"column":18},"end":{"line":5,"column":47}},"5":{"start":{"line":6,"column":15},"end":{"line":6,"column":40}},"6":{"start":{"line":7,"column":0},"end":{"line":7,"column":47}},"7":{"start":{"line":8,"column":30},"end":{"line":8,"column":63}},"8":{"start":{"line":9,"column":12},"end":{"line":9,"column":35}},"9":{"start":{"line":10,"column":15},"end":{"line":10,"column":34}},"10":{"start":{"line":11,"column":15},"end":{"line":11,"column":35}},"11":{"start":{"line":16,"column":0},"end":{"line":48,"column":3}},"12":{"start":{"line":17,"column":30},"end":{"line":17,"column":38}},"13":{"start":{"line":19,"column":2},"end":{"line":23,"column":3}},"14":{"start":{"line":20,"column":4},"end":{"line":22,"column":6}},"15":{"start":{"line":25,"column":15},"end":{"line":27,"column":4}},"16":{"start":{"line":29,"column":2},"end":{"line":33,"column":3}},"17":{"start":{"line":30,"column":4},"end":{"line":32,"column":6}},"18":{"start":{"line":35,"column":18},"end":{"line":35,"column":52}},"19":{"start":{"line":37,"column":2},"end":{"line":39,"column":3}},"20":{"start":{"line":38,"column":4},"end":{"line":38,"column":63}},"21":{"start":{"line":43,"column":2},"end":{"line":45,"column":3}},"22":{"start":{"line":44,"column":4},"end":{"line":44,"column":62}},"23":{"start":{"line":47,"column":2},"end":{"line":47,"column":41}},"24":{"start":{"line":53,"column":0},"end":{"line":63,"column":3}},"25":{"start":{"line":54,"column":2},"end":{"line":57,"column":5}},"26":{"start":{"line":59,"column":2},"end":{"line":62,"column":5}},"27":{"start":{"line":68,"column":0},"end":{"line":110,"column":3}},"28":{"start":{"line":69,"column":18},"end":{"line":69,"column":26}},"29":{"start":{"line":70,"column":15},"end":{"line":70,"column":63}},"30":{"start":{"line":72,"column":2},"end":{"line":72,"column":79}},"31":{"start":{"line":72,"column":13},"end":{"line":72,"column":79}},"32":{"start":{"line":74,"column":21},"end":{"line":74,"column":49}},"33":{"start":{"line":76,"column":2},"end":{"line":78,"column":3}},"34":{"start":{"line":77,"column":4},"end":{"line":77,"column":38}},"35":{"start":{"line":81,"column":2},"end":{"line":81,"column":42}},"36":{"start":{"line":84,"column":2},"end":{"line":84,"column":39}},"37":{"start":{"line":86,"column":19},"end":{"line":88,"column":45}},"38":{"start":{"line":90,"column":14},"end":{"line":90,"column":149}},"39":{"start":{"line":92,"column":15},"end":{"line":92,"column":44}},"40":{"start":{"line":94,"column":18},"end":{"line":94,"column":34}},"41":{"start":{"line":96,"column":2},"end":{"line":103,"column":3}},"42":{"start":{"line":97,"column":4},"end":{"line":97,"column":47}},"43":{"start":{"line":99,"column":4},"end":{"line":99,"column":72}},"44":{"start":{"line":100,"column":4},"end":{"line":100,"column":41}},"45":{"start":{"line":102,"column":4},"end":{"line":102,"column":67}},"46":{"start":{"line":104,"column":2},"end":{"line":109,"column":5}},"47":{"start":{"line":115,"column":0},"end":{"line":142,"column":3}},"48":{"start":{"line":117,"column":29},"end":{"line":120,"column":18}},"49":{"start":{"line":122,"column":15},"end":{"line":129,"column":4}},"50":{"start":{"line":131,"column":2},"end":{"line":133,"column":3}},"51":{"start":{"line":132,"column":4},"end":{"line":132,"column":57}},"52":{"start":{"line":136,"column":2},"end":{"line":136,"column":36}},"53":{"start":{"line":137,"column":2},"end":{"line":137,"column":33}},"54":{"start":{"line":138,"column":2},"end":{"line":138,"column":34}},"55":{"start":{"line":139,"column":2},"end":{"line":139,"column":38}},"56":{"start":{"line":141,"column":2},"end":{"line":141,"column":36}},"57":{"start":{"line":147,"column":0},"end":{"line":195,"column":3}},"58":{"start":{"line":149,"column":29},"end":{"line":152,"column":18}},"59":{"start":{"line":154,"column":13},"end":{"line":158,"column":4}},"60":{"start":{"line":160,"column":2},"end":{"line":162,"column":3}},"61":{"start":{"line":161,"column":4},"end":{"line":161,"column":57}},"62":{"start":{"line":164,"column":2},"end":{"line":187,"column":3}},"63":{"start":{"line":168,"column":25},"end":{"line":168,"column":58}},"64":{"start":{"line":170,"column":42},"end":{"line":170,"column":54}},"65":{"start":{"line":172,"column":4},"end":{"line":179,"column":5}},"66":{"start":{"line":173,"column":6},"end":{"line":173,"column":49}},"67":{"start":{"line":175,"column":6},"end":{"line":175,"column":74}},"68":{"start":{"line":176,"column":6},"end":{"line":176,"column":43}},"69":{"start":{"line":178,"column":6},"end":{"line":178,"column":69}},"70":{"start":{"line":182,"column":6},"end":{"line":182,"column":126}},"71":{"start":{"line":184,"column":4},"end":{"line":184,"column":40}},"72":{"start":{"line":186,"column":4},"end":{"line":186,"column":54}},"73":{"start":{"line":189,"column":2},"end":{"line":189,"column":31}},"74":{"start":{"line":190,"column":2},"end":{"line":190,"column":33}},"75":{"start":{"line":191,"column":2},"end":{"line":191,"column":34}},"76":{"start":{"line":192,"column":2},"end":{"line":192,"column":38}},"77":{"start":{"line":194,"column":2},"end":{"line":194,"column":36}},"78":{"start":{"line":200,"column":0},"end":{"line":222,"column":3}},"79":{"start":{"line":201,"column":15},"end":{"line":203,"column":4}},"80":{"start":{"line":205,"column":2},"end":{"line":207,"column":3}},"81":{"start":{"line":206,"column":4},"end":{"line":206,"column":64}},"82":{"start":{"line":209,"column":2},"end":{"line":211,"column":3}},"83":{"start":{"line":210,"column":4},"end":{"line":210,"column":76}},"84":{"start":{"line":214,"column":2},"end":{"line":216,"column":3}},"85":{"start":{"line":215,"column":4},"end":{"line":215,"column":65}},"86":{"start":{"line":218,"column":2},"end":{"line":218,"column":39}},"87":{"start":{"line":219,"column":2},"end":{"line":219,"column":20}},"88":{"start":{"line":221,"column":2},"end":{"line":221,"column":36}}},"fnMap":{"0":{"name":"(anonymous_0)","decl":{"start":{"line":16,"column":29},"end":{"line":16,"column":30}},"loc":{"start":{"line":16,"column":55},"end":{"line":48,"column":1}},"line":16},"1":{"name":"(anonymous_1)","decl":{"start":{"line":53,"column":30},"end":{"line":53,"column":31}},"loc":{"start":{"line":53,"column":56},"end":{"line":63,"column":1}},"line":53},"2":{"name":"(anonymous_2)","decl":{"start":{"line":68,"column":38},"end":{"line":68,"column":39}},"loc":{"start":{"line":68,"column":64},"end":{"line":110,"column":1}},"line":68},"3":{"name":"(anonymous_3)","decl":{"start":{"line":115,"column":37},"end":{"line":115,"column":38}},"loc":{"start":{"line":115,"column":63},"end":{"line":142,"column":1}},"line":115},"4":{"name":"(anonymous_4)","decl":{"start":{"line":147,"column":39},"end":{"line":147,"column":40}},"loc":{"start":{"line":147,"column":65},"end":{"line":195,"column":1}},"line":147},"5":{"name":"(anonymous_5)","decl":{"start":{"line":200,"column":38},"end":{"line":200,"column":39}},"loc":{"start":{"line":200,"column":64},"end":{"line":222,"column":1}},"line":200}},"branchMap":{"0":{"loc":{"start":{"line":19,"column":2},"end":{"line":23,"column":3}},"type":"if","locations":[{"start":{"line":19,"column":2},"end":{"line":23,"column":3}},{"start":{"line":19,"column":2},"end":{"line":23,"column":3}}],"line":19},"1":{"loc":{"start":{"line":19,"column":6},"end":{"line":19,"column":25}},"type":"binary-expr","locations":[{"start":{"line":19,"column":6},"end":{"line":19,"column":12}},{"start":{"line":19,"column":16},"end":{"line":19,"column":25}}],"line":19},"2":{"loc":{"start":{"line":29,"column":2},"end":{"line":33,"column":3}},"type":"if","locations":[{"start":{"line":29,"column":2},"end":{"line":33,"column":3}},{"start":{"line":29,"column":2},"end":{"line":33,"column":3}}],"line":29},"3":{"loc":{"start":{"line":37,"column":2},"end":{"line":39,"column":3}},"type":"if","locations":[{"start":{"line":37,"column":2},"end":{"line":39,"column":3}},{"start":{"line":37,"column":2},"end":{"line":39,"column":3}}],"line":37},"4":{"loc":{"start":{"line":43,"column":2},"end":{"line":45,"column":3}},"type":"if","locations":[{"start":{"line":43,"column":2},"end":{"line":45,"column":3}},{"start":{"line":43,"column":2},"end":{"line":45,"column":3}}],"line":43},"5":{"loc":{"start":{"line":72,"column":2},"end":{"line":72,"column":79}},"type":"if","locations":[{"start":{"line":72,"column":2},"end":{"line":72,"column":79}},{"start":{"line":72,"column":2},"end":{"line":72,"column":79}}],"line":72},"6":{"loc":{"start":{"line":76,"column":2},"end":{"line":78,"column":3}},"type":"if","locations":[{"start":{"line":76,"column":2},"end":{"line":78,"column":3}},{"start":{"line":76,"column":2},"end":{"line":78,"column":3}}],"line":76},"7":{"loc":{"start":{"line":131,"column":2},"end":{"line":133,"column":3}},"type":"if","locations":[{"start":{"line":131,"column":2},"end":{"line":133,"column":3}},{"start":{"line":131,"column":2},"end":{"line":133,"column":3}}],"line":131},"8":{"loc":{"start":{"line":160,"column":2},"end":{"line":162,"column":3}},"type":"if","locations":[{"start":{"line":160,"column":2},"end":{"line":162,"column":3}},{"start":{"line":160,"column":2},"end":{"line":162,"column":3}}],"line":160},"9":{"loc":{"start":{"line":164,"column":2},"end":{"line":187,"column":3}},"type":"if","locations":[{"start":{"line":164,"column":2},"end":{"line":187,"column":3}},{"start":{"line":164,"column":2},"end":{"line":187,"column":3}}],"line":164},"10":{"loc":{"start":{"line":165,"column":4},"end":{"line":166,"column":41}},"type":"binary-expr","locations":[{"start":{"line":165,"column":4},"end":{"line":165,"column":35}},{"start":{"line":166,"column":4},"end":{"line":166,"column":41}}],"line":165},"11":{"loc":{"start":{"line":205,"column":2},"end":{"line":207,"column":3}},"type":"if","locations":[{"start":{"line":205,"column":2},"end":{"line":207,"column":3}},{"start":{"line":205,"column":2},"end":{"line":207,"column":3}}],"line":205},"12":{"loc":{"start":{"line":209,"column":2},"end":{"line":211,"column":3}},"type":"if","locations":[{"start":{"line":209,"column":2},"end":{"line":211,"column":3}},{"start":{"line":209,"column":2},"end":{"line":211,"column":3}}],"line":209},"13":{"loc":{"start":{"line":214,"column":2},"end":{"line":216,"column":3}},"type":"if","locations":[{"start":{"line":214,"column":2},"end":{"line":216,"column":3}},{"start":{"line":214,"column":2},"end":{"line":216,"column":3}}],"line":214}},"s":{"0":1,"1":1,"2":1,"3":1,"4":1,"5":1,"6":1,"7":1,"8":1,"9":1,"10":1,"11":1,"12":1,"13":1,"14":0,"15":1,"16":1,"17":0,"18":1,"19":1,"20":0,"21":1,"22":0,"23":1,"24":1,"25":0,"26":0,"27":1,"28":0,"29":0,"30":0,"31":0,"32":0,"33":0,"34":0,"35":0,"36":0,"37":0,"38":0,"39":0,"40":0,"41":0,"42":0,"43":0,"44":0,"45":0,"46":0,"47":1,"48":0,"49":0,"50":0,"51":0,"52":0,"53":0,"54":0,"55":0,"56":0,"57":1,"58":0,"59":0,"60":0,"61":0,"62":0,"63":0,"64":0,"65":0,"66":0,"67":0,"68":0,"69":0,"70":0,"71":0,"72":0,"73":0,"74":0,"75":0,"76":0,"77":0,"78":1,"79":0,"80":0,"81":0,"82":0,"83":0,"84":0,"85":0,"86":0,"87":0,"88":0},"f":{"0":1,"1":0,"2":0,"3":0,"4":0,"5":0},"b":{"0":[0,1],"1":[1,1],"2":[0,1],"3":[0,1],"4":[0,1],"5":[0,0],"6":[0,0],"7":[0,0],"8":[0,0],"9":[0,0],"10":[0,0],"11":[0,0],"12":[0,0],"13":[0,0]},"_coverageSchema":"1a1c01bbd47fc00a2c39e90264f33305004495a9","hash":"3cc52cab525985999c4e4153118a7f921b55ad7a","contentHash":"2e085f2edf3c7403058816794388449c115fbcb8b50d35b4cd3f09bc5de60d12"}}