{"/Users/jones/Desktop/Notto_Tech/Bridgecreek_CW/middleware/error_middleware.js":{"path":"/Users/jones/Desktop/Notto_Tech/Bridgecreek_CW/middleware/error_middleware.js","statementMap":{"0":{"start":{"line":1,"column":22},"end":{"line":1,"column":55}},"1":{"start":{"line":3,"column":21},"end":{"line":34,"column":1}},"2":{"start":{"line":5,"column":14},"end":{"line":5,"column":24}},"3":{"start":{"line":6,"column":2},"end":{"line":6,"column":30}},"4":{"start":{"line":9,"column":2},"end":{"line":12,"column":3}},"5":{"start":{"line":10,"column":20},"end":{"line":10,"column":40}},"6":{"start":{"line":11,"column":4},"end":{"line":11,"column":44}},"7":{"start":{"line":15,"column":2},"end":{"line":21,"column":3}},"8":{"start":{"line":19,"column":18},"end":{"line":19,"column":69}},"9":{"start":{"line":19,"column":57},"end":{"line":19,"column":68}},"10":{"start":{"line":20,"column":4},"end":{"line":20,"column":44}},"11":{"start":{"line":26,"column":2},"end":{"line":29,"column":3}},"12":{"start":{"line":27,"column":20},"end":{"line":27,"column":71}},"13":{"start":{"line":27,"column":59},"end":{"line":27,"column":70}},"14":{"start":{"line":28,"column":4},"end":{"line":28,"column":44}},"15":{"start":{"line":31,"column":2},"end":{"line":33,"column":70}},"16":{"start":{"line":36,"column":0},"end":{"line":36,"column":30}}},"fnMap":{"0":{"name":"(anonymous_0)","decl":{"start":{"line":3,"column":21},"end":{"line":3,"column":22}},"loc":{"start":{"line":3,"column":46},"end":{"line":34,"column":1}},"line":3},"1":{"name":"(anonymous_1)","decl":{"start":{"line":19,"column":48},"end":{"line":19,"column":49}},"loc":{"start":{"line":19,"column":57},"end":{"line":19,"column":68}},"line":19},"2":{"name":"(anonymous_2)","decl":{"start":{"line":27,"column":50},"end":{"line":27,"column":51}},"loc":{"start":{"line":27,"column":59},"end":{"line":27,"column":70}},"line":27}},"branchMap":{"0":{"loc":{"start":{"line":9,"column":2},"end":{"line":12,"column":3}},"type":"if","locations":[{"start":{"line":9,"column":2},"end":{"line":12,"column":3}},{"start":{"line":9,"column":2},"end":{"line":12,"column":3}}],"line":9},"1":{"loc":{"start":{"line":9,"column":6},"end":{"line":9,"column":74}},"type":"binary-expr","locations":[{"start":{"line":9,"column":6},"end":{"line":9,"column":43}},{"start":{"line":9,"column":47},"end":{"line":9,"column":74}}],"line":9},"2":{"loc":{"start":{"line":15,"column":2},"end":{"line":21,"column":3}},"type":"if","locations":[{"start":{"line":15,"column":2},"end":{"line":21,"column":3}},{"start":{"line":15,"column":2},"end":{"line":21,"column":3}}],"line":15},"3":{"loc":{"start":{"line":16,"column":4},"end":{"line":17,"column":31}},"type":"binary-expr","locations":[{"start":{"line":16,"column":4},"end":{"line":16,"column":49}},{"start":{"line":17,"column":4},"end":{"line":17,"column":31}}],"line":16},"4":{"loc":{"start":{"line":26,"column":2},"end":{"line":29,"column":3}},"type":"if","locations":[{"start":{"line":26,"column":2},"end":{"line":29,"column":3}},{"start":{"line":26,"column":2},"end":{"line":29,"column":3}}],"line":26},"5":{"loc":{"start":{"line":32,"column":12},"end":{"line":32,"column":35}},"type":"binary-expr","locations":[{"start":{"line":32,"column":12},"end":{"line":32,"column":28}},{"start":{"line":32,"column":32},"end":{"line":32,"column":35}}],"line":32},"6":{"loc":{"start":{"line":33,"column":35},"end":{"line":33,"column":66}},"type":"binary-expr","locations":[{"start":{"line":33,"column":35},"end":{"line":33,"column":48}},{"start":{"line":33,"column":52},"end":{"line":33,"column":66}}],"line":33}},"s":{"0":1,"1":1,"2":25,"3":25,"4":25,"5":1,"6":1,"7":25,"8":1,"9":1,"10":1,"11":25,"12":1,"13":1,"14":1,"15":25,"16":1},"f":{"0":25,"1":1,"2":1},"b":{"0":[1,24],"1":[25,1],"2":[1,24],"3":[25,1],"4":[1,24],"5":[25,1],"6":[25,0]},"_coverageSchema":"1a1c01bbd47fc00a2c39e90264f33305004495a9","hash":"6da54baaf42e30492495e3af75cdf5c88a0f9141","contentHash":"d09683670e095e70dfd75e78defefc6bc66364bfdd43be1845d70698b1553d0e"},"/Users/jones/Desktop/Notto_Tech/Bridgecreek_CW/controllers/user_controller.js":{"path":"/Users/jones/Desktop/Notto_Tech/Bridgecreek_CW/controllers/user_controller.js","statementMap":{"0":{"start":{"line":1,"column":14},"end":{"line":1,"column":39}},"1":{"start":{"line":2,"column":22},"end":{"line":2,"column":55}},"2":{"start":{"line":3,"column":21},"end":{"line":3,"column":62}},"3":{"start":{"line":4,"column":30},"end":{"line":4,"column":63}},"4":{"start":{"line":5,"column":27},"end":{"line":5,"column":56}},"5":{"start":{"line":6,"column":18},"end":{"line":6,"column":47}},"6":{"start":{"line":7,"column":15},"end":{"line":7,"column":40}},"7":{"start":{"line":8,"column":0},"end":{"line":8,"column":47}},"8":{"start":{"line":13,"column":0},"end":{"line":18,"column":3}},"9":{"start":{"line":14,"column":2},"end":{"line":16,"column":3}},"10":{"start":{"line":15,"column":4},"end":{"line":15,"column":57}},"11":{"start":{"line":17,"column":2},"end":{"line":17,"column":48}},"12":{"start":{"line":23,"column":0},"end":{"line":29,"column":3}},"13":{"start":{"line":24,"column":2},"end":{"line":26,"column":3}},"14":{"start":{"line":25,"column":4},"end":{"line":25,"column":57}},"15":{"start":{"line":28,"column":2},"end":{"line":28,"column":48}},"16":{"start":{"line":34,"column":0},"end":{"line":87,"column":3}},"17":{"start":{"line":35,"column":23},"end":{"line":37,"column":4}},"18":{"start":{"line":39,"column":15},"end":{"line":39,"column":42}},"19":{"start":{"line":40,"column":17},"end":{"line":40,"column":30}},"20":{"start":{"line":42,"column":2},"end":{"line":52,"column":3}},"21":{"start":{"line":46,"column":4},"end":{"line":51,"column":6}},"22":{"start":{"line":54,"column":23},"end":{"line":54,"column":56}},"23":{"start":{"line":56,"column":40},"end":{"line":56,"column":52}},"24":{"start":{"line":58,"column":2},"end":{"line":65,"column":3}},"25":{"start":{"line":59,"column":4},"end":{"line":59,"column":47}},"26":{"start":{"line":61,"column":4},"end":{"line":61,"column":72}},"27":{"start":{"line":62,"column":4},"end":{"line":62,"column":41}},"28":{"start":{"line":64,"column":4},"end":{"line":64,"column":67}},"29":{"start":{"line":67,"column":2},"end":{"line":78,"column":3}},"30":{"start":{"line":69,"column":17},"end":{"line":69,"column":27}},"31":{"start":{"line":70,"column":22},"end":{"line":70,"column":54}},"32":{"start":{"line":71,"column":20},"end":{"line":71,"column":39}},"33":{"start":{"line":73,"column":4},"end":{"line":76,"column":6}},"34":{"start":{"line":77,"column":4},"end":{"line":77,"column":53}},"35":{"start":{"line":80,"column":2},"end":{"line":80,"column":32}},"36":{"start":{"line":82,"column":2},"end":{"line":82,"column":40}},"37":{"start":{"line":84,"column":2},"end":{"line":84,"column":20}},"38":{"start":{"line":86,"column":2},"end":{"line":86,"column":36}},"39":{"start":{"line":92,"column":0},"end":{"line":119,"column":3}},"40":{"start":{"line":93,"column":13},"end":{"line":98,"column":4}},"41":{"start":{"line":100,"column":2},"end":{"line":104,"column":3}},"42":{"start":{"line":101,"column":4},"end":{"line":103,"column":6}},"43":{"start":{"line":106,"column":20},"end":{"line":106,"column":39}},"44":{"start":{"line":107,"column":2},"end":{"line":107,"column":35}},"45":{"start":{"line":115,"column":2},"end":{"line":118,"column":5}},"46":{"start":{"line":124,"column":0},"end":{"line":147,"column":3}},"47":{"start":{"line":125,"column":15},"end":{"line":129,"column":4}},"48":{"start":{"line":131,"column":2},"end":{"line":138,"column":3}},"49":{"start":{"line":132,"column":4},"end":{"line":137,"column":6}},"50":{"start":{"line":139,"column":2},"end":{"line":139,"column":49}},"51":{"start":{"line":141,"column":2},"end":{"line":141,"column":17}},"52":{"start":{"line":143,"column":2},"end":{"line":146,"column":5}}},"fnMap":{"0":{"name":"(anonymous_0)","decl":{"start":{"line":13,"column":35},"end":{"line":13,"column":36}},"loc":{"start":{"line":13,"column":61},"end":{"line":18,"column":1}},"line":13},"1":{"name":"(anonymous_1)","decl":{"start":{"line":23,"column":31},"end":{"line":23,"column":32}},"loc":{"start":{"line":23,"column":57},"end":{"line":29,"column":1}},"line":23},"2":{"name":"(anonymous_2)","decl":{"start":{"line":34,"column":36},"end":{"line":34,"column":37}},"loc":{"start":{"line":34,"column":62},"end":{"line":87,"column":1}},"line":34},"3":{"name":"(anonymous_3)","decl":{"start":{"line":92,"column":34},"end":{"line":92,"column":35}},"loc":{"start":{"line":92,"column":60},"end":{"line":119,"column":1}},"line":92},"4":{"name":"(anonymous_4)","decl":{"start":{"line":124,"column":34},"end":{"line":124,"column":35}},"loc":{"start":{"line":124,"column":60},"end":{"line":147,"column":1}},"line":124}},"branchMap":{"0":{"loc":{"start":{"line":14,"column":2},"end":{"line":16,"column":3}},"type":"if","locations":[{"start":{"line":14,"column":2},"end":{"line":16,"column":3}},{"start":{"line":14,"column":2},"end":{"line":16,"column":3}}],"line":14},"1":{"loc":{"start":{"line":24,"column":2},"end":{"line":26,"column":3}},"type":"if","locations":[{"start":{"line":24,"column":2},"end":{"line":26,"column":3}},{"start":{"line":24,"column":2},"end":{"line":26,"column":3}}],"line":24},"2":{"loc":{"start":{"line":42,"column":2},"end":{"line":52,"column":3}},"type":"if","locations":[{"start":{"line":42,"column":2},"end":{"line":52,"column":3}},{"start":{"line":42,"column":2},"end":{"line":52,"column":3}}],"line":42},"3":{"loc":{"start":{"line":43,"column":4},"end":{"line":44,"column":41}},"type":"binary-expr","locations":[{"start":{"line":43,"column":4},"end":{"line":43,"column":37}},{"start":{"line":44,"column":4},"end":{"line":44,"column":41}}],"line":43},"4":{"loc":{"start":{"line":67,"column":2},"end":{"line":78,"column":3}},"type":"if","locations":[{"start":{"line":67,"column":2},"end":{"line":78,"column":3}},{"start":{"line":67,"column":2},"end":{"line":78,"column":3}}],"line":67},"5":{"loc":{"start":{"line":67,"column":6},"end":{"line":67,"column":61}},"type":"binary-expr","locations":[{"start":{"line":67,"column":6},"end":{"line":67,"column":18}},{"start":{"line":67,"column":22},"end":{"line":67,"column":61}}],"line":67},"6":{"loc":{"start":{"line":100,"column":2},"end":{"line":104,"column":3}},"type":"if","locations":[{"start":{"line":100,"column":2},"end":{"line":104,"column":3}},{"start":{"line":100,"column":2},"end":{"line":104,"column":3}}],"line":100},"7":{"loc":{"start":{"line":131,"column":2},"end":{"line":138,"column":3}},"type":"if","locations":[{"start":{"line":131,"column":2},"end":{"line":138,"column":3}},{"start":{"line":131,"column":2},"end":{"line":138,"column":3}}],"line":131}},"s":{"0":1,"1":1,"2":1,"3":1,"4":1,"5":1,"6":1,"7":1,"8":1,"9":7,"10":0,"11":7,"12":1,"13":1,"14":0,"15":1,"16":1,"17":3,"18":3,"19":3,"20":3,"21":0,"22":3,"23":3,"24":3,"25":3,"26":0,"27":0,"28":0,"29":3,"30":0,"31":0,"32":0,"33":0,"34":0,"35":3,"36":3,"37":3,"38":3,"39":1,"40":3,"41":3,"42":0,"43":3,"44":3,"45":3,"46":1,"47":3,"48":3,"49":0,"50":3,"51":3,"52":3},"f":{"0":7,"1":1,"2":3,"3":3,"4":3},"b":{"0":[0,7],"1":[0,1],"2":[0,3],"3":[3,3],"4":[0,3],"5":[3,0],"6":[0,3],"7":[0,3]},"_coverageSchema":"1a1c01bbd47fc00a2c39e90264f33305004495a9","hash":"2377c073d095316ca650ceccd3062fa043fd620e","contentHash":"f00630ec2182a6e192b626b93655716af805aad9a5c363d9203905ded9b9214a"},"/Users/jones/Desktop/Notto_Tech/Bridgecreek_CW/models/User.js":{"path":"/Users/jones/Desktop/Notto_Tech/Bridgecreek_CW/models/User.js","statementMap":{"0":{"start":{"line":1,"column":18},"end":{"line":1,"column":38}},"1":{"start":{"line":2,"column":18},"end":{"line":2,"column":41}},"2":{"start":{"line":3,"column":15},"end":{"line":3,"column":34}},"3":{"start":{"line":4,"column":12},"end":{"line":4,"column":35}},"4":{"start":{"line":5,"column":17},"end":{"line":5,"column":46}},"5":{"start":{"line":6,"column":17},"end":{"line":6,"column":45}},"6":{"start":{"line":7,"column":16},"end":{"line":7,"column":44}},"7":{"start":{"line":8,"column":14},"end":{"line":8,"column":39}},"8":{"start":{"line":9,"column":18},"end":{"line":9,"column":47}},"9":{"start":{"line":10,"column":15},"end":{"line":10,"column":41}},"10":{"start":{"line":11,"column":24},"end":{"line":11,"column":60}},"11":{"start":{"line":12,"column":15},"end":{"line":12,"column":32}},"12":{"start":{"line":14,"column":13},"end":{"line":179,"column":1}},"13":{"start":{"line":183,"column":0},"end":{"line":187,"column":3}},"14":{"start":{"line":188,"column":0},"end":{"line":192,"column":3}},"15":{"start":{"line":194,"column":0},"end":{"line":194,"column":48}},"16":{"start":{"line":195,"column":0},"end":{"line":195,"column":50}},"17":{"start":{"line":197,"column":0},"end":{"line":197,"column":48}},"18":{"start":{"line":198,"column":0},"end":{"line":198,"column":51}},"19":{"start":{"line":200,"column":0},"end":{"line":200,"column":56}},"20":{"start":{"line":201,"column":0},"end":{"line":201,"column":58}},"21":{"start":{"line":203,"column":0},"end":{"line":203,"column":57}},"22":{"start":{"line":204,"column":0},"end":{"line":204,"column":59}},"23":{"start":{"line":206,"column":0},"end":{"line":206,"column":51}},"24":{"start":{"line":207,"column":0},"end":{"line":207,"column":53}},"25":{"start":{"line":209,"column":0},"end":{"line":209,"column":67}},"26":{"start":{"line":210,"column":0},"end":{"line":210,"column":69}},"27":{"start":{"line":212,"column":28},"end":{"line":217,"column":1}},"28":{"start":{"line":213,"column":2},"end":{"line":216,"column":3}},"29":{"start":{"line":214,"column":17},"end":{"line":214,"column":41}},"30":{"start":{"line":215,"column":4},"end":{"line":215,"column":70}},"31":{"start":{"line":219,"column":0},"end":{"line":226,"column":2}},"32":{"start":{"line":220,"column":2},"end":{"line":225,"column":5}},"33":{"start":{"line":228,"column":0},"end":{"line":232,"column":2}},"34":{"start":{"line":229,"column":2},"end":{"line":231,"column":5}},"35":{"start":{"line":234,"column":0},"end":{"line":236,"column":2}},"36":{"start":{"line":235,"column":2},"end":{"line":235,"column":55}},"37":{"start":{"line":239,"column":0},"end":{"line":253,"column":2}},"38":{"start":{"line":241,"column":21},"end":{"line":241,"column":59}},"39":{"start":{"line":244,"column":2},"end":{"line":247,"column":19}},"40":{"start":{"line":250,"column":2},"end":{"line":250,"column":57}},"41":{"start":{"line":252,"column":2},"end":{"line":252,"column":20}},"42":{"start":{"line":255,"column":0},"end":{"line":272,"column":2}},"43":{"start":{"line":257,"column":21},"end":{"line":257,"column":59}},"44":{"start":{"line":260,"column":2},"end":{"line":263,"column":19}},"45":{"start":{"line":266,"column":15},"end":{"line":266,"column":25}},"46":{"start":{"line":267,"column":20},"end":{"line":267,"column":52}},"47":{"start":{"line":268,"column":18},"end":{"line":268,"column":37}},"48":{"start":{"line":269,"column":2},"end":{"line":269,"column":37}},"49":{"start":{"line":271,"column":2},"end":{"line":271,"column":20}},"50":{"start":{"line":274,"column":0},"end":{"line":306,"column":2}},"51":{"start":{"line":275,"column":19},"end":{"line":275,"column":53}},"52":{"start":{"line":279,"column":2},"end":{"line":283,"column":3}},"53":{"start":{"line":280,"column":4},"end":{"line":280,"column":38}},"54":{"start":{"line":282,"column":4},"end":{"line":282,"column":23}},"55":{"start":{"line":286,"column":2},"end":{"line":286,"column":44}},"56":{"start":{"line":288,"column":19},"end":{"line":290,"column":49}},"57":{"start":{"line":292,"column":14},"end":{"line":292,"column":241}},"58":{"start":{"line":294,"column":15},"end":{"line":294,"column":44}},"59":{"start":{"line":296,"column":18},"end":{"line":296,"column":32}},"60":{"start":{"line":298,"column":16},"end":{"line":303,"column":3}},"61":{"start":{"line":305,"column":2},"end":{"line":305,"column":17}},"62":{"start":{"line":308,"column":0},"end":{"line":317,"column":2}},"63":{"start":{"line":309,"column":17},"end":{"line":312,"column":3}},"64":{"start":{"line":314,"column":26},"end":{"line":314,"column":64}},"65":{"start":{"line":316,"column":2},"end":{"line":316,"column":61}},"66":{"start":{"line":319,"column":0},"end":{"line":319,"column":39}},"67":{"start":{"line":320,"column":0},"end":{"line":320,"column":39}},"68":{"start":{"line":322,"column":0},"end":{"line":322,"column":22}}},"fnMap":{"0":{"name":"(anonymous_0)","decl":{"start":{"line":212,"column":28},"end":{"line":212,"column":29}},"loc":{"start":{"line":212,"column":44},"end":{"line":217,"column":1}},"line":212},"1":{"name":"(anonymous_1)","decl":{"start":{"line":219,"column":36},"end":{"line":219,"column":37}},"loc":{"start":{"line":219,"column":60},"end":{"line":226,"column":1}},"line":219},"2":{"name":"(anonymous_2)","decl":{"start":{"line":228,"column":32},"end":{"line":228,"column":33}},"loc":{"start":{"line":228,"column":50},"end":{"line":232,"column":1}},"line":228},"3":{"name":"(anonymous_3)","decl":{"start":{"line":234,"column":31},"end":{"line":234,"column":32}},"loc":{"start":{"line":234,"column":57},"end":{"line":236,"column":1}},"line":234},"4":{"name":"(anonymous_4)","decl":{"start":{"line":239,"column":39},"end":{"line":239,"column":40}},"loc":{"start":{"line":239,"column":51},"end":{"line":253,"column":1}},"line":239},"5":{"name":"(anonymous_5)","decl":{"start":{"line":255,"column":39},"end":{"line":255,"column":40}},"loc":{"start":{"line":255,"column":51},"end":{"line":272,"column":1}},"line":255},"6":{"name":"(anonymous_6)","decl":{"start":{"line":274,"column":35},"end":{"line":274,"column":36}},"loc":{"start":{"line":274,"column":56},"end":{"line":306,"column":1}},"line":274},"7":{"name":"(anonymous_7)","decl":{"start":{"line":308,"column":39},"end":{"line":308,"column":40}},"loc":{"start":{"line":308,"column":60},"end":{"line":317,"column":1}},"line":308}},"branchMap":{"0":{"loc":{"start":{"line":213,"column":2},"end":{"line":216,"column":3}},"type":"if","locations":[{"start":{"line":213,"column":2},"end":{"line":216,"column":3}},{"start":{"line":213,"column":2},"end":{"line":216,"column":3}}],"line":213},"1":{"loc":{"start":{"line":279,"column":2},"end":{"line":283,"column":3}},"type":"if","locations":[{"start":{"line":279,"column":2},"end":{"line":283,"column":3}},{"start":{"line":279,"column":2},"end":{"line":283,"column":3}}],"line":279},"2":{"loc":{"start":{"line":279,"column":6},"end":{"line":279,"column":54}},"type":"binary-expr","locations":[{"start":{"line":279,"column":6},"end":{"line":279,"column":37}},{"start":{"line":279,"column":41},"end":{"line":279,"column":54}}],"line":279}},"s":{"0":1,"1":1,"2":1,"3":1,"4":1,"5":1,"6":1,"7":1,"8":1,"9":1,"10":1,"11":1,"12":1,"13":1,"14":1,"15":1,"16":1,"17":1,"18":1,"19":1,"20":1,"21":1,"22":1,"23":1,"24":1,"25":1,"26":1,"27":1,"28":7,"29":5,"30":5,"31":1,"32":3,"33":1,"34":21,"35":1,"36":18,"37":1,"38":1,"39":1,"40":1,"41":1,"42":1,"43":3,"44":3,"45":3,"46":3,"47":3,"48":3,"49":3,"50":1,"51":3,"52":3,"53":3,"54":0,"55":3,"56":3,"57":3,"58":3,"59":3,"60":3,"61":3,"62":1,"63":3,"64":3,"65":3,"66":1,"67":1,"68":1},"f":{"0":7,"1":3,"2":21,"3":18,"4":1,"5":3,"6":3,"7":3},"b":{"0":[5,2],"1":[3,0],"2":[3,0]},"_coverageSchema":"1a1c01bbd47fc00a2c39e90264f33305004495a9","hash":"c11becff274da5ddb823156b72703aa3a0228f7a","contentHash":"fd90bba21f0f52555acdcc9c3901037ac3301cf9d1acdaa794c1103dc60b5489"},"/Users/jones/Desktop/Notto_Tech/Bridgecreek_CW/models/Wishlist.js":{"path":"/Users/jones/Desktop/Notto_Tech/Bridgecreek_CW/models/Wishlist.js","statementMap":{"0":{"start":{"line":1,"column":18},"end":{"line":1,"column":38}},"1":{"start":{"line":2,"column":18},"end":{"line":2,"column":41}},"2":{"start":{"line":3,"column":14},"end":{"line":3,"column":39}},"3":{"start":{"line":4,"column":17},"end":{"line":4,"column":45}},"4":{"start":{"line":6,"column":17},"end":{"line":51,"column":1}},"5":{"start":{"line":55,"column":0},"end":{"line":55,"column":26}}},"fnMap":{},"branchMap":{},"s":{"0":1,"1":1,"2":1,"3":1,"4":1,"5":1},"f":{},"b":{},"_coverageSchema":"1a1c01bbd47fc00a2c39e90264f33305004495a9","hash":"3af05253fa329db85822d05211aaea0ffe82c70b","contentHash":"8446628d6e06da72d39377a382ce7fc35974b0ae6096287804c86e180cb1a7de"},"/Users/jones/Desktop/Notto_Tech/Bridgecreek_CW/models/Product.js":{"path":"/Users/jones/Desktop/Notto_Tech/Bridgecreek_CW/models/Product.js","statementMap":{"0":{"start":{"line":1,"column":18},"end":{"line":1,"column":38}},"1":{"start":{"line":2,"column":18},"end":{"line":2,"column":41}},"2":{"start":{"line":3,"column":16},"end":{"line":3,"column":36}},"3":{"start":{"line":5,"column":16},"end":{"line":84,"column":1}},"4":{"start":{"line":86,"column":0},"end":{"line":90,"column":3}},"5":{"start":{"line":92,"column":0},"end":{"line":92,"column":56}},"6":{"start":{"line":94,"column":0},"end":{"line":94,"column":25}}},"fnMap":{},"branchMap":{},"s":{"0":1,"1":1,"2":1,"3":1,"4":1,"5":1,"6":1},"f":{},"b":{},"_coverageSchema":"1a1c01bbd47fc00a2c39e90264f33305004495a9","hash":"3c5af96467380a3eba4b7b9fdf9780ece4fa4378","contentHash":"353f2b4f9fd5df5d46e7317a3ba9335d8739d432a3917247ed1085fc34244728"},"/Users/jones/Desktop/Notto_Tech/Bridgecreek_CW/models/Reviews.js":{"path":"/Users/jones/Desktop/Notto_Tech/Bridgecreek_CW/models/Reviews.js","statementMap":{"0":{"start":{"line":1,"column":18},"end":{"line":1,"column":38}},"1":{"start":{"line":2,"column":18},"end":{"line":2,"column":41}},"2":{"start":{"line":3,"column":17},"end":{"line":3,"column":45}},"3":{"start":{"line":5,"column":16},"end":{"line":78,"column":1}},"4":{"start":{"line":82,"column":25},"end":{"line":118,"column":1}},"5":{"start":{"line":83,"column":14},"end":{"line":92,"column":4}},"6":{"start":{"line":94,"column":2},"end":{"line":117,"column":3}},"7":{"start":{"line":98,"column":4},"end":{"line":99,"column":77}},"8":{"start":{"line":102,"column":4},"end":{"line":104,"column":5}},"9":{"start":{"line":103,"column":6},"end":{"line":103,"column":20}},"10":{"start":{"line":106,"column":19},"end":{"line":106,"column":47}},"11":{"start":{"line":109,"column":4},"end":{"line":114,"column":6}},"12":{"start":{"line":116,"column":4},"end":{"line":116,"column":23}},"13":{"start":{"line":120,"column":0},"end":{"line":120,"column":39}},"14":{"start":{"line":121,"column":0},"end":{"line":121,"column":38}},"15":{"start":{"line":122,"column":0},"end":{"line":122,"column":38}},"16":{"start":{"line":124,"column":0},"end":{"line":124,"column":25}}},"fnMap":{"0":{"name":"(anonymous_0)","decl":{"start":{"line":82,"column":25},"end":{"line":82,"column":26}},"loc":{"start":{"line":82,"column":53},"end":{"line":118,"column":1}},"line":82}},"branchMap":{"0":{"loc":{"start":{"line":99,"column":6},"end":{"line":99,"column":76}},"type":"cond-expr","locations":[{"start":{"line":99,"column":33},"end":{"line":99,"column":57}},{"start":{"line":99,"column":60},"end":{"line":99,"column":76}}],"line":99},"1":{"loc":{"start":{"line":102,"column":4},"end":{"line":104,"column":5}},"type":"if","locations":[{"start":{"line":102,"column":4},"end":{"line":104,"column":5}},{"start":{"line":102,"column":4},"end":{"line":104,"column":5}}],"line":102},"2":{"loc":{"start":{"line":102,"column":8},"end":{"line":102,"column":27}},"type":"binary-expr","locations":[{"start":{"line":102,"column":8},"end":{"line":102,"column":15}},{"start":{"line":102,"column":19},"end":{"line":102,"column":27}}],"line":102}},"s":{"0":1,"1":1,"2":1,"3":1,"4":1,"5":3,"6":3,"7":3,"8":3,"9":0,"10":3,"11":3,"12":0,"13":1,"14":1,"15":1,"16":1},"f":{"0":3},"b":{"0":[0,3],"1":[0,3],"2":[3,0]},"_coverageSchema":"1a1c01bbd47fc00a2c39e90264f33305004495a9","hash":"945760209263e3c03313d3d8d387b94a4301f768","contentHash":"390de591e7dc6aa6cb841bf35c4657b7ecdd4d62913ce2391c6f8308e9d86697"},"/Users/jones/Desktop/Notto_Tech/Bridgecreek_CW/models/Cart.js":{"path":"/Users/jones/Desktop/Notto_Tech/Bridgecreek_CW/models/Cart.js","statementMap":{"0":{"start":{"line":1,"column":18},"end":{"line":1,"column":38}},"1":{"start":{"line":2,"column":18},"end":{"line":2,"column":41}},"2":{"start":{"line":3,"column":17},"end":{"line":3,"column":45}},"3":{"start":{"line":4,"column":18},"end":{"line":4,"column":47}},"4":{"start":{"line":6,"column":14},"end":{"line":59,"column":1}},"5":{"start":{"line":63,"column":0},"end":{"line":68,"column":3}},"6":{"start":{"line":70,"column":0},"end":{"line":75,"column":3}},"7":{"start":{"line":77,"column":0},"end":{"line":84,"column":2}},"8":{"start":{"line":78,"column":2},"end":{"line":83,"column":5}},"9":{"start":{"line":86,"column":0},"end":{"line":86,"column":23}}},"fnMap":{"0":{"name":"(anonymous_0)","decl":{"start":{"line":77,"column":34},"end":{"line":77,"column":35}},"loc":{"start":{"line":77,"column":58},"end":{"line":84,"column":1}},"line":77}},"branchMap":{},"s":{"0":1,"1":1,"2":1,"3":1,"4":1,"5":1,"6":1,"7":1,"8":2,"9":1},"f":{"0":2},"b":{},"_coverageSchema":"1a1c01bbd47fc00a2c39e90264f33305004495a9","hash":"58df20b274c996c97ab88ee21784b042a1c5d69c","contentHash":"eff5b650be638e2ff6442374b634480ee457b49df24850517f6c5c8b1537f0ff"},"/Users/jones/Desktop/Notto_Tech/Bridgecreek_CW/models/CartItem.js":{"path":"/Users/jones/Desktop/Notto_Tech/Bridgecreek_CW/models/CartItem.js","statementMap":{"0":{"start":{"line":1,"column":18},"end":{"line":1,"column":38}},"1":{"start":{"line":2,"column":18},"end":{"line":2,"column":41}},"2":{"start":{"line":3,"column":17},"end":{"line":3,"column":45}},"3":{"start":{"line":4,"column":14},"end":{"line":4,"column":31}},"4":{"start":{"line":6,"column":18},"end":{"line":90,"column":1}},"5":{"start":{"line":92,"column":33},"end":{"line":145,"column":1}},"6":{"start":{"line":93,"column":18},"end":{"line":96,"column":4}},"7":{"start":{"line":100,"column":4},"end":{"line":100,"column":68}},"8":{"start":{"line":103,"column":25},"end":{"line":103,"column":65}},"9":{"start":{"line":106,"column":14},"end":{"line":106,"column":41}},"10":{"start":{"line":107,"column":2},"end":{"line":107,"column":56}},"11":{"start":{"line":110,"column":2},"end":{"line":110,"column":73}},"12":{"start":{"line":112,"column":23},"end":{"line":122,"column":4}},"13":{"start":{"line":125,"column":2},"end":{"line":144,"column":3}},"14":{"start":{"line":128,"column":4},"end":{"line":129,"column":71}},"15":{"start":{"line":131,"column":4},"end":{"line":133,"column":5}},"16":{"start":{"line":132,"column":6},"end":{"line":132,"column":20}},"17":{"start":{"line":136,"column":4},"end":{"line":141,"column":8}},"18":{"start":{"line":143,"column":4},"end":{"line":143,"column":23}},"19":{"start":{"line":147,"column":0},"end":{"line":147,"column":49}},"20":{"start":{"line":148,"column":0},"end":{"line":148,"column":48}},"21":{"start":{"line":149,"column":0},"end":{"line":149,"column":49}},"22":{"start":{"line":150,"column":0},"end":{"line":150,"column":48}},"23":{"start":{"line":151,"column":0},"end":{"line":151,"column":50}},"24":{"start":{"line":152,"column":0},"end":{"line":152,"column":49}},"25":{"start":{"line":154,"column":0},"end":{"line":154,"column":27}}},"fnMap":{"0":{"name":"(anonymous_0)","decl":{"start":{"line":92,"column":33},"end":{"line":92,"column":34}},"loc":{"start":{"line":92,"column":64},"end":{"line":145,"column":1}},"line":92}},"branchMap":{"0":{"loc":{"start":{"line":129,"column":6},"end":{"line":129,"column":70}},"type":"cond-expr","locations":[{"start":{"line":129,"column":42},"end":{"line":129,"column":43}},{"start":{"line":129,"column":46},"end":{"line":129,"column":70}}],"line":129},"1":{"loc":{"start":{"line":131,"column":4},"end":{"line":133,"column":5}},"type":"if","locations":[{"start":{"line":131,"column":4},"end":{"line":133,"column":5}},{"start":{"line":131,"column":4},"end":{"line":133,"column":5}}],"line":131},"2":{"loc":{"start":{"line":131,"column":8},"end":{"line":131,"column":36}},"type":"binary-expr","locations":[{"start":{"line":131,"column":8},"end":{"line":131,"column":24}},{"start":{"line":131,"column":28},"end":{"line":131,"column":36}}],"line":131}},"s":{"0":1,"1":1,"2":1,"3":1,"4":1,"5":1,"6":10,"7":10,"8":10,"9":10,"10":10,"11":10,"12":10,"13":10,"14":10,"15":10,"16":1,"17":10,"18":0,"19":1,"20":1,"21":1,"22":1,"23":1,"24":1,"25":1},"f":{"0":10},"b":{"0":[2,8],"1":[1,9],"2":[10,2]},"_coverageSchema":"1a1c01bbd47fc00a2c39e90264f33305004495a9","hash":"02d58be2363fd494695b54d07e6290a13f8230d1","contentHash":"95b62e7c75833df8d32f4f53c9130867046bdc8fac153620e2535b1ff72eade3"},"/Users/jones/Desktop/Notto_Tech/Bridgecreek_CW/models/Order.js":{"path":"/Users/jones/Desktop/Notto_Tech/Bridgecreek_CW/models/Order.js","statementMap":{"0":{"start":{"line":1,"column":18},"end":{"line":1,"column":38}},"1":{"start":{"line":2,"column":18},"end":{"line":2,"column":41}},"2":{"start":{"line":3,"column":14},"end":{"line":3,"column":39}},"3":{"start":{"line":4,"column":18},"end":{"line":4,"column":47}},"4":{"start":{"line":5,"column":17},"end":{"line":5,"column":45}},"5":{"start":{"line":6,"column":19},"end":{"line":6,"column":50}},"6":{"start":{"line":7,"column":15},"end":{"line":7,"column":35}},"7":{"start":{"line":9,"column":14},"end":{"line":207,"column":1}},"8":{"start":{"line":211,"column":0},"end":{"line":215,"column":3}},"9":{"start":{"line":217,"column":0},"end":{"line":221,"column":3}},"10":{"start":{"line":223,"column":0},"end":{"line":223,"column":53}},"11":{"start":{"line":224,"column":0},"end":{"line":224,"column":55}},"12":{"start":{"line":226,"column":22},"end":{"line":239,"column":1}},"13":{"start":{"line":227,"column":53},"end":{"line":227,"column":69}},"14":{"start":{"line":229,"column":20},"end":{"line":229,"column":50}},"15":{"start":{"line":232,"column":4},"end":{"line":235,"column":25}},"16":{"start":{"line":237,"column":2},"end":{"line":237,"column":59}},"17":{"start":{"line":238,"column":2},"end":{"line":238,"column":52}},"18":{"start":{"line":241,"column":0},"end":{"line":269,"column":2}},"19":{"start":{"line":242,"column":15},"end":{"line":248,"column":4}},"20":{"start":{"line":250,"column":2},"end":{"line":268,"column":3}},"21":{"start":{"line":250,"column":15},"end":{"line":250,"column":16}},"22":{"start":{"line":256,"column":8},"end":{"line":256,"column":46}},"23":{"start":{"line":258,"column":28},"end":{"line":265,"column":5}},"24":{"start":{"line":267,"column":4},"end":{"line":267,"column":45}},"25":{"start":{"line":271,"column":0},"end":{"line":271,"column":34}},"26":{"start":{"line":272,"column":0},"end":{"line":272,"column":34}},"27":{"start":{"line":274,"column":0},"end":{"line":274,"column":23}}},"fnMap":{"0":{"name":"(anonymous_0)","decl":{"start":{"line":226,"column":22},"end":{"line":226,"column":23}},"loc":{"start":{"line":226,"column":49},"end":{"line":239,"column":1}},"line":226},"1":{"name":"(anonymous_1)","decl":{"start":{"line":241,"column":35},"end":{"line":241,"column":36}},"loc":{"start":{"line":241,"column":56},"end":{"line":269,"column":1}},"line":241}},"branchMap":{},"s":{"0":1,"1":1,"2":1,"3":1,"4":1,"5":1,"6":1,"7":1,"8":1,"9":1,"10":1,"11":1,"12":1,"13":3,"14":3,"15":3,"16":3,"17":3,"18":1,"19":1,"20":1,"21":1,"22":1,"23":1,"24":1,"25":1,"26":1,"27":1},"f":{"0":3,"1":1},"b":{},"_coverageSchema":"1a1c01bbd47fc00a2c39e90264f33305004495a9","hash":"a80e5517c68f866b714396a1420db890f2b71c00","contentHash":"f066469d9707886d4ad42143c4c17699ff5f217d953ffa12f7a0be03a7ee1647"},"/Users/jones/Desktop/Notto_Tech/Bridgecreek_CW/models/OrderItems.js":{"path":"/Users/jones/Desktop/Notto_Tech/Bridgecreek_CW/models/OrderItems.js","statementMap":{"0":{"start":{"line":1,"column":18},"end":{"line":1,"column":38}},"1":{"start":{"line":2,"column":18},"end":{"line":2,"column":41}},"2":{"start":{"line":3,"column":14},"end":{"line":3,"column":32}},"3":{"start":{"line":5,"column":19},"end":{"line":73,"column":1}},"4":{"start":{"line":75,"column":0},"end":{"line":75,"column":28}}},"fnMap":{},"branchMap":{},"s":{"0":1,"1":1,"2":1,"3":1,"4":1},"f":{},"b":{},"_coverageSchema":"1a1c01bbd47fc00a2c39e90264f33305004495a9","hash":"8984c82927c82433a8557dee751bbc0bf0b4bb71","contentHash":"7806d05fd6dbd25b5204de878577feaf0d9afb3c52a0665dc222071bf83cd27d"},"/Users/jones/Desktop/Notto_Tech/Bridgecreek_CW/models/CartOrderAccess.js":{"path":"/Users/jones/Desktop/Notto_Tech/Bridgecreek_CW/models/CartOrderAccess.js","statementMap":{"0":{"start":{"line":1,"column":18},"end":{"line":1,"column":38}},"1":{"start":{"line":2,"column":18},"end":{"line":2,"column":41}},"2":{"start":{"line":3,"column":15},"end":{"line":3,"column":42}},"3":{"start":{"line":4,"column":14},"end":{"line":4,"column":39}},"4":{"start":{"line":5,"column":15},"end":{"line":5,"column":41}},"5":{"start":{"line":7,"column":24},"end":{"line":42,"column":1}},"6":{"start":{"line":46,"column":0},"end":{"line":46,"column":69}},"7":{"start":{"line":47,"column":0},"end":{"line":47,"column":71}},"8":{"start":{"line":49,"column":0},"end":{"line":49,"column":69}},"9":{"start":{"line":50,"column":0},"end":{"line":50,"column":71}},"10":{"start":{"line":52,"column":0},"end":{"line":52,"column":68}},"11":{"start":{"line":53,"column":0},"end":{"line":53,"column":70}},"12":{"start":{"line":55,"column":0},"end":{"line":55,"column":33}}},"fnMap":{},"branchMap":{},"s":{"0":1,"1":1,"2":1,"3":1,"4":1,"5":1,"6":1,"7":1,"8":1,"9":1,"10":1,"11":1,"12":1},"f":{},"b":{},"_coverageSchema":"1a1c01bbd47fc00a2c39e90264f33305004495a9","hash":"90267856300e0f8fc65b80852cb3970f54205fd1","contentHash":"396b0a90846e02b1707bc3000a28e16ed91bda16fe32f37b9e587145950e57ee"},"/Users/jones/Desktop/Notto_Tech/Bridgecreek_CW/models/Guests.js":{"path":"/Users/jones/Desktop/Notto_Tech/Bridgecreek_CW/models/Guests.js","statementMap":{"0":{"start":{"line":1,"column":18},"end":{"line":1,"column":38}},"1":{"start":{"line":2,"column":18},"end":{"line":2,"column":41}},"2":{"start":{"line":3,"column":23},"end":{"line":3,"column":38}},"3":{"start":{"line":4,"column":15},"end":{"line":4,"column":34}},"4":{"start":{"line":5,"column":12},"end":{"line":5,"column":35}},"5":{"start":{"line":7,"column":15},"end":{"line":74,"column":1}},"6":{"start":{"line":76,"column":0},"end":{"line":83,"column":2}},"7":{"start":{"line":77,"column":17},"end":{"line":77,"column":25}},"8":{"start":{"line":78,"column":2},"end":{"line":78,"column":33}},"9":{"start":{"line":79,"column":2},"end":{"line":79,"column":14}},"10":{"start":{"line":80,"column":15},"end":{"line":80,"column":39}},"11":{"start":{"line":82,"column":2},"end":{"line":82,"column":59}},"12":{"start":{"line":85,"column":0},"end":{"line":89,"column":2}},"13":{"start":{"line":86,"column":2},"end":{"line":88,"column":5}},"14":{"start":{"line":91,"column":0},"end":{"line":91,"column":24}}},"fnMap":{"0":{"name":"(anonymous_0)","decl":{"start":{"line":76,"column":39},"end":{"line":76,"column":40}},"loc":{"start":{"line":76,"column":57},"end":{"line":83,"column":1}},"line":76},"1":{"name":"(anonymous_1)","decl":{"start":{"line":85,"column":34},"end":{"line":85,"column":35}},"loc":{"start":{"line":85,"column":52},"end":{"line":89,"column":1}},"line":85}},"branchMap":{},"s":{"0":1,"1":1,"2":1,"3":1,"4":1,"5":1,"6":1,"7":1,"8":1,"9":1,"10":1,"11":1,"12":1,"13":1,"14":1},"f":{"0":1,"1":1},"b":{},"_coverageSchema":"1a1c01bbd47fc00a2c39e90264f33305004495a9","hash":"7609f16cfb9f8640803d644acc07745de13d7a6d","contentHash":"6184623f29377c117aee48f229d50a9ecf09cc66a71c26bc789c15eb8d5d474b"},"/Users/jones/Desktop/Notto_Tech/Bridgecreek_CW/middleware/auth_middleware.js":{"path":"/Users/jones/Desktop/Notto_Tech/Bridgecreek_CW/middleware/auth_middleware.js","statementMap":{"0":{"start":{"line":1,"column":14},"end":{"line":1,"column":39}},"1":{"start":{"line":2,"column":15},"end":{"line":2,"column":42}},"2":{"start":{"line":3,"column":13},"end":{"line":3,"column":38}},"3":{"start":{"line":4,"column":15},"end":{"line":4,"column":41}},"4":{"start":{"line":5,"column":24},"end":{"line":5,"column":60}},"5":{"start":{"line":6,"column":12},"end":{"line":6,"column":35}},"6":{"start":{"line":7,"column":21},"end":{"line":7,"column":50}},"7":{"start":{"line":8,"column":22},"end":{"line":8,"column":55}},"8":{"start":{"line":12,"column":0},"end":{"line":68,"column":5}},"9":{"start":{"line":13,"column":2},"end":{"line":68,"column":4}},"10":{"start":{"line":16,"column":4},"end":{"line":23,"column":5}},"11":{"start":{"line":20,"column":6},"end":{"line":20,"column":54}},"12":{"start":{"line":21,"column":11},"end":{"line":23,"column":5}},"13":{"start":{"line":22,"column":6},"end":{"line":22,"column":32}},"14":{"start":{"line":26,"column":4},"end":{"line":30,"column":5}},"15":{"start":{"line":27,"column":6},"end":{"line":29,"column":8}},"16":{"start":{"line":31,"column":4},"end":{"line":67,"column":5}},"17":{"start":{"line":33,"column":22},"end":{"line":33,"column":63}},"18":{"start":{"line":35,"column":15},"end":{"line":35,"column":64}},"19":{"start":{"line":37,"column":6},"end":{"line":59,"column":7}},"20":{"start":{"line":38,"column":8},"end":{"line":40,"column":11}},"21":{"start":{"line":42,"column":8},"end":{"line":42,"column":38}},"22":{"start":{"line":43,"column":13},"end":{"line":59,"column":7}},"23":{"start":{"line":44,"column":8},"end":{"line":53,"column":11}},"24":{"start":{"line":55,"column":8},"end":{"line":58,"column":59}},"25":{"start":{"line":61,"column":6},"end":{"line":61,"column":13}},"26":{"start":{"line":64,"column":6},"end":{"line":66,"column":8}},"27":{"start":{"line":71,"column":0},"end":{"line":83,"column":2}},"28":{"start":{"line":72,"column":2},"end":{"line":82,"column":4}},"29":{"start":{"line":73,"column":4},"end":{"line":80,"column":5}},"30":{"start":{"line":74,"column":6},"end":{"line":79,"column":8}},"31":{"start":{"line":81,"column":4},"end":{"line":81,"column":11}}},"fnMap":{"0":{"name":"(anonymous_0)","decl":{"start":{"line":12,"column":18},"end":{"line":12,"column":19}},"loc":{"start":{"line":13,"column":2},"end":{"line":68,"column":4}},"line":13},"1":{"name":"(anonymous_1)","decl":{"start":{"line":13,"column":15},"end":{"line":13,"column":16}},"loc":{"start":{"line":13,"column":41},"end":{"line":68,"column":3}},"line":13},"2":{"name":"(anonymous_2)","decl":{"start":{"line":71,"column":20},"end":{"line":71,"column":21}},"loc":{"start":{"line":71,"column":34},"end":{"line":83,"column":1}},"line":71},"3":{"name":"(anonymous_3)","decl":{"start":{"line":72,"column":9},"end":{"line":72,"column":10}},"loc":{"start":{"line":72,"column":29},"end":{"line":82,"column":3}},"line":72}},"branchMap":{"0":{"loc":{"start":{"line":16,"column":4},"end":{"line":23,"column":5}},"type":"if","locations":[{"start":{"line":16,"column":4},"end":{"line":23,"column":5}},{"start":{"line":16,"column":4},"end":{"line":23,"column":5}}],"line":16},"1":{"loc":{"start":{"line":17,"column":6},"end":{"line":18,"column":52}},"type":"binary-expr","locations":[{"start":{"line":17,"column":6},"end":{"line":17,"column":31}},{"start":{"line":18,"column":6},"end":{"line":18,"column":52}}],"line":17},"2":{"loc":{"start":{"line":21,"column":11},"end":{"line":23,"column":5}},"type":"if","locations":[{"start":{"line":21,"column":11},"end":{"line":23,"column":5}},{"start":{"line":21,"column":11},"end":{"line":23,"column":5}}],"line":21},"3":{"loc":{"start":{"line":26,"column":4},"end":{"line":30,"column":5}},"type":"if","locations":[{"start":{"line":26,"column":4},"end":{"line":30,"column":5}},{"start":{"line":26,"column":4},"end":{"line":30,"column":5}}],"line":26},"4":{"loc":{"start":{"line":35,"column":15},"end":{"line":35,"column":64}},"type":"cond-expr","locations":[{"start":{"line":35,"column":32},"end":{"line":35,"column":46}},{"start":{"line":35,"column":49},"end":{"line":35,"column":64}}],"line":35},"5":{"loc":{"start":{"line":37,"column":6},"end":{"line":59,"column":7}},"type":"if","locations":[{"start":{"line":37,"column":6},"end":{"line":59,"column":7}},{"start":{"line":37,"column":6},"end":{"line":59,"column":7}}],"line":37},"6":{"loc":{"start":{"line":43,"column":13},"end":{"line":59,"column":7}},"type":"if","locations":[{"start":{"line":43,"column":13},"end":{"line":59,"column":7}},{"start":{"line":43,"column":13},"end":{"line":59,"column":7}}],"line":43},"7":{"loc":{"start":{"line":56,"column":10},"end":{"line":58,"column":58}},"type":"cond-expr","locations":[{"start":{"line":57,"column":14},"end":{"line":57,"column":59}},{"start":{"line":58,"column":14},"end":{"line":58,"column":58}}],"line":56},"8":{"loc":{"start":{"line":73,"column":4},"end":{"line":80,"column":5}},"type":"if","locations":[{"start":{"line":73,"column":4},"end":{"line":80,"column":5}},{"start":{"line":73,"column":4},"end":{"line":80,"column":5}}],"line":73}},"s":{"0":1,"1":1,"2":1,"3":1,"4":1,"5":1,"6":1,"7":1,"8":1,"9":44,"10":86,"11":84,"12":2,"13":1,"14":86,"15":1,"16":85,"17":85,"18":83,"19":83,"20":45,"21":45,"22":38,"23":38,"24":38,"25":83,"26":2,"27":1,"28":12,"29":29,"30":1,"31":28},"f":{"0":44,"1":86,"2":12,"3":29},"b":{"0":[84,2],"1":[86,84],"2":[1,1],"3":[1,85],"4":[78,5],"5":[45,38],"6":[38,0],"7":[5,33],"8":[1,28]},"_coverageSchema":"1a1c01bbd47fc00a2c39e90264f33305004495a9","hash":"06f4153ca8fe0eb097c1f55507da49e2b8409fa9","contentHash":"9f261f5d481d4701d82dba3d3d4deba28bc46a48364d94188c67f5427eb1a002"},"/Users/jones/Desktop/Notto_Tech/Bridgecreek_CW/middleware/advancedQuerySearch.js":{"path":"/Users/jones/Desktop/Notto_Tech/Bridgecreek_CW/middleware/advancedQuerySearch.js","statementMap":{"0":{"start":{"line":1,"column":15},"end":{"line":1,"column":35}},"1":{"start":{"line":2,"column":13},"end":{"line":2,"column":38}},"2":{"start":{"line":3,"column":14},"end":{"line":3,"column":39}},"3":{"start":{"line":4,"column":17},"end":{"line":4,"column":46}},"4":{"start":{"line":5,"column":17},"end":{"line":5,"column":45}},"5":{"start":{"line":6,"column":16},"end":{"line":6,"column":44}},"6":{"start":{"line":7,"column":17},"end":{"line":7,"column":46}},"7":{"start":{"line":8,"column":15},"end":{"line":8,"column":41}},"8":{"start":{"line":9,"column":19},"end":{"line":9,"column":50}},"9":{"start":{"line":10,"column":24},"end":{"line":10,"column":60}},"10":{"start":{"line":13,"column":2},"end":{"line":155,"column":3}},"11":{"start":{"line":13,"column":29},"end":{"line":155,"column":3}},"12":{"start":{"line":14,"column":16},"end":{"line":14,"column":18}},"13":{"start":{"line":15,"column":4},"end":{"line":15,"column":29}},"14":{"start":{"line":17,"column":4},"end":{"line":19,"column":5}},"15":{"start":{"line":18,"column":6},"end":{"line":18,"column":51}},"16":{"start":{"line":24,"column":19},"end":{"line":24,"column":44}},"17":{"start":{"line":25,"column":16},"end":{"line":25,"column":56}},"18":{"start":{"line":27,"column":4},"end":{"line":40,"column":5}},"19":{"start":{"line":28,"column":6},"end":{"line":28,"column":50}},"20":{"start":{"line":29,"column":6},"end":{"line":29,"column":39}},"21":{"start":{"line":31,"column":6},"end":{"line":39,"column":7}},"22":{"start":{"line":32,"column":8},"end":{"line":32,"column":68}},"23":{"start":{"line":33,"column":13},"end":{"line":39,"column":7}},"24":{"start":{"line":34,"column":8},"end":{"line":34,"column":67}},"25":{"start":{"line":35,"column":13},"end":{"line":39,"column":7}},"26":{"start":{"line":36,"column":8},"end":{"line":36,"column":68}},"27":{"start":{"line":37,"column":13},"end":{"line":39,"column":7}},"28":{"start":{"line":38,"column":8},"end":{"line":38,"column":67}},"29":{"start":{"line":43,"column":19},"end":{"line":43,"column":35}},"30":{"start":{"line":45,"column":4},"end":{"line":62,"column":5}},"31":{"start":{"line":47,"column":6},"end":{"line":47,"column":34}},"32":{"start":{"line":50,"column":27},"end":{"line":57,"column":7}},"33":{"start":{"line":60,"column":6},"end":{"line":60,"column":63}},"34":{"start":{"line":60,"column":38},"end":{"line":60,"column":61}},"35":{"start":{"line":61,"column":6},"end":{"line":61,"column":33}},"36":{"start":{"line":64,"column":4},"end":{"line":68,"column":5}},"37":{"start":{"line":66,"column":28},"end":{"line":66,"column":61}},"38":{"start":{"line":67,"column":6},"end":{"line":67,"column":42}},"39":{"start":{"line":70,"column":4},"end":{"line":74,"column":5}},"40":{"start":{"line":72,"column":23},"end":{"line":72,"column":51}},"41":{"start":{"line":73,"column":6},"end":{"line":73,"column":36}},"42":{"start":{"line":77,"column":17},"end":{"line":77,"column":49}},"43":{"start":{"line":78,"column":18},"end":{"line":78,"column":52}},"44":{"start":{"line":79,"column":23},"end":{"line":79,"column":41}},"45":{"start":{"line":80,"column":21},"end":{"line":80,"column":33}},"46":{"start":{"line":81,"column":18},"end":{"line":81,"column":37}},"47":{"start":{"line":84,"column":23},"end":{"line":84,"column":25}},"48":{"start":{"line":87,"column":4},"end":{"line":91,"column":5}},"49":{"start":{"line":88,"column":6},"end":{"line":88,"column":29}},"50":{"start":{"line":89,"column":6},"end":{"line":89,"column":35}},"51":{"start":{"line":90,"column":6},"end":{"line":90,"column":60}},"52":{"start":{"line":93,"column":4},"end":{"line":97,"column":5}},"53":{"start":{"line":94,"column":6},"end":{"line":94,"column":39}},"54":{"start":{"line":95,"column":11},"end":{"line":97,"column":5}},"55":{"start":{"line":96,"column":6},"end":{"line":96,"column":53}},"56":{"start":{"line":99,"column":4},"end":{"line":124,"column":5}},"57":{"start":{"line":100,"column":6},"end":{"line":100,"column":28}},"58":{"start":{"line":101,"column":26},"end":{"line":101,"column":53}},"59":{"start":{"line":103,"column":6},"end":{"line":123,"column":7}},"60":{"start":{"line":103,"column":19},"end":{"line":103,"column":20}},"61":{"start":{"line":104,"column":8},"end":{"line":122,"column":9}},"62":{"start":{"line":105,"column":10},"end":{"line":105,"column":49}},"63":{"start":{"line":106,"column":15},"end":{"line":122,"column":9}},"64":{"start":{"line":107,"column":10},"end":{"line":107,"column":50}},"65":{"start":{"line":108,"column":15},"end":{"line":122,"column":9}},"66":{"start":{"line":109,"column":10},"end":{"line":109,"column":53}},"67":{"start":{"line":110,"column":15},"end":{"line":122,"column":9}},"68":{"start":{"line":111,"column":10},"end":{"line":111,"column":53}},"69":{"start":{"line":112,"column":15},"end":{"line":122,"column":9}},"70":{"start":{"line":113,"column":10},"end":{"line":113,"column":52}},"71":{"start":{"line":114,"column":15},"end":{"line":122,"column":9}},"72":{"start":{"line":115,"column":10},"end":{"line":115,"column":53}},"73":{"start":{"line":116,"column":15},"end":{"line":122,"column":9}},"74":{"start":{"line":117,"column":10},"end":{"line":117,"column":51}},"75":{"start":{"line":118,"column":15},"end":{"line":122,"column":9}},"76":{"start":{"line":119,"column":10},"end":{"line":119,"column":55}},"77":{"start":{"line":120,"column":15},"end":{"line":122,"column":9}},"78":{"start":{"line":121,"column":10},"end":{"line":121,"column":60}},"79":{"start":{"line":126,"column":4},"end":{"line":126,"column":33}},"80":{"start":{"line":128,"column":20},"end":{"line":128,"column":31}},"81":{"start":{"line":130,"column":4},"end":{"line":135,"column":5}},"82":{"start":{"line":131,"column":6},"end":{"line":134,"column":8}},"83":{"start":{"line":137,"column":4},"end":{"line":142,"column":5}},"84":{"start":{"line":138,"column":6},"end":{"line":141,"column":8}},"85":{"start":{"line":144,"column":28},"end":{"line":144,"column":59}},"86":{"start":{"line":146,"column":4},"end":{"line":152,"column":6}},"87":{"start":{"line":154,"column":4},"end":{"line":154,"column":11}},"88":{"start":{"line":157,"column":0},"end":{"line":157,"column":37}}},"fnMap":{"0":{"name":"(anonymous_0)","decl":{"start":{"line":13,"column":2},"end":{"line":13,"column":3}},"loc":{"start":{"line":13,"column":29},"end":{"line":155,"column":3}},"line":13},"1":{"name":"(anonymous_1)","decl":{"start":{"line":13,"column":29},"end":{"line":13,"column":30}},"loc":{"start":{"line":13,"column":55},"end":{"line":155,"column":3}},"line":13},"2":{"name":"(anonymous_2)","decl":{"start":{"line":60,"column":27},"end":{"line":60,"column":28}},"loc":{"start":{"line":60,"column":38},"end":{"line":60,"column":61}},"line":60}},"branchMap":{"0":{"loc":{"start":{"line":17,"column":4},"end":{"line":19,"column":5}},"type":"if","locations":[{"start":{"line":17,"column":4},"end":{"line":19,"column":5}},{"start":{"line":17,"column":4},"end":{"line":19,"column":5}}],"line":17},"1":{"loc":{"start":{"line":17,"column":8},"end":{"line":17,"column":41}},"type":"binary-expr","locations":[{"start":{"line":17,"column":8},"end":{"line":17,"column":22}},{"start":{"line":17,"column":26},"end":{"line":17,"column":41}}],"line":17},"2":{"loc":{"start":{"line":27,"column":4},"end":{"line":40,"column":5}},"type":"if","locations":[{"start":{"line":27,"column":4},"end":{"line":40,"column":5}},{"start":{"line":27,"column":4},"end":{"line":40,"column":5}}],"line":27},"3":{"loc":{"start":{"line":31,"column":6},"end":{"line":39,"column":7}},"type":"if","locations":[{"start":{"line":31,"column":6},"end":{"line":39,"column":7}},{"start":{"line":31,"column":6},"end":{"line":39,"column":7}}],"line":31},"4":{"loc":{"start":{"line":33,"column":13},"end":{"line":39,"column":7}},"type":"if","locations":[{"start":{"line":33,"column":13},"end":{"line":39,"column":7}},{"start":{"line":33,"column":13},"end":{"line":39,"column":7}}],"line":33},"5":{"loc":{"start":{"line":35,"column":13},"end":{"line":39,"column":7}},"type":"if","locations":[{"start":{"line":35,"column":13},"end":{"line":39,"column":7}},{"start":{"line":35,"column":13},"end":{"line":39,"column":7}}],"line":35},"6":{"loc":{"start":{"line":37,"column":13},"end":{"line":39,"column":7}},"type":"if","locations":[{"start":{"line":37,"column":13},"end":{"line":39,"column":7}},{"start":{"line":37,"column":13},"end":{"line":39,"column":7}}],"line":37},"7":{"loc":{"start":{"line":45,"column":4},"end":{"line":62,"column":5}},"type":"if","locations":[{"start":{"line":45,"column":4},"end":{"line":62,"column":5}},{"start":{"line":45,"column":4},"end":{"line":62,"column":5}}],"line":45},"8":{"loc":{"start":{"line":45,"column":8},"end":{"line":45,"column":36}},"type":"binary-expr","locations":[{"start":{"line":45,"column":8},"end":{"line":45,"column":20}},{"start":{"line":45,"column":24},"end":{"line":45,"column":36}}],"line":45},"9":{"loc":{"start":{"line":64,"column":4},"end":{"line":68,"column":5}},"type":"if","locations":[{"start":{"line":64,"column":4},"end":{"line":68,"column":5}},{"start":{"line":64,"column":4},"end":{"line":68,"column":5}}],"line":64},"10":{"loc":{"start":{"line":70,"column":4},"end":{"line":74,"column":5}},"type":"if","locations":[{"start":{"line":70,"column":4},"end":{"line":74,"column":5}},{"start":{"line":70,"column":4},"end":{"line":74,"column":5}}],"line":70},"11":{"loc":{"start":{"line":77,"column":17},"end":{"line":77,"column":49}},"type":"binary-expr","locations":[{"start":{"line":77,"column":17},"end":{"line":77,"column":44}},{"start":{"line":77,"column":48},"end":{"line":77,"column":49}}],"line":77},"12":{"loc":{"start":{"line":78,"column":18},"end":{"line":78,"column":52}},"type":"binary-expr","locations":[{"start":{"line":78,"column":18},"end":{"line":78,"column":46}},{"start":{"line":78,"column":50},"end":{"line":78,"column":52}}],"line":78},"13":{"loc":{"start":{"line":87,"column":4},"end":{"line":91,"column":5}},"type":"if","locations":[{"start":{"line":87,"column":4},"end":{"line":91,"column":5}},{"start":{"line":87,"column":4},"end":{"line":91,"column":5}}],"line":87},"14":{"loc":{"start":{"line":87,"column":8},"end":{"line":87,"column":41}},"type":"binary-expr","locations":[{"start":{"line":87,"column":8},"end":{"line":87,"column":23}},{"start":{"line":87,"column":27},"end":{"line":87,"column":41}}],"line":87},"15":{"loc":{"start":{"line":90,"column":23},"end":{"line":90,"column":59}},"type":"cond-expr","locations":[{"start":{"line":90,"column":40},"end":{"line":90,"column":54}},{"start":{"line":90,"column":57},"end":{"line":90,"column":59}}],"line":90},"16":{"loc":{"start":{"line":93,"column":4},"end":{"line":97,"column":5}},"type":"if","locations":[{"start":{"line":93,"column":4},"end":{"line":97,"column":5}},{"start":{"line":93,"column":4},"end":{"line":97,"column":5}}],"line":93},"17":{"loc":{"start":{"line":95,"column":11},"end":{"line":97,"column":5}},"type":"if","locations":[{"start":{"line":95,"column":11},"end":{"line":97,"column":5}},{"start":{"line":95,"column":11},"end":{"line":97,"column":5}}],"line":95},"18":{"loc":{"start":{"line":99,"column":4},"end":{"line":124,"column":5}},"type":"if","locations":[{"start":{"line":99,"column":4},"end":{"line":124,"column":5}},{"start":{"line":99,"column":4},"end":{"line":124,"column":5}}],"line":99},"19":{"loc":{"start":{"line":99,"column":8},"end":{"line":99,"column":64}},"type":"binary-expr","locations":[{"start":{"line":99,"column":8},"end":{"line":99,"column":24}},{"start":{"line":99,"column":28},"end":{"line":99,"column":64}}],"line":99},"20":{"loc":{"start":{"line":104,"column":8},"end":{"line":122,"column":9}},"type":"if","locations":[{"start":{"line":104,"column":8},"end":{"line":122,"column":9}},{"start":{"line":104,"column":8},"end":{"line":122,"column":9}}],"line":104},"21":{"loc":{"start":{"line":106,"column":15},"end":{"line":122,"column":9}},"type":"if","locations":[{"start":{"line":106,"column":15},"end":{"line":122,"column":9}},{"start":{"line":106,"column":15},"end":{"line":122,"column":9}}],"line":106},"22":{"loc":{"start":{"line":108,"column":15},"end":{"line":122,"column":9}},"type":"if","locations":[{"start":{"line":108,"column":15},"end":{"line":122,"column":9}},{"start":{"line":108,"column":15},"end":{"line":122,"column":9}}],"line":108},"23":{"loc":{"start":{"line":110,"column":15},"end":{"line":122,"column":9}},"type":"if","locations":[{"start":{"line":110,"column":15},"end":{"line":122,"column":9}},{"start":{"line":110,"column":15},"end":{"line":122,"column":9}}],"line":110},"24":{"loc":{"start":{"line":112,"column":15},"end":{"line":122,"column":9}},"type":"if","locations":[{"start":{"line":112,"column":15},"end":{"line":122,"column":9}},{"start":{"line":112,"column":15},"end":{"line":122,"column":9}}],"line":112},"25":{"loc":{"start":{"line":114,"column":15},"end":{"line":122,"column":9}},"type":"if","locations":[{"start":{"line":114,"column":15},"end":{"line":122,"column":9}},{"start":{"line":114,"column":15},"end":{"line":122,"column":9}}],"line":114},"26":{"loc":{"start":{"line":116,"column":15},"end":{"line":122,"column":9}},"type":"if","locations":[{"start":{"line":116,"column":15},"end":{"line":122,"column":9}},{"start":{"line":116,"column":15},"end":{"line":122,"column":9}}],"line":116},"27":{"loc":{"start":{"line":118,"column":15},"end":{"line":122,"column":9}},"type":"if","locations":[{"start":{"line":118,"column":15},"end":{"line":122,"column":9}},{"start":{"line":118,"column":15},"end":{"line":122,"column":9}}],"line":118},"28":{"loc":{"start":{"line":120,"column":15},"end":{"line":122,"column":9}},"type":"if","locations":[{"start":{"line":120,"column":15},"end":{"line":122,"column":9}},{"start":{"line":120,"column":15},"end":{"line":122,"column":9}}],"line":120},"29":{"loc":{"start":{"line":130,"column":4},"end":{"line":135,"column":5}},"type":"if","locations":[{"start":{"line":130,"column":4},"end":{"line":135,"column":5}},{"start":{"line":130,"column":4},"end":{"line":135,"column":5}}],"line":130},"30":{"loc":{"start":{"line":137,"column":4},"end":{"line":142,"column":5}},"type":"if","locations":[{"start":{"line":137,"column":4},"end":{"line":142,"column":5}},{"start":{"line":137,"column":4},"end":{"line":142,"column":5}}],"line":137}},"s":{"0":1,"1":1,"2":1,"3":1,"4":1,"5":1,"6":1,"7":1,"8":1,"9":1,"10":1,"11":11,"12":27,"13":27,"14":27,"15":1,"16":27,"17":27,"18":27,"19":10,"20":10,"21":10,"22":5,"23":5,"24":0,"25":5,"26":5,"27":0,"28":0,"29":27,"30":27,"31":16,"32":16,"33":16,"34":96,"35":16,"36":27,"37":1,"38":1,"39":27,"40":1,"41":1,"42":27,"43":27,"44":27,"45":27,"46":27,"47":27,"48":27,"49":1,"50":1,"51":1,"52":27,"53":1,"54":26,"55":0,"56":27,"57":1,"58":1,"59":1,"60":1,"61":5,"62":0,"63":5,"64":0,"65":5,"66":0,"67":5,"68":1,"69":4,"70":1,"71":3,"72":1,"73":2,"74":0,"75":2,"76":0,"77":2,"78":1,"79":27,"80":27,"81":27,"82":3,"83":27,"84":1,"85":27,"86":27,"87":27,"88":1},"f":{"0":11,"1":27,"2":96},"b":{"0":[1,26],"1":[27,2],"2":[10,17],"3":[5,5],"4":[0,5],"5":[5,0],"6":[0,0],"7":[16,11],"8":[27,11],"9":[1,26],"10":[1,26],"11":[27,26],"12":[27,26],"13":[1,26],"14":[27,27],"15":[1,0],"16":[1,26],"17":[0,26],"18":[1,26],"19":[27,2],"20":[0,5],"21":[0,5],"22":[0,5],"23":[1,4],"24":[1,3],"25":[1,2],"26":[0,2],"27":[0,2],"28":[1,1],"29":[3,24],"30":[1,26]},"_coverageSchema":"1a1c01bbd47fc00a2c39e90264f33305004495a9","hash":"46e1e061373edff1d58078fee651f2fc47adee8e","contentHash":"1eca96822a04d5b9af8bcfb963f019c77f8f33a8c926cf8fdf80a21950b6bdcb"},"/Users/jones/Desktop/Notto_Tech/Bridgecreek_CW/controllers/wishlist_controller.js":{"path":"/Users/jones/Desktop/Notto_Tech/Bridgecreek_CW/controllers/wishlist_controller.js","statementMap":{"0":{"start":{"line":1,"column":17},"end":{"line":1,"column":46}},"1":{"start":{"line":2,"column":22},"end":{"line":2,"column":55}},"2":{"start":{"line":3,"column":13},"end":{"line":3,"column":38}},"3":{"start":{"line":4,"column":16},"end":{"line":4,"column":44}},"4":{"start":{"line":5,"column":15},"end":{"line":5,"column":35}},"5":{"start":{"line":6,"column":21},"end":{"line":6,"column":62}},"6":{"start":{"line":11,"column":0},"end":{"line":16,"column":3}},"7":{"start":{"line":12,"column":2},"end":{"line":14,"column":3}},"8":{"start":{"line":13,"column":4},"end":{"line":13,"column":57}},"9":{"start":{"line":15,"column":2},"end":{"line":15,"column":48}},"10":{"start":{"line":21,"column":0},"end":{"line":46,"column":3}},"11":{"start":{"line":22,"column":2},"end":{"line":26,"column":3}},"12":{"start":{"line":23,"column":4},"end":{"line":25,"column":6}},"13":{"start":{"line":28,"column":15},"end":{"line":33,"column":4}},"14":{"start":{"line":35,"column":2},"end":{"line":37,"column":3}},"15":{"start":{"line":36,"column":4},"end":{"line":36,"column":71}},"16":{"start":{"line":39,"column":16},"end":{"line":39,"column":39}},"17":{"start":{"line":41,"column":2},"end":{"line":45,"column":5}},"18":{"start":{"line":51,"column":0},"end":{"line":59,"column":3}},"19":{"start":{"line":52,"column":2},"end":{"line":52,"column":36}},"20":{"start":{"line":54,"column":19},"end":{"line":54,"column":50}},"21":{"start":{"line":56,"column":16},"end":{"line":56,"column":31}},"22":{"start":{"line":58,"column":2},"end":{"line":58,"column":65}},"23":{"start":{"line":64,"column":0},"end":{"line":90,"column":3}},"24":{"start":{"line":65,"column":23},"end":{"line":72,"column":4}},"25":{"start":{"line":74,"column":2},"end":{"line":76,"column":3}},"26":{"start":{"line":75,"column":4},"end":{"line":75,"column":58}},"27":{"start":{"line":78,"column":16},"end":{"line":82,"column":4}},"28":{"start":{"line":84,"column":2},"end":{"line":89,"column":5}}},"fnMap":{"0":{"name":"(anonymous_0)","decl":{"start":{"line":11,"column":38},"end":{"line":11,"column":39}},"loc":{"start":{"line":11,"column":64},"end":{"line":16,"column":1}},"line":11},"1":{"name":"(anonymous_1)","decl":{"start":{"line":21,"column":40},"end":{"line":21,"column":41}},"loc":{"start":{"line":21,"column":66},"end":{"line":46,"column":1}},"line":21},"2":{"name":"(anonymous_2)","decl":{"start":{"line":51,"column":41},"end":{"line":51,"column":42}},"loc":{"start":{"line":51,"column":67},"end":{"line":59,"column":1}},"line":51},"3":{"name":"(anonymous_3)","decl":{"start":{"line":64,"column":46},"end":{"line":64,"column":47}},"loc":{"start":{"line":64,"column":72},"end":{"line":90,"column":1}},"line":64}},"branchMap":{"0":{"loc":{"start":{"line":12,"column":2},"end":{"line":14,"column":3}},"type":"if","locations":[{"start":{"line":12,"column":2},"end":{"line":14,"column":3}},{"start":{"line":12,"column":2},"end":{"line":14,"column":3}}],"line":12},"1":{"loc":{"start":{"line":22,"column":2},"end":{"line":26,"column":3}},"type":"if","locations":[{"start":{"line":22,"column":2},"end":{"line":26,"column":3}},{"start":{"line":22,"column":2},"end":{"line":26,"column":3}}],"line":22},"2":{"loc":{"start":{"line":35,"column":2},"end":{"line":37,"column":3}},"type":"if","locations":[{"start":{"line":35,"column":2},"end":{"line":37,"column":3}},{"start":{"line":35,"column":2},"end":{"line":37,"column":3}}],"line":35},"3":{"loc":{"start":{"line":74,"column":2},"end":{"line":76,"column":3}},"type":"if","locations":[{"start":{"line":74,"column":2},"end":{"line":76,"column":3}},{"start":{"line":74,"column":2},"end":{"line":76,"column":3}}],"line":74}},"s":{"0":1,"1":1,"2":1,"3":1,"4":1,"5":1,"6":1,"7":1,"8":0,"9":1,"10":1,"11":1,"12":0,"13":1,"14":1,"15":0,"16":1,"17":1,"18":1,"19":1,"20":1,"21":1,"22":1,"23":1,"24":1,"25":1,"26":0,"27":1,"28":1},"f":{"0":1,"1":1,"2":1,"3":1},"b":{"0":[0,1],"1":[0,1],"2":[0,1],"3":[0,1]},"_coverageSchema":"1a1c01bbd47fc00a2c39e90264f33305004495a9","hash":"16fc13b4045f64e1626f4f1420f74f9440d3db19","contentHash":"e7649cb71b90b1beea0b2e0a9d059099a11ef059295578768ac3aed30a495924"},"/Users/jones/Desktop/Notto_Tech/Bridgecreek_CW/controllers/product_controllers.js":{"path":"/Users/jones/Desktop/Notto_Tech/Bridgecreek_CW/controllers/product_controllers.js","statementMap":{"0":{"start":{"line":1,"column":17},"end":{"line":1,"column":45}},"1":{"start":{"line":2,"column":22},"end":{"line":2,"column":55}},"2":{"start":{"line":3,"column":21},"end":{"line":3,"column":62}},"3":{"start":{"line":4,"column":16},"end":{"line":4,"column":44}},"4":{"start":{"line":9,"column":0},"end":{"line":11,"column":3}},"5":{"start":{"line":10,"column":2},"end":{"line":10,"column":48}},"6":{"start":{"line":16,"column":0},"end":{"line":37,"column":3}},"7":{"start":{"line":17,"column":18},"end":{"line":22,"column":4}},"8":{"start":{"line":24,"column":2},"end":{"line":31,"column":3}},"9":{"start":{"line":25,"column":4},"end":{"line":30,"column":6}},"10":{"start":{"line":33,"column":2},"end":{"line":36,"column":5}},"11":{"start":{"line":42,"column":0},"end":{"line":46,"column":3}},"12":{"start":{"line":43,"column":18},"end":{"line":43,"column":49}},"13":{"start":{"line":45,"column":2},"end":{"line":45,"column":57}},"14":{"start":{"line":51,"column":0},"end":{"line":75,"column":3}},"15":{"start":{"line":52,"column":16},"end":{"line":57,"column":4}},"16":{"start":{"line":59,"column":2},"end":{"line":66,"column":3}},"17":{"start":{"line":60,"column":4},"end":{"line":65,"column":6}},"18":{"start":{"line":68,"column":23},"end":{"line":68,"column":45}},"19":{"start":{"line":69,"column":2},"end":{"line":69,"column":41}},"20":{"start":{"line":71,"column":2},"end":{"line":74,"column":5}},"21":{"start":{"line":80,"column":0},"end":{"line":100,"column":3}},"22":{"start":{"line":81,"column":18},"end":{"line":85,"column":4}},"23":{"start":{"line":86,"column":2},"end":{"line":93,"column":3}},"24":{"start":{"line":87,"column":4},"end":{"line":92,"column":6}},"25":{"start":{"line":95,"column":2},"end":{"line":99,"column":5}}},"fnMap":{"0":{"name":"(anonymous_0)","decl":{"start":{"line":9,"column":38},"end":{"line":9,"column":39}},"loc":{"start":{"line":9,"column":64},"end":{"line":11,"column":1}},"line":9},"1":{"name":"(anonymous_1)","decl":{"start":{"line":16,"column":34},"end":{"line":16,"column":35}},"loc":{"start":{"line":16,"column":60},"end":{"line":37,"column":1}},"line":16},"2":{"name":"(anonymous_2)","decl":{"start":{"line":42,"column":38},"end":{"line":42,"column":39}},"loc":{"start":{"line":42,"column":64},"end":{"line":46,"column":1}},"line":42},"3":{"name":"(anonymous_3)","decl":{"start":{"line":51,"column":37},"end":{"line":51,"column":38}},"loc":{"start":{"line":51,"column":63},"end":{"line":75,"column":1}},"line":51},"4":{"name":"(anonymous_4)","decl":{"start":{"line":80,"column":37},"end":{"line":80,"column":38}},"loc":{"start":{"line":80,"column":63},"end":{"line":100,"column":1}},"line":80}},"branchMap":{"0":{"loc":{"start":{"line":24,"column":2},"end":{"line":31,"column":3}},"type":"if","locations":[{"start":{"line":24,"column":2},"end":{"line":31,"column":3}},{"start":{"line":24,"column":2},"end":{"line":31,"column":3}}],"line":24},"1":{"loc":{"start":{"line":59,"column":2},"end":{"line":66,"column":3}},"type":"if","locations":[{"start":{"line":59,"column":2},"end":{"line":66,"column":3}},{"start":{"line":59,"column":2},"end":{"line":66,"column":3}}],"line":59},"2":{"loc":{"start":{"line":86,"column":2},"end":{"line":93,"column":3}},"type":"if","locations":[{"start":{"line":86,"column":2},"end":{"line":93,"column":3}},{"start":{"line":86,"column":2},"end":{"line":93,"column":3}}],"line":86}},"s":{"0":1,"1":1,"2":1,"3":1,"4":1,"5":7,"6":1,"7":2,"8":2,"9":1,"10":1,"11":1,"12":5,"13":2,"14":1,"15":2,"16":2,"17":0,"18":2,"19":2,"20":1,"21":1,"22":1,"23":1,"24":0,"25":1},"f":{"0":7,"1":2,"2":5,"3":2,"4":1},"b":{"0":[1,1],"1":[0,2],"2":[0,1]},"_coverageSchema":"1a1c01bbd47fc00a2c39e90264f33305004495a9","hash":"3a5bf2ccbaaf001b42296165cdd2e75d88a43c55","contentHash":"fa5543421e382240379b0f8e7b1b4a899734da9dcbc2eb137931d239df742ce3"},"/Users/jones/Desktop/Notto_Tech/Bridgecreek_CW/controllers/review_controller.js":{"path":"/Users/jones/Desktop/Notto_Tech/Bridgecreek_CW/controllers/review_controller.js","statementMap":{"0":{"start":{"line":1,"column":22},"end":{"line":1,"column":55}},"1":{"start":{"line":2,"column":16},"end":{"line":2,"column":44}},"2":{"start":{"line":3,"column":13},"end":{"line":3,"column":38}},"3":{"start":{"line":4,"column":16},"end":{"line":4,"column":44}},"4":{"start":{"line":5,"column":15},"end":{"line":5,"column":35}},"5":{"start":{"line":6,"column":21},"end":{"line":6,"column":62}},"6":{"start":{"line":11,"column":0},"end":{"line":16,"column":3}},"7":{"start":{"line":12,"column":2},"end":{"line":14,"column":3}},"8":{"start":{"line":13,"column":4},"end":{"line":13,"column":57}},"9":{"start":{"line":15,"column":2},"end":{"line":15,"column":48}},"10":{"start":{"line":21,"column":0},"end":{"line":57,"column":3}},"11":{"start":{"line":22,"column":17},"end":{"line":45,"column":4}},"12":{"start":{"line":47,"column":2},"end":{"line":51,"column":3}},"13":{"start":{"line":48,"column":4},"end":{"line":50,"column":6}},"14":{"start":{"line":53,"column":2},"end":{"line":56,"column":5}},"15":{"start":{"line":62,"column":0},"end":{"line":93,"column":3}},"16":{"start":{"line":63,"column":2},"end":{"line":65,"column":3}},"17":{"start":{"line":64,"column":4},"end":{"line":64,"column":76}},"18":{"start":{"line":67,"column":17},"end":{"line":78,"column":4}},"19":{"start":{"line":80,"column":2},"end":{"line":84,"column":3}},"20":{"start":{"line":81,"column":4},"end":{"line":83,"column":6}},"21":{"start":{"line":86,"column":16},"end":{"line":86,"column":29}},"22":{"start":{"line":88,"column":2},"end":{"line":92,"column":5}},"23":{"start":{"line":98,"column":0},"end":{"line":106,"column":3}},"24":{"start":{"line":99,"column":2},"end":{"line":99,"column":36}},"25":{"start":{"line":101,"column":17},"end":{"line":101,"column":47}},"26":{"start":{"line":103,"column":16},"end":{"line":103,"column":37}},"27":{"start":{"line":105,"column":2},"end":{"line":105,"column":63}},"28":{"start":{"line":111,"column":0},"end":{"line":147,"column":3}},"29":{"start":{"line":112,"column":2},"end":{"line":114,"column":3}},"30":{"start":{"line":113,"column":4},"end":{"line":113,"column":78}},"31":{"start":{"line":116,"column":17},"end":{"line":124,"column":4}},"32":{"start":{"line":126,"column":2},"end":{"line":133,"column":3}},"33":{"start":{"line":127,"column":4},"end":{"line":132,"column":6}},"34":{"start":{"line":135,"column":16},"end":{"line":139,"column":4}},"35":{"start":{"line":141,"column":2},"end":{"line":146,"column":5}},"36":{"start":{"line":152,"column":0},"end":{"line":186,"column":3}},"37":{"start":{"line":153,"column":2},"end":{"line":155,"column":3}},"38":{"start":{"line":154,"column":4},"end":{"line":154,"column":78}},"39":{"start":{"line":157,"column":17},"end":{"line":163,"column":4}},"40":{"start":{"line":165,"column":2},"end":{"line":172,"column":3}},"41":{"start":{"line":166,"column":4},"end":{"line":171,"column":6}},"42":{"start":{"line":174,"column":16},"end":{"line":178,"column":4}},"43":{"start":{"line":180,"column":2},"end":{"line":185,"column":5}}},"fnMap":{"0":{"name":"(anonymous_0)","decl":{"start":{"line":11,"column":37},"end":{"line":11,"column":38}},"loc":{"start":{"line":11,"column":63},"end":{"line":16,"column":1}},"line":11},"1":{"name":"(anonymous_1)","decl":{"start":{"line":21,"column":33},"end":{"line":21,"column":34}},"loc":{"start":{"line":21,"column":59},"end":{"line":57,"column":1}},"line":21},"2":{"name":"(anonymous_2)","decl":{"start":{"line":62,"column":36},"end":{"line":62,"column":37}},"loc":{"start":{"line":62,"column":62},"end":{"line":93,"column":1}},"line":62},"3":{"name":"(anonymous_3)","decl":{"start":{"line":98,"column":33},"end":{"line":98,"column":34}},"loc":{"start":{"line":98,"column":59},"end":{"line":106,"column":1}},"line":98},"4":{"name":"(anonymous_4)","decl":{"start":{"line":111,"column":36},"end":{"line":111,"column":37}},"loc":{"start":{"line":111,"column":62},"end":{"line":147,"column":1}},"line":111},"5":{"name":"(anonymous_5)","decl":{"start":{"line":152,"column":36},"end":{"line":152,"column":37}},"loc":{"start":{"line":152,"column":62},"end":{"line":186,"column":1}},"line":152}},"branchMap":{"0":{"loc":{"start":{"line":12,"column":2},"end":{"line":14,"column":3}},"type":"if","locations":[{"start":{"line":12,"column":2},"end":{"line":14,"column":3}},{"start":{"line":12,"column":2},"end":{"line":14,"column":3}}],"line":12},"1":{"loc":{"start":{"line":47,"column":2},"end":{"line":51,"column":3}},"type":"if","locations":[{"start":{"line":47,"column":2},"end":{"line":51,"column":3}},{"start":{"line":47,"column":2},"end":{"line":51,"column":3}}],"line":47},"2":{"loc":{"start":{"line":63,"column":2},"end":{"line":65,"column":3}},"type":"if","locations":[{"start":{"line":63,"column":2},"end":{"line":65,"column":3}},{"start":{"line":63,"column":2},"end":{"line":65,"column":3}}],"line":63},"3":{"loc":{"start":{"line":80,"column":2},"end":{"line":84,"column":3}},"type":"if","locations":[{"start":{"line":80,"column":2},"end":{"line":84,"column":3}},{"start":{"line":80,"column":2},"end":{"line":84,"column":3}}],"line":80},"4":{"loc":{"start":{"line":112,"column":2},"end":{"line":114,"column":3}},"type":"if","locations":[{"start":{"line":112,"column":2},"end":{"line":114,"column":3}},{"start":{"line":112,"column":2},"end":{"line":114,"column":3}}],"line":112},"5":{"loc":{"start":{"line":126,"column":2},"end":{"line":133,"column":3}},"type":"if","locations":[{"start":{"line":126,"column":2},"end":{"line":133,"column":3}},{"start":{"line":126,"column":2},"end":{"line":133,"column":3}}],"line":126},"6":{"loc":{"start":{"line":153,"column":2},"end":{"line":155,"column":3}},"type":"if","locations":[{"start":{"line":153,"column":2},"end":{"line":155,"column":3}},{"start":{"line":153,"column":2},"end":{"line":155,"column":3}}],"line":153},"7":{"loc":{"start":{"line":165,"column":2},"end":{"line":172,"column":3}},"type":"if","locations":[{"start":{"line":165,"column":2},"end":{"line":172,"column":3}},{"start":{"line":165,"column":2},"end":{"line":172,"column":3}}],"line":165}},"s":{"0":1,"1":1,"2":1,"3":1,"4":1,"5":1,"6":1,"7":3,"8":0,"9":3,"10":1,"11":2,"12":2,"13":1,"14":1,"15":1,"16":1,"17":0,"18":1,"19":1,"20":0,"21":1,"22":1,"23":1,"24":1,"25":1,"26":1,"27":1,"28":1,"29":1,"30":0,"31":1,"32":1,"33":0,"34":1,"35":1,"36":1,"37":1,"38":0,"39":1,"40":1,"41":0,"42":1,"43":1},"f":{"0":3,"1":2,"2":1,"3":1,"4":1,"5":1},"b":{"0":[0,3],"1":[1,1],"2":[0,1],"3":[0,1],"4":[0,1],"5":[0,1],"6":[0,1],"7":[0,1]},"_coverageSchema":"1a1c01bbd47fc00a2c39e90264f33305004495a9","hash":"9220e711dfbd03861d98df2faf3dd556274f9c10","contentHash":"5233949ce88c117f3575915db5d2c7d52ee103d401ef73ac8246478251833d61"},"/Users/jones/Desktop/Notto_Tech/Bridgecreek_CW/controllers/cart_controller.js":{"path":"/Users/jones/Desktop/Notto_Tech/Bridgecreek_CW/controllers/cart_controller.js","statementMap":{"0":{"start":{"line":1,"column":14},"end":{"line":1,"column":39}},"1":{"start":{"line":2,"column":13},"end":{"line":2,"column":38}},"2":{"start":{"line":3,"column":17},"end":{"line":3,"column":45}},"3":{"start":{"line":4,"column":22},"end":{"line":4,"column":55}},"4":{"start":{"line":5,"column":21},"end":{"line":5,"column":62}},"5":{"start":{"line":6,"column":15},"end":{"line":6,"column":35}},"6":{"start":{"line":7,"column":24},"end":{"line":7,"column":60}},"7":{"start":{"line":12,"column":0},"end":{"line":17,"column":3}},"8":{"start":{"line":13,"column":2},"end":{"line":15,"column":3}},"9":{"start":{"line":14,"column":4},"end":{"line":14,"column":57}},"10":{"start":{"line":16,"column":2},"end":{"line":16,"column":48}},"11":{"start":{"line":22,"column":0},"end":{"line":56,"column":3}},"12":{"start":{"line":23,"column":15},"end":{"line":49,"column":4}},"13":{"start":{"line":51,"column":2},"end":{"line":53,"column":3}},"14":{"start":{"line":52,"column":4},"end":{"line":52,"column":72}},"15":{"start":{"line":55,"column":2},"end":{"line":55,"column":54}},"16":{"start":{"line":62,"column":0},"end":{"line":76,"column":3}},"17":{"start":{"line":63,"column":2},"end":{"line":63,"column":69}},"18":{"start":{"line":65,"column":15},"end":{"line":65,"column":43}},"19":{"start":{"line":67,"column":2},"end":{"line":73,"column":3}},"20":{"start":{"line":68,"column":4},"end":{"line":72,"column":6}},"21":{"start":{"line":75,"column":2},"end":{"line":75,"column":54}},"22":{"start":{"line":81,"column":0},"end":{"line":98,"column":3}},"23":{"start":{"line":82,"column":15},"end":{"line":87,"column":4}},"24":{"start":{"line":89,"column":2},"end":{"line":95,"column":3}},"25":{"start":{"line":90,"column":4},"end":{"line":94,"column":6}},"26":{"start":{"line":97,"column":2},"end":{"line":97,"column":54}},"27":{"start":{"line":103,"column":0},"end":{"line":126,"column":3}},"28":{"start":{"line":104,"column":15},"end":{"line":106,"column":4}},"29":{"start":{"line":108,"column":2},"end":{"line":115,"column":3}},"30":{"start":{"line":109,"column":4},"end":{"line":114,"column":6}},"31":{"start":{"line":117,"column":2},"end":{"line":117,"column":48}},"32":{"start":{"line":119,"column":2},"end":{"line":119,"column":17}},"33":{"start":{"line":121,"column":2},"end":{"line":125,"column":5}}},"fnMap":{"0":{"name":"(anonymous_0)","decl":{"start":{"line":12,"column":35},"end":{"line":12,"column":36}},"loc":{"start":{"line":12,"column":61},"end":{"line":17,"column":1}},"line":12},"1":{"name":"(anonymous_1)","decl":{"start":{"line":22,"column":33},"end":{"line":22,"column":34}},"loc":{"start":{"line":22,"column":59},"end":{"line":56,"column":1}},"line":22},"2":{"name":"(anonymous_2)","decl":{"start":{"line":62,"column":34},"end":{"line":62,"column":35}},"loc":{"start":{"line":62,"column":60},"end":{"line":76,"column":1}},"line":62},"3":{"name":"(anonymous_3)","decl":{"start":{"line":81,"column":36},"end":{"line":81,"column":37}},"loc":{"start":{"line":81,"column":62},"end":{"line":98,"column":1}},"line":81},"4":{"name":"(anonymous_4)","decl":{"start":{"line":103,"column":34},"end":{"line":103,"column":35}},"loc":{"start":{"line":103,"column":60},"end":{"line":126,"column":1}},"line":103}},"branchMap":{"0":{"loc":{"start":{"line":13,"column":2},"end":{"line":15,"column":3}},"type":"if","locations":[{"start":{"line":13,"column":2},"end":{"line":15,"column":3}},{"start":{"line":13,"column":2},"end":{"line":15,"column":3}}],"line":13},"1":{"loc":{"start":{"line":51,"column":2},"end":{"line":53,"column":3}},"type":"if","locations":[{"start":{"line":51,"column":2},"end":{"line":53,"column":3}},{"start":{"line":51,"column":2},"end":{"line":53,"column":3}}],"line":51},"2":{"loc":{"start":{"line":51,"column":6},"end":{"line":51,"column":32}},"type":"binary-expr","locations":[{"start":{"line":51,"column":6},"end":{"line":51,"column":11}},{"start":{"line":51,"column":15},"end":{"line":51,"column":32}}],"line":51},"3":{"loc":{"start":{"line":67,"column":2},"end":{"line":73,"column":3}},"type":"if","locations":[{"start":{"line":67,"column":2},"end":{"line":73,"column":3}},{"start":{"line":67,"column":2},"end":{"line":73,"column":3}}],"line":67},"4":{"loc":{"start":{"line":89,"column":2},"end":{"line":95,"column":3}},"type":"if","locations":[{"start":{"line":89,"column":2},"end":{"line":95,"column":3}},{"start":{"line":89,"column":2},"end":{"line":95,"column":3}}],"line":89},"5":{"loc":{"start":{"line":108,"column":2},"end":{"line":115,"column":3}},"type":"if","locations":[{"start":{"line":108,"column":2},"end":{"line":115,"column":3}},{"start":{"line":108,"column":2},"end":{"line":115,"column":3}}],"line":108}},"s":{"0":1,"1":1,"2":1,"3":1,"4":1,"5":1,"6":1,"7":1,"8":3,"9":0,"10":3,"11":1,"12":3,"13":3,"14":0,"15":3,"16":1,"17":1,"18":1,"19":1,"20":0,"21":1,"22":1,"23":3,"24":3,"25":0,"26":3,"27":1,"28":2,"29":2,"30":0,"31":2,"32":2,"33":2},"f":{"0":3,"1":3,"2":1,"3":3,"4":2},"b":{"0":[0,3],"1":[0,3],"2":[3,3],"3":[0,1],"4":[0,3],"5":[0,2]},"_coverageSchema":"1a1c01bbd47fc00a2c39e90264f33305004495a9","hash":"62f37c47db8ecc0a480805917249803eee318859","contentHash":"b0f7b573b528288355a9e4a18c5d16d21217aefbe0c925c1551048f15ab17474"},"/Users/jones/Desktop/Notto_Tech/Bridgecreek_CW/controllers/cartItem_controller.js":{"path":"/Users/jones/Desktop/Notto_Tech/Bridgecreek_CW/controllers/cartItem_controller.js","statementMap":{"0":{"start":{"line":1,"column":17},"end":{"line":1,"column":46}},"1":{"start":{"line":2,"column":14},"end":{"line":2,"column":39}},"2":{"start":{"line":3,"column":17},"end":{"line":3,"column":45}},"3":{"start":{"line":4,"column":22},"end":{"line":4,"column":55}},"4":{"start":{"line":5,"column":21},"end":{"line":5,"column":62}},"5":{"start":{"line":10,"column":0},"end":{"line":15,"column":3}},"6":{"start":{"line":11,"column":2},"end":{"line":13,"column":3}},"7":{"start":{"line":12,"column":4},"end":{"line":12,"column":57}},"8":{"start":{"line":14,"column":2},"end":{"line":14,"column":48}},"9":{"start":{"line":20,"column":0},"end":{"line":31,"column":3}},"10":{"start":{"line":21,"column":19},"end":{"line":24,"column":4}},"11":{"start":{"line":26,"column":2},"end":{"line":28,"column":3}},"12":{"start":{"line":27,"column":4},"end":{"line":27,"column":79}},"13":{"start":{"line":30,"column":2},"end":{"line":30,"column":58}},"14":{"start":{"line":36,"column":0},"end":{"line":67,"column":3}},"15":{"start":{"line":37,"column":2},"end":{"line":37,"column":44}},"16":{"start":{"line":38,"column":2},"end":{"line":38,"column":36}},"17":{"start":{"line":39,"column":2},"end":{"line":39,"column":69}},"18":{"start":{"line":44,"column":2},"end":{"line":51,"column":3}},"19":{"start":{"line":44,"column":15},"end":{"line":44,"column":16}},"20":{"start":{"line":45,"column":4},"end":{"line":50,"column":5}},"21":{"start":{"line":46,"column":6},"end":{"line":46,"column":36}},"22":{"start":{"line":47,"column":6},"end":{"line":47,"column":12}},"23":{"start":{"line":48,"column":11},"end":{"line":50,"column":5}},"24":{"start":{"line":49,"column":6},"end":{"line":49,"column":36}},"25":{"start":{"line":53,"column":2},"end":{"line":58,"column":3}},"26":{"start":{"line":54,"column":15},"end":{"line":54,"column":43}},"27":{"start":{"line":55,"column":4},"end":{"line":55,"column":45}},"28":{"start":{"line":57,"column":4},"end":{"line":57,"column":39}},"29":{"start":{"line":60,"column":19},"end":{"line":60,"column":50}},"30":{"start":{"line":62,"column":2},"end":{"line":64,"column":3}},"31":{"start":{"line":63,"column":4},"end":{"line":63,"column":80}},"32":{"start":{"line":66,"column":2},"end":{"line":66,"column":58}},"33":{"start":{"line":72,"column":0},"end":{"line":89,"column":3}},"34":{"start":{"line":73,"column":19},"end":{"line":77,"column":4}},"35":{"start":{"line":79,"column":2},"end":{"line":86,"column":3}},"36":{"start":{"line":80,"column":4},"end":{"line":85,"column":6}},"37":{"start":{"line":88,"column":2},"end":{"line":88,"column":58}},"38":{"start":{"line":94,"column":0},"end":{"line":110,"column":3}},"39":{"start":{"line":95,"column":19},"end":{"line":98,"column":4}},"40":{"start":{"line":100,"column":2},"end":{"line":107,"column":3}},"41":{"start":{"line":101,"column":4},"end":{"line":106,"column":6}},"42":{"start":{"line":109,"column":2},"end":{"
[...]
ine":35,"column":1}},"line":20},"2":{"name":"(anonymous_2)","decl":{"start":{"line":40,"column":39},"end":{"line":40,"column":40}},"loc":{"start":{"line":40,"column":65},"end":{"line":67,"column":1}},"line":40},"3":{"name":"(anonymous_3)","decl":{"start":{"line":72,"column":39},"end":{"line":72,"column":40}},"loc":{"start":{"line":72,"column":65},"end":{"line":95,"column":1}},"line":72},"4":{"name":"(anonymous_4)","decl":{"start":{"line":100,"column":39},"end":{"line":100,"column":40}},"loc":{"start":{"line":100,"column":65},"end":{"line":119,"column":1}},"line":100}},"branchMap":{"0":{"loc":{"start":{"line":11,"column":2},"end":{"line":13,"column":3}},"type":"if","locations":[{"start":{"line":11,"column":2},"end":{"line":13,"column":3}},{"start":{"line":11,"column":2},"end":{"line":13,"column":3}}],"line":11},"1":{"loc":{"start":{"line":25,"column":2},"end":{"line":32,"column":3}},"type":"if","locations":[{"start":{"line":25,"column":2},"end":{"line":32,"column":3}},{"start":{"line":25,"column":2},"end":{"line":32,"column":3}}],"line":25},"2":{"loc":{"start":{"line":62,"column":2},"end":{"line":64,"column":3}},"type":"if","locations":[{"start":{"line":62,"column":2},"end":{"line":64,"column":3}},{"start":{"line":62,"column":2},"end":{"line":64,"column":3}}],"line":62},"3":{"loc":{"start":{"line":73,"column":2},"end":{"line":75,"column":3}},"type":"if","locations":[{"start":{"line":73,"column":2},"end":{"line":75,"column":3}},{"start":{"line":73,"column":2},"end":{"line":75,"column":3}}],"line":73},"4":{"loc":{"start":{"line":83,"column":2},"end":{"line":90,"column":3}},"type":"if","locations":[{"start":{"line":83,"column":2},"end":{"line":90,"column":3}},{"start":{"line":83,"column":2},"end":{"line":90,"column":3}}],"line":83},"5":{"loc":{"start":{"line":101,"column":2},"end":{"line":103,"column":3}},"type":"if","locations":[{"start":{"line":101,"column":2},"end":{"line":103,"column":3}},{"start":{"line":101,"column":2},"end":{"line":103,"column":3}}],"line":101},"6":{"loc":{"start":{"line":109,"column":2},"end":{"line":116,"column":3}},"type":"if","locations":[{"start":{"line":109,"column":2},"end":{"line":116,"column":3}},{"start":{"line":109,"column":2},"end":{"line":116,"column":3}}],"line":109}},"s":{"0":1,"1":1,"2":1,"3":1,"4":1,"5":1,"6":1,"7":0,"8":1,"9":1,"10":2,"11":2,"12":1,"13":1,"14":1,"15":1,"16":1,"17":1,"18":1,"19":1,"20":1,"21":1,"22":1,"23":0,"24":1,"25":1,"26":2,"27":0,"28":2,"29":2,"30":1,"31":1,"32":1,"33":1,"34":2,"35":0,"36":2,"37":2,"38":1,"39":1},"f":{"0":1,"1":2,"2":1,"3":2,"4":2},"b":{"0":[0,1],"1":[1,1],"2":[0,1],"3":[0,2],"4":[1,1],"5":[0,2],"6":[1,1]},"_coverageSchema":"1a1c01bbd47fc00a2c39e90264f33305004495a9","hash":"8a703a0cdaeaf76b81f3c6b2419ec5560ac42b10","contentHash":"54f5c6d4656e5730329790303fc7edbe833f6c8761578ff2ece3cc89de661d8e"},"/Users/jones/Desktop/Notto_Tech/Bridgecreek_CW/controllers/guest_controller.js":{"path":"/Users/jones/Desktop/Notto_Tech/Bridgecreek_CW/controllers/guest_controller.js","statementMap":{"0":{"start":{"line":1,"column":15},"end":{"line":1,"column":42}},"1":{"start":{"line":2,"column":24},"end":{"line":2,"column":60}},"2":{"start":{"line":3,"column":22},"end":{"line":3,"column":55}},"3":{"start":{"line":4,"column":21},"end":{"line":4,"column":62}},"4":{"start":{"line":5,"column":30},"end":{"line":5,"column":63}},"5":{"start":{"line":10,"column":0},"end":{"line":12,"column":3}},"6":{"start":{"line":11,"column":2},"end":{"line":11,"column":48}},"7":{"start":{"line":17,"column":0},"end":{"line":24,"column":3}},"8":{"start":{"line":18,"column":16},"end":{"line":18,"column":24}},"9":{"start":{"line":20,"column":2},"end":{"line":22,"column":3}},"10":{"start":{"line":21,"column":4},"end":{"line":21,"column":63}},"11":{"start":{"line":23,"column":2},"end":{"line":23,"column":55}},"12":{"start":{"line":29,"column":0},"end":{"line":59,"column":3}},"13":{"start":{"line":30,"column":16},"end":{"line":30,"column":44}},"14":{"start":{"line":31,"column":19},"end":{"line":31,"column":52}},"15":{"start":{"line":32,"column":22},"end":{"line":32,"column":38}},"16":{"start":{"line":34,"column":18},"end":{"line":34,"column":36}},"17":{"start":{"line":35,"column":2},"end":{"line":35,"column":27}},"18":{"start":{"line":36,"column":2},"end":{"line":36,"column":35}},"19":{"start":{"line":38,"column":17},"end":{"line":41,"column":3}},"20":{"start":{"line":43,"column":26},"end":{"line":43,"column":63}},"21":{"start":{"line":44,"column":2},"end":{"line":44,"column":30}},"22":{"start":{"line":45,"column":2},"end":{"line":45,"column":28}},"23":{"start":{"line":46,"column":2},"end":{"line":46,"column":62}},"24":{"start":{"line":47,"column":2},"end":{"line":47,"column":32}},"25":{"start":{"line":49,"column":2},"end":{"line":49,"column":31}},"26":{"start":{"line":51,"column":2},"end":{"line":56,"column":3}},"27":{"start":{"line":52,"column":4},"end":{"line":52,"column":23}},"28":{"start":{"line":54,"column":4},"end":{"line":54,"column":36}},"29":{"start":{"line":55,"column":4},"end":{"line":55,"column":71}},"30":{"start":{"line":58,"column":2},"end":{"line":58,"column":37}},"31":{"start":{"line":64,"column":0},"end":{"line":80,"column":3}},"32":{"start":{"line":65,"column":16},"end":{"line":68,"column":4}},"33":{"start":{"line":70,"column":2},"end":{"line":77,"column":3}},"34":{"start":{"line":71,"column":4},"end":{"line":76,"column":6}},"35":{"start":{"line":79,"column":2},"end":{"line":79,"column":55}},"36":{"start":{"line":85,"column":0},"end":{"line":102,"column":3}},"37":{"start":{"line":86,"column":16},"end":{"line":90,"column":4}},"38":{"start":{"line":92,"column":2},"end":{"line":99,"column":3}},"39":{"start":{"line":93,"column":4},"end":{"line":98,"column":6}},"40":{"start":{"line":101,"column":2},"end":{"line":101,"column":55}}},"fnMap":{"0":{"name":"(anonymous_0)","decl":{"start":{"line":10,"column":35},"end":{"line":10,"column":36}},"loc":{"start":{"line":10,"column":61},"end":{"line":12,"column":1}},"line":10},"1":{"name":"(anonymous_1)","decl":{"start":{"line":17,"column":32},"end":{"line":17,"column":33}},"loc":{"start":{"line":17,"column":58},"end":{"line":24,"column":1}},"line":17},"2":{"name":"(anonymous_2)","decl":{"start":{"line":29,"column":35},"end":{"line":29,"column":36}},"loc":{"start":{"line":29,"column":61},"end":{"line":59,"column":1}},"line":29},"3":{"name":"(anonymous_3)","decl":{"start":{"line":64,"column":35},"end":{"line":64,"column":36}},"loc":{"start":{"line":64,"column":61},"end":{"line":80,"column":1}},"line":64},"4":{"name":"(anonymous_4)","decl":{"start":{"line":85,"column":35},"end":{"line":85,"column":36}},"loc":{"start":{"line":85,"column":61},"end":{"line":102,"column":1}},"line":85}},"branchMap":{"0":{"loc":{"start":{"line":20,"column":2},"end":{"line":22,"column":3}},"type":"if","locations":[{"start":{"line":20,"column":2},"end":{"line":22,"column":3}},{"start":{"line":20,"column":2},"end":{"line":22,"column":3}}],"line":20},"1":{"loc":{"start":{"line":70,"column":2},"end":{"line":77,"column":3}},"type":"if","locations":[{"start":{"line":70,"column":2},"end":{"line":77,"column":3}},{"start":{"line":70,"column":2},"end":{"line":77,"column":3}}],"line":70},"2":{"loc":{"start":{"line":70,"column":6},"end":{"line":70,"column":45}},"type":"binary-expr","locations":[{"start":{"line":70,"column":6},"end":{"line":70,"column":20}},{"start":{"line":70,"column":24},"end":{"line":70,"column":45}}],"line":70},"3":{"loc":{"start":{"line":92,"column":2},"end":{"line":99,"column":3}},"type":"if","locations":[{"start":{"line":92,"column":2},"end":{"line":99,"column":3}},{"start":{"line":92,"column":2},"end":{"line":99,"column":3}}],"line":92}},"s":{"0":1,"1":1,"2":1,"3":1,"4":1,"5":1,"6":1,"7":1,"8":1,"9":1,"10":0,"11":1,"12":1,"13":1,"14":1,"15":1,"16":1,"17":1,"18":1,"19":1,"20":1,"21":1,"22":1,"23":1,"24":1,"25":1,"26":1,"27":1,"28":0,"29":0,"30":1,"31":1,"32":2,"33":2,"34":1,"35":1,"36":1,"37":2,"38":2,"39":1,"40":1},"f":{"0":1,"1":1,"2":1,"3":2,"4":2},"b":{"0":[0,1],"1":[1,1],"2":[2,1],"3":[1,1]},"_coverageSchema":"1a1c01bbd47fc00a2c39e90264f33305004495a9","hash":"1dc90ab8a9407173e61c28e5158a08107ab0745c","contentHash":"fbecd867d89e050641194c414586aa0958c0bc08487691e3a8311d1ee93409bd"},"/Users/jones/Desktop/Notto_Tech/Bridgecreek_CW/controllers/auth_controller.js":{"path":"/Users/jones/Desktop/Notto_Tech/Bridgecreek_CW/controllers/auth_controller.js","statementMap":{"0":{"start":{"line":1,"column":14},"end":{"line":1,"column":39}},"1":{"start":{"line":2,"column":22},"end":{"line":2,"column":55}},"2":{"start":{"line":3,"column":15},"end":{"line":3,"column":32}},"3":{"start":{"line":4,"column":21},"end":{"line":4,"column":62}},"4":{"start":{"line":5,"column":18},"end":{"line":5,"column":47}},"5":{"start":{"line":6,"column":15},"end":{"line":6,"column":40}},"6":{"start":{"line":7,"column":0},"end":{"line":7,"column":47}},"7":{"start":{"line":8,"column":30},"end":{"line":8,"column":63}},"8":{"start":{"line":9,"column":12},"end":{"line":9,"column":35}},"9":{"start":{"line":10,"column":15},"end":{"line":10,"column":34}},"10":{"start":{"line":11,"column":15},"end":{"line":11,"column":35}},"11":{"start":{"line":16,"column":0},"end":{"line":48,"column":3}},"12":{"start":{"line":17,"column":30},"end":{"line":17,"column":38}},"13":{"start":{"line":19,"column":2},"end":{"line":23,"column":3}},"14":{"start":{"line":20,"column":4},"end":{"line":22,"column":6}},"15":{"start":{"line":25,"column":15},"end":{"line":27,"column":4}},"16":{"start":{"line":29,"column":2},"end":{"line":33,"column":3}},"17":{"start":{"line":30,"column":4},"end":{"line":32,"column":6}},"18":{"start":{"line":35,"column":18},"end":{"line":35,"column":52}},"19":{"start":{"line":37,"column":2},"end":{"line":39,"column":3}},"20":{"start":{"line":38,"column":4},"end":{"line":38,"column":63}},"21":{"start":{"line":43,"column":2},"end":{"line":45,"column":3}},"22":{"start":{"line":44,"column":4},"end":{"line":44,"column":62}},"23":{"start":{"line":47,"column":2},"end":{"line":47,"column":41}},"24":{"start":{"line":53,"column":0},"end":{"line":63,"column":3}},"25":{"start":{"line":54,"column":2},"end":{"line":57,"column":5}},"26":{"start":{"line":59,"column":2},"end":{"line":62,"column":5}},"27":{"start":{"line":68,"column":0},"end":{"line":110,"column":3}},"28":{"start":{"line":69,"column":18},"end":{"line":69,"column":26}},"29":{"start":{"line":70,"column":15},"end":{"line":70,"column":63}},"30":{"start":{"line":72,"column":2},"end":{"line":72,"column":79}},"31":{"start":{"line":72,"column":13},"end":{"line":72,"column":79}},"32":{"start":{"line":74,"column":21},"end":{"line":74,"column":49}},"33":{"start":{"line":76,"column":2},"end":{"line":78,"column":3}},"34":{"start":{"line":77,"column":4},"end":{"line":77,"column":38}},"35":{"start":{"line":81,"column":2},"end":{"line":81,"column":42}},"36":{"start":{"line":84,"column":2},"end":{"line":84,"column":39}},"37":{"start":{"line":86,"column":19},"end":{"line":88,"column":45}},"38":{"start":{"line":90,"column":14},"end":{"line":90,"column":149}},"39":{"start":{"line":92,"column":15},"end":{"line":92,"column":44}},"40":{"start":{"line":94,"column":18},"end":{"line":94,"column":34}},"41":{"start":{"line":96,"column":2},"end":{"line":103,"column":3}},"42":{"start":{"line":97,"column":4},"end":{"line":97,"column":47}},"43":{"start":{"line":99,"column":4},"end":{"line":99,"column":72}},"44":{"start":{"line":100,"column":4},"end":{"line":100,"column":41}},"45":{"start":{"line":102,"column":4},"end":{"line":102,"column":67}},"46":{"start":{"line":104,"column":2},"end":{"line":109,"column":5}},"47":{"start":{"line":115,"column":0},"end":{"line":142,"column":3}},"48":{"start":{"line":117,"column":29},"end":{"line":120,"column":18}},"49":{"start":{"line":122,"column":15},"end":{"line":129,"column":4}},"50":{"start":{"line":131,"column":2},"end":{"line":133,"column":3}},"51":{"start":{"line":132,"column":4},"end":{"line":132,"column":57}},"52":{"start":{"line":136,"column":2},"end":{"line":136,"column":36}},"53":{"start":{"line":137,"column":2},"end":{"line":137,"column":33}},"54":{"start":{"line":138,"column":2},"end":{"line":138,"column":34}},"55":{"start":{"line":139,"column":2},"end":{"line":139,"column":38}},"56":{"start":{"line":141,"column":2},"end":{"line":141,"column":36}},"57":{"start":{"line":147,"column":0},"end":{"line":195,"column":3}},"58":{"start":{"line":149,"column":29},"end":{"line":152,"column":18}},"59":{"start":{"line":154,"column":13},"end":{"line":158,"column":4}},"60":{"start":{"line":160,"column":2},"end":{"line":162,"column":3}},"61":{"start":{"line":161,"column":4},"end":{"line":161,"column":57}},"62":{"start":{"line":164,"column":2},"end":{"line":187,"column":3}},"63":{"start":{"line":168,"column":25},"end":{"line":168,"column":58}},"64":{"start":{"line":170,"column":42},"end":{"line":170,"column":54}},"65":{"start":{"line":172,"column":4},"end":{"line":179,"column":5}},"66":{"start":{"line":173,"column":6},"end":{"line":173,"column":49}},"67":{"start":{"line":175,"column":6},"end":{"line":175,"column":74}},"68":{"start":{"line":176,"column":6},"end":{"line":176,"column":43}},"69":{"start":{"line":178,"column":6},"end":{"line":178,"column":69}},"70":{"start":{"line":182,"column":6},"end":{"line":182,"column":126}},"71":{"start":{"line":184,"column":4},"end":{"line":184,"column":40}},"72":{"start":{"line":186,"column":4},"end":{"line":186,"column":54}},"73":{"start":{"line":189,"column":2},"end":{"line":189,"column":31}},"74":{"start":{"line":190,"column":2},"end":{"line":190,"column":33}},"75":{"start":{"line":191,"column":2},"end":{"line":191,"column":34}},"76":{"start":{"line":192,"column":2},"end":{"line":192,"column":38}},"77":{"start":{"line":194,"column":2},"end":{"line":194,"column":36}},"78":{"start":{"line":200,"column":0},"end":{"line":222,"column":3}},"79":{"start":{"line":201,"column":15},"end":{"line":203,"column":4}},"80":{"start":{"line":205,"column":2},"end":{"line":207,"column":3}},"81":{"start":{"line":206,"column":4},"end":{"line":206,"column":64}},"82":{"start":{"line":209,"column":2},"end":{"line":211,"column":3}},"83":{"start":{"line":210,"column":4},"end":{"line":210,"column":76}},"84":{"start":{"line":214,"column":2},"end":{"line":216,"column":3}},"85":{"start":{"line":215,"column":4},"end":{"line":215,"column":65}},"86":{"start":{"line":218,"column":2},"end":{"line":218,"column":39}},"87":{"start":{"line":219,"column":2},"end":{"line":219,"column":20}},"88":{"start":{"line":221,"column":2},"end":{"line":221,"column":36}}},"fnMap":{"0":{"name":"(anonymous_0)","decl":{"start":{"line":16,"column":29},"end":{"line":16,"column":30}},"loc":{"start":{"line":16,"column":55},"end":{"line":48,"column":1}},"line":16},"1":{"name":"(anonymous_1)","decl":{"start":{"line":53,"column":30},"end":{"line":53,"column":31}},"loc":{"start":{"line":53,"column":56},"end":{"line":63,"column":1}},"line":53},"2":{"name":"(anonymous_2)","decl":{"start":{"line":68,"column":38},"end":{"line":68,"column":39}},"loc":{"start":{"line":68,"column":64},"end":{"line":110,"column":1}},"line":68},"3":{"name":"(anonymous_3)","decl":{"start":{"line":115,"column":37},"end":{"line":115,"column":38}},"loc":{"start":{"line":115,"column":63},"end":{"line":142,"column":1}},"line":115},"4":{"name":"(anonymous_4)","decl":{"start":{"line":147,"column":39},"end":{"line":147,"column":40}},"loc":{"start":{"line":147,"column":65},"end":{"line":195,"column":1}},"line":147},"5":{"name":"(anonymous_5)","decl":{"start":{"line":200,"column":38},"end":{"line":200,"column":39}},"loc":{"start":{"line":200,"column":64},"end":{"line":222,"column":1}},"line":200}},"branchMap":{"0":{"loc":{"start":{"line":19,"column":2},"end":{"line":23,"column":3}},"type":"if","locations":[{"start":{"line":19,"column":2},"end":{"line":23,"column":3}},{"start":{"line":19,"column":2},"end":{"line":23,"column":3}}],"line":19},"1":{"loc":{"start":{"line":19,"column":6},"end":{"line":19,"column":25}},"type":"binary-expr","locations":[{"start":{"line":19,"column":6},"end":{"line":19,"column":12}},{"start":{"line":19,"column":16},"end":{"line":19,"column":25}}],"line":19},"2":{"loc":{"start":{"line":29,"column":2},"end":{"line":33,"column":3}},"type":"if","locations":[{"start":{"line":29,"column":2},"end":{"line":33,"column":3}},{"start":{"line":29,"column":2},"end":{"line":33,"column":3}}],"line":29},"3":{"loc":{"start":{"line":37,"column":2},"end":{"line":39,"column":3}},"type":"if","locations":[{"start":{"line":37,"column":2},"end":{"line":39,"column":3}},{"start":{"line":37,"column":2},"end":{"line":39,"column":3}}],"line":37},"4":{"loc":{"start":{"line":43,"column":2},"end":{"line":45,"column":3}},"type":"if","locations":[{"start":{"line":43,"column":2},"end":{"line":45,"column":3}},{"start":{"line":43,"column":2},"end":{"line":45,"column":3}}],"line":43},"5":{"loc":{"start":{"line":72,"column":2},"end":{"line":72,"column":79}},"type":"if","locations":[{"start":{"line":72,"column":2},"end":{"line":72,"column":79}},{"start":{"line":72,"column":2},"end":{"line":72,"column":79}}],"line":72},"6":{"loc":{"start":{"line":76,"column":2},"end":{"line":78,"column":3}},"type":"if","locations":[{"start":{"line":76,"column":2},"end":{"line":78,"column":3}},{"start":{"line":76,"column":2},"end":{"line":78,"column":3}}],"line":76},"7":{"loc":{"start":{"line":131,"column":2},"end":{"line":133,"column":3}},"type":"if","locations":[{"start":{"line":131,"column":2},"end":{"line":133,"column":3}},{"start":{"line":131,"column":2},"end":{"line":133,"column":3}}],"line":131},"8":{"loc":{"start":{"line":160,"column":2},"end":{"line":162,"column":3}},"type":"if","locations":[{"start":{"line":160,"column":2},"end":{"line":162,"column":3}},{"start":{"line":160,"column":2},"end":{"line":162,"column":3}}],"line":160},"9":{"loc":{"start":{"line":164,"column":2},"end":{"line":187,"column":3}},"type":"if","locations":[{"start":{"line":164,"column":2},"end":{"line":187,"column":3}},{"start":{"line":164,"column":2},"end":{"line":187,"column":3}}],"line":164},"10":{"loc":{"start":{"line":165,"column":4},"end":{"line":166,"column":41}},"type":"binary-expr","locations":[{"start":{"line":165,"column":4},"end":{"line":165,"column":35}},{"start":{"line":166,"column":4},"end":{"line":166,"column":41}}],"line":165},"11":{"loc":{"start":{"line":205,"column":2},"end":{"line":207,"column":3}},"type":"if","locations":[{"start":{"line":205,"column":2},"end":{"line":207,"column":3}},{"start":{"line":205,"column":2},"end":{"line":207,"column":3}}],"line":205},"12":{"loc":{"start":{"line":209,"column":2},"end":{"line":211,"column":3}},"type":"if","locations":[{"start":{"line":209,"column":2},"end":{"line":211,"column":3}},{"start":{"line":209,"column":2},"end":{"line":211,"column":3}}],"line":209},"13":{"loc":{"start":{"line":214,"column":2},"end":{"line":216,"column":3}},"type":"if","locations":[{"start":{"line":214,"column":2},"end":{"line":216,"column":3}},{"start":{"line":214,"column":2},"end":{"line":216,"column":3}}],"line":214}},"s":{"0":1,"1":1,"2":1,"3":1,"4":1,"5":1,"6":1,"7":1,"8":1,"9":1,"10":1,"11":1,"12":18,"13":18,"14":1,"15":17,"16":17,"17":1,"18":16,"19":16,"20":1,"21":15,"22":1,"23":15,"24":1,"25":1,"26":1,"27":1,"28":1,"29":1,"30":1,"31":0,"32":1,"33":1,"34":1,"35":1,"36":1,"37":1,"38":1,"39":1,"40":1,"41":1,"42":1,"43":0,"44":0,"45":0,"46":1,"47":1,"48":2,"49":2,"50":2,"51":1,"52":1,"53":1,"54":1,"55":1,"56":1,"57":1,"58":2,"59":2,"60":2,"61":1,"62":1,"63":0,"64":0,"65":0,"66":0,"67":0,"68":0,"69":0,"70":0,"71":0,"72":0,"73":1,"74":1,"75":1,"76":1,"77":1,"78":1,"79":3,"80":3,"81":1,"82":2,"83":0,"84":2,"85":1,"86":1,"87":1,"88":1},"f":{"0":18,"1":1,"2":1,"3":2,"4":2,"5":3},"b":{"0":[1,17],"1":[18,17],"2":[1,16],"3":[1,15],"4":[1,14],"5":[0,1],"6":[1,0],"7":[1,1],"8":[1,1],"9":[0,1],"10":[1,1],"11":[1,2],"12":[0,2],"13":[1,1]},"_coverageSchema":"1a1c01bbd47fc00a2c39e90264f33305004495a9","hash":"3cc52cab525985999c4e4153118a7f921b55ad7a","contentHash":"2e085f2edf3c7403058816794388449c115fbcb8b50d35b4cd3f09bc5de60d12"}}